#
# A fatal error has been detected by the Java Runtime Environment:
#
#  EXCEPTION_ACCESS_VIOLATION (0xc0000005) at pc=0x0000000180005156, pid=6892, tid=13328
#
# JRE version: Java(TM) SE Runtime Environment (10.0.1+10) (build 10.0.1+10)
# Java VM: Java HotSpot(TM) 64-Bit Server VM (10.0.1+10, mixed mode, tiered, compressed oops, g1 gc, windows-amd64)
# Problematic frame:
# C  [rxtxSerial.dll+0x5156]
#
# No core dump will be written. Minidumps are not enabled by default on client versions of Windows
#
# If you would like to submit a bug report, please visit:
#   http://bugreport.java.com/bugreport/crash.jsp
# The crash happened outside the Java Virtual Machine in native code.
# See problematic frame for where to report the bug.
#

---------------  S U M M A R Y ------------

Command Line: -javaagent:C:\Users\Retizex\AppData\Roaming\JetBrains\IntelliJ IDEA 2018.1.1\lib\idea_rt.jar=62604:C:\Users\Retizex\AppData\Roaming\JetBrains\IntelliJ IDEA 2018.1.1\bin -Dfile.encoding=UTF-8 Terminal

Host: Intel(R) Core(TM) i7-7500U CPU @ 2.70GHz, 4 cores, 7G,  Windows 10 , 64 bit Build 16299 (10.0.16299.15)
Time: Tue May 08 17:51:46 2018 Central Daylight Time elapsed time: 1 seconds (0d 0h 0m 1s)

---------------  T H R E A D  ---------------

Current thread (0x000001b1ffcb8000):  JavaThread "Thread-1" [_thread_in_native, id=13328, stack(0x00000089fd900000,0x00000089fda00000)]

Stack: [0x00000089fd900000,0x00000089fda00000],  sp=0x00000089fd9feeb0,  free space=1019k
Native frames: (J=compiled Java code, j=interpreted, Vv=VM code, C=native code)
C  [rxtxSerial.dll+0x5156]

Java frames: (J=compiled Java code, j=interpreted, Vv=VM code)
j  gnu.io.RXTXPort.readByte()I+0
j  gnu.io.RXTXPort$SerialInputStream.read()I+81
j  com.digi.xbee.api.connection.DataReader.run()V+148
v  ~StubRoutines::call_stub

siginfo: EXCEPTION_ACCESS_VIOLATION (0xc0000005), reading address 0xfffffffffd8feaf8


Register to memory mapping:

RIP=0x0000000180005156 rxtxSerial.dll
RAX=
[error occurred during error reporting (printing register info), id 0xc0000005]

Registers:
RAX=0x00000000fd8feaf0, RBX=0x0000000000000001, RCX=0x000000018001d4d5, RDX=0xfffffffffffff665
RSP=0x00000089fd9feeb0, RBP=0x000001b1ffcb8270, RSI=0x0000000000000000, RDI=0x0000000000000000
R8 =0x0000000000000002, R9 =0xfffffffffffff63c, R10=0x000000000000001c, R11=0x8101010101010100
R12=0xfffffffffd8feaf0, R13=0x000001b19b4bfe48, R14=0x00000089fd9ff008, R15=0x000000000000000a
RIP=0x0000000180005156, EFLAGS=0x0000000000010206

Top of Stack: (sp=0x00000089fd9feeb0)
0x00000089fd9feeb0:   00000089fd9ff008 000001b1ffcb8270
0x00000089fd9feec0:   0000000000000000 0000000000000000
0x00000089fd9feed0:   00000000ffcab690 000001b100000001
0x00000089fd9feee0:   000001b19b4bfe50 000001b1ffcab690
0x00000089fd9feef0:   00000089fd9ff3d8 00000000666f4553
0x00000089fd9fef00:   000001b1ffcb8000 00000000665048b7
0x00000089fd9fef10:   000001b1ffcb8000 000001b1ffcb8000
0x00000089fd9fef20:   0000e618f7219a45 000001b1ffcb8000
0x00000089fd9fef30:   000001b1ffcb8000 00000089fd9ff008
0x00000089fd9fef40:   000001b19b4bfe48 0000000000000000
0x00000089fd9fef50:   000001b1876da103 00000000000176a0
0x00000089fd9fef60:   00000089fd9fefe8 000001b1876df317
0x00000089fd9fef70:   000001b19b4bfe50 00000089fd9fefe8
0x00000089fd9fef80:   000001b19b4bfe50 0000000000000000
0x00000089fd9fef90:   000001b1876da103 000001b1876defb6
0x00000089fd9fefa0:   00000089fd9fefa0 000001b19b4bfe48 

Instructions: (pc=0x0000000180005156)
0x0000000180005136:   8d 05 d4 79 01 00 48 8b d3 48 8b cd 44 8b f8 89
0x0000000180005146:   7c 24 24 8b f7 e8 c0 e6 ff ff 8d 5f 01 4c 63 e0
0x0000000180005156:   45 8b 74 24 08 41 89 7c 24 08 45 85 ff 78 0b ff
0x0000000180005166:   15 95 1e 01 00 89 44 24 24 90 8b ce ff c6 83 f9 



---------------  P R O C E S S  ---------------

Threads class SMR info:
_java_thread_list=0x000001b1ffac0e20, length=17, elements={
0x000001b1f98b0800, 0x000001b1fe931000, 0x000001b1fe93a000, 0x000001b1fe946800,
0x000001b1fe94e800, 0x000001b1fe94f800, 0x000001b1fe95b800, 0x000001b1ff271000,
0x000001b1fe96c800, 0x000001b1ff604000, 0x000001b1ff58d800, 0x000001b1ff5df800,
0x000001b1ff806000, 0x000001b1ff832800, 0x000001b1ff7c6800, 0x000001b1ffac0000,
0x000001b1ffcb8000
}

Java Threads: ( => current thread )
  0x000001b1f98b0800 JavaThread "main" [_thread_in_native, id=14592, stack(0x00000089fba00000,0x00000089fbb00000)]
  0x000001b1fe931000 JavaThread "Reference Handler" daemon [_thread_blocked, id=16308, stack(0x00000089fc700000,0x00000089fc800000)]
  0x000001b1fe93a000 JavaThread "Finalizer" daemon [_thread_blocked, id=16284, stack(0x00000089fc800000,0x00000089fc900000)]
  0x000001b1fe946800 JavaThread "Signal Dispatcher" daemon [_thread_blocked, id=13544, stack(0x00000089fca00000,0x00000089fcb00000)]
  0x000001b1fe94e800 JavaThread "Attach Listener" daemon [_thread_blocked, id=16060, stack(0x00000089fcb00000,0x00000089fcc00000)]
  0x000001b1fe94f800 JavaThread "C2 CompilerThread0" daemon [_thread_blocked, id=9580, stack(0x00000089fcc00000,0x00000089fcd00000)]
  0x000001b1fe95b800 JavaThread "C2 CompilerThread1" daemon [_thread_blocked, id=444, stack(0x00000089fcd00000,0x00000089fce00000)]
  0x000001b1ff271000 JavaThread "C1 CompilerThread2" daemon [_thread_blocked, id=5244, stack(0x00000089fce00000,0x00000089fcf00000)]
  0x000001b1fe96c800 JavaThread "Sweeper thread" daemon [_thread_blocked, id=5688, stack(0x00000089fcf00000,0x00000089fd000000)]
  0x000001b1ff604000 JavaThread "Common-Cleaner" daemon [_thread_blocked, id=12300, stack(0x00000089fd000000,0x00000089fd100000)]
  0x000001b1ff58d800 JavaThread "Monitor Ctrl-Break" daemon [_thread_in_native, id=3408, stack(0x00000089fd100000,0x00000089fd200000)]
  0x000001b1ff5df800 JavaThread "Service Thread" daemon [_thread_blocked, id=7996, stack(0x00000089fd200000,0x00000089fd300000)]
  0x000001b1ff806000 JavaThread "Java2D Disposer" daemon [_thread_blocked, id=13412, stack(0x00000089fd500000,0x00000089fd600000)]
  0x000001b1ff832800 JavaThread "AWT-Shutdown" [_thread_blocked, id=9516, stack(0x00000089fd600000,0x00000089fd700000)]
  0x000001b1ff7c6800 JavaThread "AWT-Windows" daemon [_thread_in_native, id=5228, stack(0x00000089fd700000,0x00000089fd800000)]
  0x000001b1ffac0000 JavaThread "Thread-0" [_thread_blocked, id=5476, stack(0x00000089fd800000,0x00000089fd900000)]
=>0x000001b1ffcb8000 JavaThread "Thread-1" [_thread_in_native, id=13328, stack(0x00000089fd900000,0x00000089fda00000)]

Other Threads:
  0x000001b1fe901800 VMThread "VM Thread" [stack: 0x00000089fc600000,0x00000089fc700000] [id=14016]
  0x000001b1ff635000 WatcherThread [stack: 0x00000089fd300000,0x00000089fd400000] [id=14948]
  0x000001b1f98c9800 GCTaskThread "GC Thread#0" [stack: 0x00000089fbb00000,0x00000089fbc00000] [id=6888]
  0x000001b1f98cb000 GCTaskThread "GC Thread#1" [stack: 0x00000089fbc00000,0x00000089fbd00000] [id=16340]
  0x000001b1f98cd000 GCTaskThread "GC Thread#2" [stack: 0x00000089fbd00000,0x00000089fbe00000] [id=11676]
  0x000001b1f98d0000 GCTaskThread "GC Thread#3" [stack: 0x00000089fbe00000,0x00000089fbf00000] [id=5284]
  0x000001b1f9945800 ConcurrentGCThread "G1 Main Marker" [stack: 0x00000089fbf00000,0x00000089fc000000] [id=5484]
  0x000001b1f9947800 ConcurrentGCThread "G1 Conc#0" [stack: 0x00000089fc000000,0x00000089fc100000] [id=12664]
  0x000001b1fe7af800 ConcurrentGCThread "G1 Refine#0" [stack: 0x00000089fc100000,0x00000089fc200000] [id=10464]
  0x000001b1fe7b0000 ConcurrentGCThread "G1 Refine#1" [stack: 0x00000089fc200000,0x00000089fc300000] [id=9328]
  0x000001b1fe7b1000 ConcurrentGCThread "G1 Refine#2" [stack: 0x00000089fc300000,0x00000089fc400000] [id=2528]
  0x000001b1fe7b4000 ConcurrentGCThread "G1 Refine#3" [stack: 0x00000089fc400000,0x00000089fc500000] [id=14824]
  0x000001b1fe7b5000 ConcurrentGCThread "G1 Young RemSet Sampling" [stack: 0x00000089fc500000,0x00000089fc600000] [id=11656]

Threads with active compile tasks:

VM state:not at safepoint (normal execution)

VM Mutex/Monitor currently owned by a thread: None

Heap address: 0x0000000082400000, size: 2012 MB, Compressed Oops mode: 32-bit
Narrow klass base: 0x0000000000000000, Narrow klass shift: 3
Compressed class space size: 1073741824 Address: 0x0000000100000000

Heap:
 garbage-first heap   total 129024K, used 11484K [0x0000000082400000, 0x0000000100000000)
  region size 1024K, 10 young (10240K), 2 survivors (2048K)
 Metaspace       used 14614K, capacity 14888K, committed 15232K, reserved 1062912K
  class space    used 1724K, capacity 1876K, committed 1920K, reserved 1048576K
Heap Regions: E=young(eden), S=young(survivor), O=old, HS=humongous(starts), HC=humongous(continues), CS=collection set, F=free, A=archive, TS=gc time stamp, AC=allocation context, TAMS=top-at-mark-start (previous, next)
|   0|0x0000000082400000, 0x0000000082500000, 0x0000000082500000|100%|HS|  |TS  0|AC  0|TAMS 0x0000000082400000, 0x0000000082400000|
|   1|0x0000000082500000, 0x0000000082600000, 0x0000000082600000|100%| O|  |TS  1|AC  0|TAMS 0x0000000082500000, 0x0000000082500000|
|   2|0x0000000082600000, 0x0000000082637200, 0x0000000082700000| 21%| O|  |TS  1|AC  0|TAMS 0x0000000082600000, 0x0000000082600000|
|   3|0x0000000082700000, 0x0000000082700000, 0x0000000082800000|  0%| F|  |TS  0|AC  0|TAMS 0x0000000082700000, 0x0000000082700000|
|   4|0x0000000082800000, 0x0000000082800000, 0x0000000082900000|  0%| F|  |TS  0|AC  0|TAMS 0x0000000082800000, 0x0000000082800000|
|   5|0x0000000082900000, 0x0000000082900000, 0x0000000082a00000|  0%| F|  |TS  0|AC  0|TAMS 0x0000000082900000, 0x0000000082900000|
|   6|0x0000000082a00000, 0x0000000082a00000, 0x0000000082b00000|  0%| F|  |TS  0|AC  0|TAMS 0x0000000082a00000, 0x0000000082a00000|
|   7|0x0000000082b00000, 0x0000000082b00000, 0x0000000082c00000|  0%| F|  |TS  0|AC  0|TAMS 0x0000000082b00000, 0x0000000082b00000|
|   8|0x0000000082c00000, 0x0000000082c00000, 0x0000000082d00000|  0%| F|  |TS  0|AC  0|TAMS 0x0000000082c00000, 0x0000000082c00000|
|   9|0x0000000082d00000, 0x0000000082d00000, 0x0000000082e00000|  0%| F|  |TS  0|AC  0|TAMS 0x0000000082d00000, 0x0000000082d00000|
|  10|0x0000000082e00000, 0x0000000082e00000, 0x0000000082f00000|  0%| F|  |TS  0|AC  0|TAMS 0x0000000082e00000, 0x0000000082e00000|
|  11|0x0000000082f00000, 0x0000000082f00000, 0x0000000083000000|  0%| F|  |TS  0|AC  0|TAMS 0x0000000082f00000, 0x0000000082f00000|
|  12|0x0000000083000000, 0x0000000083000000, 0x0000000083100000|  0%| F|  |TS  0|AC  0|TAMS 0x0000000083000000, 0x0000000083000000|
|  13|0x0000000083100000, 0x0000000083100000, 0x0000000083200000|  0%| F|  |TS  0|AC  0|TAMS 0x0000000083100000, 0x0000000083100000|
|  14|0x0000000083200000, 0x0000000083200000, 0x0000000083300000|  0%| F|  |TS  0|AC  0|TAMS 0x0000000083200000, 0x0000000083200000|
|  15|0x0000000083300000, 0x0000000083300000, 0x0000000083400000|  0%| F|  |TS  0|AC  0|TAMS 0x0000000083300000, 0x0000000083300000|
|  16|0x0000000083400000, 0x0000000083400000, 0x0000000083500000|  0%| F|  |TS  0|AC  0|TAMS 0x0000000083400000, 0x0000000083400000|
|  17|0x0000000083500000, 0x0000000083500000, 0x0000000083600000|  0%| F|  |TS  0|AC  0|TAMS 0x0000000083500000, 0x0000000083500000|
|  18|0x0000000083600000, 0x0000000083600000, 0x0000000083700000|  0%| F|  |TS  0|AC  0|TAMS 0x0000000083600000, 0x0000000083600000|
|  19|0x0000000083700000, 0x0000000083700000, 0x0000000083800000|  0%| F|  |TS  0|AC  0|TAMS 0x0000000083700000, 0x0000000083700000|
|  20|0x0000000083800000, 0x0000000083800000, 0x0000000083900000|  0%| F|  |TS  0|AC  0|TAMS 0x0000000083800000, 0x0000000083800000|
|  21|0x0000000083900000, 0x0000000083900000, 0x0000000083a00000|  0%| F|  |TS  0|AC  0|TAMS 0x0000000083900000, 0x0000000083900000|
|  22|0x0000000083a00000, 0x0000000083a00000, 0x0000000083b00000|  0%| F|  |TS  0|AC  0|TAMS 0x0000000083a00000, 0x0000000083a00000|
|  23|0x0000000083b00000, 0x0000000083b00000, 0x0000000083c00000|  0%| F|  |TS  0|AC  0|TAMS 0x0000000083b00000, 0x0000000083b00000|
|  24|0x0000000083c00000, 0x0000000083c00000, 0x0000000083d00000|  0%| F|  |TS  0|AC  0|TAMS 0x0000000083c00000, 0x0000000083c00000|
|  25|0x0000000083d00000, 0x0000000083d00000, 0x0000000083e00000|  0%| F|  |TS  0|AC  0|TAMS 0x0000000083d00000, 0x0000000083d00000|
|  26|0x0000000083e00000, 0x0000000083e00000, 0x0000000083f00000|  0%| F|  |TS  0|AC  0|TAMS 0x0000000083e00000, 0x0000000083e00000|
|  27|0x0000000083f00000, 0x0000000083f00000, 0x0000000084000000|  0%| F|  |TS  0|AC  0|TAMS 0x0000000083f00000, 0x0000000083f00000|
|  28|0x0000000084000000, 0x0000000084000000, 0x0000000084100000|  0%| F|  |TS  0|AC  0|TAMS 0x0000000084000000, 0x0000000084000000|
|  29|0x0000000084100000, 0x0000000084100000, 0x0000000084200000|  0%| F|  |TS  0|AC  0|TAMS 0x0000000084100000, 0x0000000084100000|
|  30|0x0000000084200000, 0x0000000084200000, 0x0000000084300000|  0%| F|  |TS  0|AC  0|TAMS 0x0000000084200000, 0x0000000084200000|
|  31|0x0000000084300000, 0x0000000084300000, 0x0000000084400000|  0%| F|  |TS  0|AC  0|TAMS 0x0000000084300000, 0x0000000084300000|
|  32|0x0000000084400000, 0x0000000084400000, 0x0000000084500000|  0%| F|  |TS  0|AC  0|TAMS 0x0000000084400000, 0x0000000084400000|
|  33|0x0000000084500000, 0x0000000084500000, 0x0000000084600000|  0%| F|  |TS  0|AC  0|TAMS 0x0000000084500000, 0x0000000084500000|
|  34|0x0000000084600000, 0x0000000084600000, 0x0000000084700000|  0%| F|  |TS  0|AC  0|TAMS 0x0000000084600000, 0x0000000084600000|
|  35|0x0000000084700000, 0x0000000084700000, 0x0000000084800000|  0%| F|  |TS  0|AC  0|TAMS 0x0000000084700000, 0x0000000084700000|
|  36|0x0000000084800000, 0x0000000084800000, 0x0000000084900000|  0%| F|  |TS  0|AC  0|TAMS 0x0000000084800000, 0x0000000084800000|
|  37|0x0000000084900000, 0x0000000084900000, 0x0000000084a00000|  0%| F|  |TS  0|AC  0|TAMS 0x0000000084900000, 0x0000000084900000|
|  38|0x0000000084a00000, 0x0000000084a00000, 0x0000000084b00000|  0%| F|  |TS  0|AC  0|TAMS 0x0000000084a00000, 0x0000000084a00000|
|  39|0x0000000084b00000, 0x0000000084b00000, 0x0000000084c00000|  0%| F|  |TS  0|AC  0|TAMS 0x0000000084b00000, 0x0000000084b00000|
|  40|0x0000000084c00000, 0x0000000084c00000, 0x0000000084d00000|  0%| F|  |TS  0|AC  0|TAMS 0x0000000084c00000, 0x0000000084c00000|
|  41|0x0000000084d00000, 0x0000000084d00000, 0x0000000084e00000|  0%| F|  |TS  0|AC  0|TAMS 0x0000000084d00000, 0x0000000084d00000|
|  42|0x0000000084e00000, 0x0000000084e00000, 0x0000000084f00000|  0%| F|  |TS  0|AC  0|TAMS 0x0000000084e00000, 0x0000000084e00000|
|  43|0x0000000084f00000, 0x0000000084f00000, 0x0000000085000000|  0%| F|  |TS  0|AC  0|TAMS 0x0000000084f00000, 0x0000000084f00000|
|  44|0x0000000085000000, 0x0000000085000000, 0x0000000085100000|  0%| F|  |TS  0|AC  0|TAMS 0x0000000085000000, 0x0000000085000000|
|  45|0x0000000085100000, 0x0000000085100000, 0x0000000085200000|  0%| F|  |TS  0|AC  0|TAMS 0x0000000085100000, 0x0000000085100000|
|  46|0x0000000085200000, 0x0000000085200000, 0x0000000085300000|  0%| F|  |TS  0|AC  0|TAMS 0x0000000085200000, 0x0000000085200000|
|  47|0x0000000085300000, 0x0000000085300000, 0x0000000085400000|  0%| F|  |TS  0|AC  0|TAMS 0x0000000085300000, 0x0000000085300000|
|  48|0x0000000085400000, 0x0000000085400000, 0x0000000085500000|  0%| F|  |TS  0|AC  0|TAMS 0x0000000085400000, 0x0000000085400000|
|  49|0x0000000085500000, 0x0000000085500000, 0x0000000085600000|  0%| F|  |TS  0|AC  0|TAMS 0x0000000085500000, 0x0000000085500000|
|  50|0x0000000085600000, 0x0000000085600000, 0x0000000085700000|  0%| F|  |TS  0|AC  0|TAMS 0x0000000085600000, 0x0000000085600000|
|  51|0x0000000085700000, 0x0000000085700000, 0x0000000085800000|  0%| F|  |TS  0|AC  0|TAMS 0x0000000085700000, 0x0000000085700000|
|  52|0x0000000085800000, 0x0000000085800000, 0x0000000085900000|  0%| F|  |TS  0|AC  0|TAMS 0x0000000085800000, 0x0000000085800000|
|  53|0x0000000085900000, 0x0000000085900000, 0x0000000085a00000|  0%| F|  |TS  0|AC  0|TAMS 0x0000000085900000, 0x0000000085900000|
|  54|0x0000000085a00000, 0x0000000085a00000, 0x0000000085b00000|  0%| F|  |TS  0|AC  0|TAMS 0x0000000085a00000, 0x0000000085a00000|
|  55|0x0000000085b00000, 0x0000000085b00000, 0x0000000085c00000|  0%| F|  |TS  0|AC  0|TAMS 0x0000000085b00000, 0x0000000085b00000|
|  56|0x0000000085c00000, 0x0000000085c00000, 0x0000000085d00000|  0%| F|  |TS  0|AC  0|TAMS 0x0000000085c00000, 0x0000000085c00000|
|  57|0x0000000085d00000, 0x0000000085d00000, 0x0000000085e00000|  0%| F|  |TS  0|AC  0|TAMS 0x0000000085d00000, 0x0000000085d00000|
|  58|0x0000000085e00000, 0x0000000085e00000, 0x0000000085f00000|  0%| F|  |TS  0|AC  0|TAMS 0x0000000085e00000, 0x0000000085e00000|
|  59|0x0000000085f00000, 0x0000000085f00000, 0x0000000086000000|  0%| F|  |TS  0|AC  0|TAMS 0x0000000085f00000, 0x0000000085f00000|
|  60|0x0000000086000000, 0x0000000086000000, 0x0000000086100000|  0%| F|  |TS  0|AC  0|TAMS 0x0000000086000000, 0x0000000086000000|
|  61|0x0000000086100000, 0x0000000086100000, 0x0000000086200000|  0%| F|  |TS  0|AC  0|TAMS 0x0000000086100000, 0x0000000086100000|
|  62|0x0000000086200000, 0x0000000086200000, 0x0000000086300000|  0%| F|  |TS  0|AC  0|TAMS 0x0000000086200000, 0x0000000086200000|
|  63|0x0000000086300000, 0x0000000086300000, 0x0000000086400000|  0%| F|  |TS  0|AC  0|TAMS 0x0000000086300000, 0x0000000086300000|
|  64|0x0000000086400000, 0x0000000086400000, 0x0000000086500000|  0%| F|  |TS  0|AC  0|TAMS 0x0000000086400000, 0x0000000086400000|
|  65|0x0000000086500000, 0x0000000086500000, 0x0000000086600000|  0%| F|  |TS  0|AC  0|TAMS 0x0000000086500000, 0x0000000086500000|
|  66|0x0000000086600000, 0x0000000086600000, 0x0000000086700000|  0%| F|  |TS  0|AC  0|TAMS 0x0000000086600000, 0x0000000086600000|
|  67|0x0000000086700000, 0x0000000086700000, 0x0000000086800000|  0%| F|  |TS  0|AC  0|TAMS 0x0000000086700000, 0x0000000086700000|
|  68|0x0000000086800000, 0x0000000086800000, 0x0000000086900000|  0%| F|  |TS  0|AC  0|TAMS 0x0000000086800000, 0x0000000086800000|
|  69|0x0000000086900000, 0x0000000086900000, 0x0000000086a00000|  0%| F|  |TS  0|AC  0|TAMS 0x0000000086900000, 0x0000000086900000|
|  70|0x0000000086a00000, 0x0000000086a00000, 0x0000000086b00000|  0%| F|  |TS  0|AC  0|TAMS 0x0000000086a00000, 0x0000000086a00000|
|  71|0x0000000086b00000, 0x0000000086b00000, 0x0000000086c00000|  0%| F|  |TS  0|AC  0|TAMS 0x0000000086b00000, 0x0000000086b00000|
|  72|0x0000000086c00000, 0x0000000086c00000, 0x0000000086d00000|  0%| F|  |TS  0|AC  0|TAMS 0x0000000086c00000, 0x0000000086c00000|
|  73|0x0000000086d00000, 0x0000000086d00000, 0x0000000086e00000|  0%| F|  |TS  0|AC  0|TAMS 0x0000000086d00000, 0x0000000086d00000|
|  74|0x0000000086e00000, 0x0000000086e00000, 0x0000000086f00000|  0%| F|  |TS  0|AC  0|TAMS 0x0000000086e00000, 0x0000000086e00000|
|  75|0x0000000086f00000, 0x0000000086f00000, 0x0000000087000000|  0%| F|  |TS  0|AC  0|TAMS 0x0000000086f00000, 0x0000000086f00000|
|  76|0x0000000087000000, 0x0000000087000000, 0x0000000087100000|  0%| F|  |TS  0|AC  0|TAMS 0x0000000087000000, 0x0000000087000000|
|  77|0x0000000087100000, 0x0000000087100000, 0x0000000087200000|  0%| F|  |TS  0|AC  0|TAMS 0x0000000087100000, 0x0000000087100000|
|  78|0x0000000087200000, 0x0000000087200000, 0x0000000087300000|  0%| F|  |TS  0|AC  0|TAMS 0x0000000087200000, 0x0000000087200000|
|  79|0x0000000087300000, 0x0000000087300000, 0x0000000087400000|  0%| F|  |TS  0|AC  0|TAMS 0x0000000087300000, 0x0000000087300000|
|  80|0x0000000087400000, 0x0000000087400000, 0x0000000087500000|  0%| F|  |TS  0|AC  0|TAMS 0x0000000087400000, 0x0000000087400000|
|  81|0x0000000087500000, 0x0000000087500000, 0x0000000087600000|  0%| F|  |TS  0|AC  0|TAMS 0x0000000087500000, 0x0000000087500000|
|  82|0x0000000087600000, 0x0000000087600000, 0x0000000087700000|  0%| F|  |TS  0|AC  0|TAMS 0x0000000087600000, 0x0000000087600000|
|  83|0x0000000087700000, 0x0000000087700000, 0x0000000087800000|  0%| F|  |TS  0|AC  0|TAMS 0x0000000087700000, 0x0000000087700000|
|  84|0x0000000087800000, 0x0000000087800000, 0x0000000087900000|  0%| F|  |TS  0|AC  0|TAMS 0x0000000087800000, 0x0000000087800000|
|  85|0x0000000087900000, 0x0000000087900000, 0x0000000087a00000|  0%| F|  |TS  0|AC  0|TAMS 0x0000000087900000, 0x0000000087900000|
|  86|0x0000000087a00000, 0x0000000087a00000, 0x0000000087b00000|  0%| F|  |TS  0|AC  0|TAMS 0x0000000087a00000, 0x0000000087a00000|
|  87|0x0000000087b00000, 0x0000000087b00000, 0x0000000087c00000|  0%| F|  |TS  0|AC  0|TAMS 0x0000000087b00000, 0x0000000087b00000|
|  88|0x0000000087c00000, 0x0000000087c00000, 0x0000000087d00000|  0%| F|  |TS  0|AC  0|TAMS 0x0000000087c00000, 0x0000000087c00000|
|  89|0x0000000087d00000, 0x0000000087d00000, 0x0000000087e00000|  0%| F|  |TS  0|AC  0|TAMS 0x0000000087d00000, 0x0000000087d00000|
|  90|0x0000000087e00000, 0x0000000087e00000, 0x0000000087f00000|  0%| F|  |TS  0|AC  0|TAMS 0x0000000087e00000, 0x0000000087e00000|
|  91|0x0000000087f00000, 0x0000000087f00000, 0x0000000088000000|  0%| F|  |TS  0|AC  0|TAMS 0x0000000087f00000, 0x0000000087f00000|
|  92|0x0000000088000000, 0x0000000088000000, 0x0000000088100000|  0%| F|  |TS  0|AC  0|TAMS 0x0000000088000000, 0x0000000088000000|
|  93|0x0000000088100000, 0x0000000088100000, 0x0000000088200000|  0%| F|  |TS  0|AC  0|TAMS 0x0000000088100000, 0x0000000088100000|
|  94|0x0000000088200000, 0x0000000088200000, 0x0000000088300000|  0%| F|  |TS  0|AC  0|TAMS 0x0000000088200000, 0x0000000088200000|
|  95|0x0000000088300000, 0x0000000088300000, 0x0000000088400000|  0%| F|  |TS  0|AC  0|TAMS 0x0000000088300000, 0x0000000088300000|
|  96|0x0000000088400000, 0x0000000088400000, 0x0000000088500000|  0%| F|  |TS  0|AC  0|TAMS 0x0000000088400000, 0x0000000088400000|
|  97|0x0000000088500000, 0x0000000088500000, 0x0000000088600000|  0%| F|  |TS  0|AC  0|TAMS 0x0000000088500000, 0x0000000088500000|
|  98|0x0000000088600000, 0x0000000088600000, 0x0000000088700000|  0%| F|  |TS  0|AC  0|TAMS 0x0000000088600000, 0x0000000088600000|
|  99|0x0000000088700000, 0x0000000088700000, 0x0000000088800000|  0%| F|  |TS  0|AC  0|TAMS 0x0000000088700000, 0x0000000088700000|
| 100|0x0000000088800000, 0x0000000088800000, 0x0000000088900000|  0%| F|  |TS  0|AC  0|TAMS 0x0000000088800000, 0x0000000088800000|
| 101|0x0000000088900000, 0x0000000088900000, 0x0000000088a00000|  0%| F|  |TS  0|AC  0|TAMS 0x0000000088900000, 0x0000000088900000|
| 102|0x0000000088a00000, 0x0000000088a00000, 0x0000000088b00000|  0%| F|  |TS  0|AC  0|TAMS 0x0000000088a00000, 0x0000000088a00000|
| 103|0x0000000088b00000, 0x0000000088b00000, 0x0000000088c00000|  0%| F|  |TS  0|AC  0|TAMS 0x0000000088b00000, 0x0000000088b00000|
| 104|0x0000000088c00000, 0x0000000088c00000, 0x0000000088d00000|  0%| F|  |TS  0|AC  0|TAMS 0x0000000088c00000, 0x0000000088c00000|
| 105|0x0000000088d00000, 0x0000000088d00000, 0x0000000088e00000|  0%| F|  |TS  0|AC  0|TAMS 0x0000000088d00000, 0x0000000088d00000|
| 106|0x0000000088e00000, 0x0000000088e00000, 0x0000000088f00000|  0%| F|  |TS  0|AC  0|TAMS 0x0000000088e00000, 0x0000000088e00000|
| 107|0x0000000088f00000, 0x0000000088f00000, 0x0000000089000000|  0%| F|  |TS  0|AC  0|TAMS 0x0000000088f00000, 0x0000000088f00000|
| 108|0x0000000089000000, 0x0000000089000000, 0x0000000089100000|  0%| F|  |TS  0|AC  0|TAMS 0x0000000089000000, 0x0000000089000000|
| 109|0x0000000089100000, 0x0000000089100000, 0x0000000089200000|  0%| F|  |TS  0|AC  0|TAMS 0x0000000089100000, 0x0000000089100000|
| 110|0x0000000089200000, 0x0000000089300000, 0x0000000089300000|100%| S|CS|TS  1|AC  0|TAMS 0x0000000089200000, 0x0000000089200000|
| 111|0x0000000089300000, 0x0000000089400000, 0x0000000089400000|100%| S|CS|TS  1|AC  0|TAMS 0x0000000089300000, 0x0000000089300000|
| 112|0x0000000089400000, 0x0000000089400000, 0x0000000089500000|  0%| F|  |TS  1|AC  0|TAMS 0x0000000089400000, 0x0000000089400000|
| 113|0x0000000089500000, 0x0000000089500000, 0x0000000089600000|  0%| F|  |TS  1|AC  0|TAMS 0x0000000089500000, 0x0000000089500000|
| 114|0x0000000089600000, 0x0000000089600000, 0x0000000089700000|  0%| F|  |TS  1|AC  0|TAMS 0x0000000089600000, 0x0000000089600000|
| 115|0x0000000089700000, 0x0000000089700000, 0x0000000089800000|  0%| F|  |TS  1|AC  0|TAMS 0x0000000089700000, 0x0000000089700000|
| 116|0x0000000089800000, 0x0000000089800000, 0x0000000089900000|  0%| F|  |TS  1|AC  0|TAMS 0x0000000089800000, 0x0000000089800000|
| 117|0x0000000089900000, 0x0000000089900000, 0x0000000089a00000|  0%| F|  |TS  1|AC  0|TAMS 0x0000000089900000, 0x0000000089900000|
| 118|0x0000000089a00000, 0x0000000089a8fdd8, 0x0000000089b00000| 56%| E|  |TS  1|AC  0|TAMS 0x0000000089a00000, 0x0000000089a00000|
| 119|0x0000000089b00000, 0x0000000089c00000, 0x0000000089c00000|100%| E|CS|TS  1|AC  0|TAMS 0x0000000089b00000, 0x0000000089b00000|
| 120|0x0000000089c00000, 0x0000000089d00000, 0x0000000089d00000|100%| E|CS|TS  1|AC  0|TAMS 0x0000000089c00000, 0x0000000089c00000|
| 121|0x0000000089d00000, 0x0000000089e00000, 0x0000000089e00000|100%| E|CS|TS  1|AC  0|TAMS 0x0000000089d00000, 0x0000000089d00000|
| 122|0x0000000089e00000, 0x0000000089f00000, 0x0000000089f00000|100%| E|CS|TS  1|AC  0|TAMS 0x0000000089e00000, 0x0000000089e00000|
| 123|0x0000000089f00000, 0x000000008a000000, 0x000000008a000000|100%| E|CS|TS  1|AC  0|TAMS 0x0000000089f00000, 0x0000000089f00000|
| 124|0x000000008a000000, 0x000000008a100000, 0x000000008a100000|100%| E|CS|TS  1|AC  0|TAMS 0x000000008a000000, 0x000000008a000000|
| 125|0x000000008a100000, 0x000000008a200000, 0x000000008a200000|100%| E|CS|TS  1|AC  0|TAMS 0x000000008a100000, 0x000000008a100000|

Card table byte_map: [0x000001b1f9d80000,0x000001b1fa170000] byte_map_base: 0x000001b1f996e000

Marking Bits (Prev, Next): (CMBitMap*) 0x000001b1f9944e50, (CMBitMap*) 0x000001b1f9944e88
 Prev Bits: [0x000001b1fa560000, 0x000001b1fc4d0000)
 Next Bits: [0x000001b1fc4d0000, 0x000001b1fe440000)

Polling page: 0x000001b1f55d0000

CodeHeap 'non-profiled nmethods': size=120064Kb used=394Kb max_used=394Kb free=119669Kb
 bounds [0x000001b18f190000, 0x000001b18f400000, 0x000001b1966d0000]
CodeHeap 'profiled nmethods': size=120000Kb used=1853Kb max_used=1853Kb free=118146Kb
 bounds [0x000001b187c60000, 0x000001b187ed0000, 0x000001b18f190000]
CodeHeap 'non-nmethods': size=5696Kb used=1133Kb max_used=1166Kb free=4562Kb
 bounds [0x000001b1876d0000, 0x000001b187940000, 0x000001b187c60000]
 total_blobs=1733 nmethods=1035 adapters=375
 compilation: enabled

Compilation events (10 events):
Event: 1.270 Thread 0x000001b1ff271000 nmethod 1019 0x000001b187e1f190 code [0x000001b187e1f340, 0x000001b187e1f4f0]
Event: 1.275 Thread 0x000001b1fe95b800 nmethod 1001 0x000001b18f1f0e90 code [0x000001b18f1f1060, 0x000001b18f1f1b78]
Event: 1.275 Thread 0x000001b1ff271000 1020  s    3       java.util.Vector::addElement (24 bytes)
Event: 1.275 Thread 0x000001b1ff271000 nmethod 1020 0x000001b187e1f590 code [0x000001b187e1f7a0, 0x000001b187e1ff20]
Event: 1.275 Thread 0x000001b1ff271000 1021       3       java.net.URL::toString (5 bytes)
Event: 1.276 Thread 0x000001b1ff271000 nmethod 1021 0x000001b187e20190 code [0x000001b187e20360, 0x000001b187e205f0]
Event: 1.276 Thread 0x000001b1ff271000 1022       3       java.net.URL::toExternalForm (9 bytes)
Event: 1.276 Thread 0x000001b1ff271000 nmethod 1022 0x000001b187e20710 code [0x000001b187e208c0, 0x000001b187e20af0]
Event: 1.276 Thread 0x000001b1ff271000 1023       3       java.net.URLStreamHandler::toExternalForm (156 bytes)
Event: 1.278 Thread 0x000001b1ff271000 nmethod 1023 0x000001b187e20b90 code [0x000001b187e21040, 0x000001b187e230a0]

GC Heap History (2 events):
Event: 0.696 GC heap before
{Heap before GC invocations=0 (full 0):
 garbage-first heap   total 129024K, used 15360K [0x0000000082400000, 0x0000000100000000)
  region size 1024K, 14 young (14336K), 0 survivors (0K)
 Metaspace       used 11616K, capacity 11901K, committed 12032K, reserved 1060864K
  class space    used 1360K, capacity 1494K, committed 1536K, reserved 1048576K
}
Event: 0.700 GC heap after
{Heap after GC invocations=1 (full 0):
 garbage-first heap   total 129024K, used 4316K [0x0000000082400000, 0x0000000100000000)
  region size 1024K, 2 young (2048K), 2 survivors (2048K)
 Metaspace       used 11616K, capacity 11901K, committed 12032K, reserved 1060864K
  class space    used 1360K, capacity 1494K, committed 1536K, reserved 1048576K
}

Deoptimization events (10 events):
Event: 0.474 Thread 0x000001b1f98b0800 Uncommon trap: reason=unstable_if action=reinterpret pc=0x000001b18f19bf74 method=java.util.HashMap.putVal(ILjava/lang/Object;Ljava/lang/Object;ZZ)Ljava/lang/Object; @ 69 c2
Event: 0.535 Thread 0x000001b1f98b0800 Uncommon trap: reason=unstable_if action=reinterpret pc=0x000001b18f1b4798 method=java.lang.StringLatin1.replace([BCC)Ljava/lang/String; @ 19 c2
Event: 0.720 Thread 0x000001b1f98b0800 Uncommon trap: reason=unstable_if action=reinterpret pc=0x000001b18f1d8f00 method=jdk.internal.org.objectweb.asm.Frame.execute(IILjdk/internal/org/objectweb/asm/ClassWriter;Ljdk/internal/org/objectweb/asm/Item;)V @ 2220 c2
Event: 0.725 Thread 0x000001b1f98b0800 Uncommon trap: reason=class_check action=maybe_recompile pc=0x000001b18f1bb9c4 method=java.lang.invoke.LambdaForm$Name.replaceNames([Ljava/lang/invoke/LambdaForm$Name;[Ljava/lang/invoke/LambdaForm$Name;II)Ljava/lang/invoke/LambdaForm$Name; @ 33 c2
Event: 0.725 Thread 0x000001b1f98b0800 Uncommon trap: reason=class_check action=maybe_recompile pc=0x000001b18f1bb9c4 method=java.lang.invoke.LambdaForm$Name.replaceNames([Ljava/lang/invoke/LambdaForm$Name;[Ljava/lang/invoke/LambdaForm$Name;II)Ljava/lang/invoke/LambdaForm$Name; @ 33 c2
Event: 0.725 Thread 0x000001b1f98b0800 Uncommon trap: reason=class_check action=maybe_recompile pc=0x000001b18f1bb9c4 method=java.lang.invoke.LambdaForm$Name.replaceNames([Ljava/lang/invoke/LambdaForm$Name;[Ljava/lang/invoke/LambdaForm$Name;II)Ljava/lang/invoke/LambdaForm$Name; @ 33 c2
Event: 0.725 Thread 0x000001b1f98b0800 Uncommon trap: reason=class_check action=maybe_recompile pc=0x000001b18f1bb9c4 method=java.lang.invoke.LambdaForm$Name.replaceNames([Ljava/lang/invoke/LambdaForm$Name;[Ljava/lang/invoke/LambdaForm$Name;II)Ljava/lang/invoke/LambdaForm$Name; @ 33 c2
Event: 0.727 Thread 0x000001b1f98b0800 Uncommon trap: reason=unstable_if action=reinterpret pc=0x000001b18f1c2b80 method=jdk.internal.org.objectweb.asm.Type.getArgumentsAndReturnSizes(Ljava/lang/String;)I @ 88 c2
Event: 0.978 Thread 0x000001b1f98b0800 Uncommon trap: reason=unstable_if action=reinterpret pc=0x000001b18f1e5b10 method=java.lang.StringLatin1.indexOf([BI[BII)I @ 91 c2
Event: 1.014 Thread 0x000001b1f98b0800 Uncommon trap: reason=unstable_if action=reinterpret pc=0x000001b18f1d321c method=java.lang.AbstractStringBuilder.append(Ljava/lang/String;)Ljava/lang/AbstractStringBuilder; @ 1 c2

Classes redefined (0 events):
No events

Internal exceptions (10 events):
Event: 0.725 Thread 0x000001b1f98b0800 Exception <a 'java/lang/NoSuchMethodError'{0x000000008a173870}: java.lang.invoke.DirectMethodHandle$Holder.invokeStatic(Ljava/lang/Object;Ljava/lang/Object;)I> (0x000000008a173870) thrown at [t:/workspace/open/src/hotspot/share/interpreter/linkResolver.cp
Event: 0.725 Thread 0x000001b1f98b0800 Exception <a 'java/lang/NoSuchMethodError'{0x000000008a176f18}: method resolution failed> (0x000000008a176f18) thrown at [t:/workspace/open/src/hotspot/share/prims/methodHandles.cpp, line 1226]
Event: 0.726 Thread 0x000001b1f98b0800 Exception <a 'java/lang/NoSuchMethodError'{0x000000008a17f688}: java.lang.invoke.Invokers$Holder.invokeExact_MT(Ljava/lang/Object;Ljava/lang/Object;Ljava/lang/Object;Ljava/lang/Object;Ljava/lang/Object;Ljava/lang/Object;Ljava/lang/Object;)Ljava/lang/Objec
Event: 0.789 Thread 0x000001b1f98b0800 Exception <a 'java/lang/NoSuchMethodError'{0x000000008a0ffad0}: java.lang.invoke.DirectMethodHandle$Holder.invokeStatic(Ljava/lang/Object;Ljava/lang/Object;Ljava/lang/Object;)I> (0x000000008a0ffad0) thrown at [t:/workspace/open/src/hotspot/share/interpret
Event: 0.791 Thread 0x000001b1f98b0800 Exception <a 'java/lang/NoSuchMethodError'{0x0000000089f05958}: java.lang.invoke.DirectMethodHandle$Holder.invokeSpecial(Ljava/lang/Object;Ljava/lang/Object;Ljava/lang/Object;Ljava/lang/Object;Ljava/lang/Object;Ljava/lang/Object;Ljava/lang/Object;Ljava/la
Event: 0.791 Thread 0x000001b1f98b0800 Exception <a 'java/lang/NoSuchMethodError'{0x0000000089f09d18}: java.lang.invoke.Invokers$Holder.invoke_MT(Ljava/lang/Object;Ljava/lang/Object;Ljava/lang/Object;Ljava/lang/Object;Ljava/lang/Object;Ljava/lang/Object;Ljava/lang/Object;Ljava/lang/Object;Ljav
Event: 0.984 Thread 0x000001b1f98b0800 Exception <a 'java/lang/NoSuchMethodError'{0x0000000089cd8b18}: java.lang.Object.lambda$union$2(Ljava/util/regex/Pattern$CharPredicate;I)Z> (0x0000000089cd8b18) thrown at [t:/workspace/open/src/hotspot/share/interpreter/linkResolver.cpp, line 741]
Event: 1.014 Thread 0x000001b1f98b0800 Implicit null exception at 0x000001b18f1d2cf4 to 0x000001b18f1d3202
Event: 1.014 Thread 0x000001b1f98b0800 Exception <a 'java/io/FileNotFoundException'{0x0000000089b1a370}> (0x0000000089b1a370) thrown at [t:/workspace/open/src/hotspot/share/prims/jni.cpp, line 611]
Event: 1.163 Thread 0x000001b1f98b0800 Exception <a 'java/io/FileNotFoundException'{0x0000000089b2bf08}> (0x0000000089b2bf08) thrown at [t:/workspace/open/src/hotspot/share/prims/jni.cpp, line 611]

Events (10 events):
Event: 1.284 loading class com/digi/xbee/api/packet/APIFrameType
Event: 1.284 loading class com/digi/xbee/api/packet/APIFrameType done
Event: 1.285 Executing VM operation: RevokeBias
Event: 1.285 Executing VM operation: RevokeBias done
Event: 1.285 Executing VM operation: RevokeBias
Event: 1.285 Executing VM operation: RevokeBias done
Event: 1.285 Executing VM operation: RevokeBias
Event: 1.286 Executing VM operation: RevokeBias done
Event: 1.286 loading class com/digi/xbee/api/packet/XBeeChecksum
Event: 1.286 loading class com/digi/xbee/api/packet/XBeeChecksum done


Dynamic libraries:
0x00007ff661b90000 - 0x00007ff661bce000 	C:\Program Files\Java\jre-10.0.1\bin\java.exe
0x00007ff8c9d60000 - 0x00007ff8c9f40000 	C:\WINDOWS\SYSTEM32\ntdll.dll
0x00007ff8c9080000 - 0x00007ff8c912e000 	C:\WINDOWS\System32\KERNEL32.DLL
0x00007ff8c62c0000 - 0x00007ff8c6526000 	C:\WINDOWS\System32\KERNELBASE.dll
0x00007ff8c91a0000 - 0x00007ff8c9241000 	C:\WINDOWS\System32\ADVAPI32.dll
0x00007ff8c7680000 - 0x00007ff8c771d000 	C:\WINDOWS\System32\msvcrt.dll
0x00007ff8c7230000 - 0x00007ff8c728b000 	C:\WINDOWS\System32\sechost.dll
0x00007ff8c7430000 - 0x00007ff8c754f000 	C:\WINDOWS\System32\RPCRT4.dll
0x00007ff8c9260000 - 0x00007ff8c93ef000 	C:\WINDOWS\System32\USER32.dll
0x00007ff8c7210000 - 0x00007ff8c7230000 	C:\WINDOWS\System32\win32u.dll
0x00007ff8c78f0000 - 0x00007ff8c7918000 	C:\WINDOWS\System32\GDI32.dll
0x00007ff8c6800000 - 0x00007ff8c6993000 	C:\WINDOWS\System32\gdi32full.dll
0x00007ff8c6a20000 - 0x00007ff8c6abb000 	C:\WINDOWS\System32\msvcp_win.dll
0x00007ff8c6530000 - 0x00007ff8c6626000 	C:\WINDOWS\System32\ucrtbase.dll
0x00007ff8b1a10000 - 0x00007ff8b1c79000 	C:\WINDOWS\WinSxS\amd64_microsoft.windows.common-controls_6595b64144ccf1df_6.0.16299.371_none_15c7d1789365a290\COMCTL32.dll
0x00007ff8c9a20000 - 0x00007ff8c9d28000 	C:\WINDOWS\System32\combase.dll
0x00007ff8c69a0000 - 0x00007ff8c6a12000 	C:\WINDOWS\System32\bcryptPrimitives.dll
0x00007ff8b9640000 - 0x00007ff8b964a000 	C:\WINDOWS\SYSTEM32\VERSION.dll
0x00007ff8c7a90000 - 0x00007ff8c7abd000 	C:\WINDOWS\System32\IMM32.DLL
0x00007ff888810000 - 0x00007ff8888ff000 	C:\Program Files\Java\jre-10.0.1\bin\msvcr120.dll
0x00007ff889110000 - 0x00007ff8891b6000 	C:\Program Files\Java\jre-10.0.1\bin\msvcp120.dll
0x0000000066390000 - 0x0000000066e00000 	C:\Program Files\Java\jre-10.0.1\bin\server\jvm.dll
0x00007ff8c9250000 - 0x00007ff8c9258000 	C:\WINDOWS\System32\PSAPI.DLL
0x00007ff8b0700000 - 0x00007ff8b0709000 	C:\WINDOWS\SYSTEM32\WSOCK32.dll
0x00007ff8c9130000 - 0x00007ff8c919c000 	C:\WINDOWS\System32\WS2_32.dll
0x00007ff8c1e10000 - 0x00007ff8c1e33000 	C:\WINDOWS\SYSTEM32\WINMM.dll
0x00007ff8c1dc0000 - 0x00007ff8c1dea000 	C:\WINDOWS\SYSTEM32\WINMMBASE.dll
0x00007ff8c6160000 - 0x00007ff8c61aa000 	C:\WINDOWS\System32\cfgmgr32.dll
0x00007ff8c0920000 - 0x00007ff8c092f000 	C:\Program Files\Java\jre-10.0.1\bin\verify.dll
0x00007ff8c5bb0000 - 0x00007ff8c5d78000 	C:\WINDOWS\SYSTEM32\DBGHELP.DLL
0x00007ff8a22c0000 - 0x00007ff8a22e9000 	C:\WINDOWS\SYSTEM32\dbgcore.DLL
0x00007ff89f4b0000 - 0x00007ff89f4d7000 	C:\Program Files\Java\jre-10.0.1\bin\java.dll
0x00007ff89e5f0000 - 0x00007ff89e61a000 	C:\Program Files\Java\jre-10.0.1\bin\instrument.dll
0x00007ff8b01d0000 - 0x00007ff8b01e6000 	C:\Program Files\Java\jre-10.0.1\bin\zip.dll
0x00007ff8bfa00000 - 0x00007ff8bfa0a000 	C:\Program Files\Java\jre-10.0.1\bin\jimage.dll
0x00007ff8c7ac0000 - 0x00007ff8c8ef6000 	C:\WINDOWS\System32\SHELL32.dll
0x00007ff8c93f0000 - 0x00007ff8c9496000 	C:\WINDOWS\System32\shcore.dll
0x00007ff8c6ac0000 - 0x00007ff8c7207000 	C:\WINDOWS\System32\windows.storage.dll
0x00007ff8c7920000 - 0x00007ff8c7971000 	C:\WINDOWS\System32\shlwapi.dll
0x00007ff8c60d0000 - 0x00007ff8c60e1000 	C:\WINDOWS\System32\kernel.appcore.dll
0x00007ff8c60f0000 - 0x00007ff8c613c000 	C:\WINDOWS\System32\powrprof.dll
0x00007ff8c60b0000 - 0x00007ff8c60cb000 	C:\WINDOWS\System32\profapi.dll
0x00007ff8afe90000 - 0x00007ff8afeaa000 	C:\Program Files\Java\jre-10.0.1\bin\net.dll
0x00007ff8c3de0000 - 0x00007ff8c3ebe000 	C:\WINDOWS\SYSTEM32\WINHTTP.dll
0x00007ff8c5590000 - 0x00007ff8c55f6000 	C:\WINDOWS\system32\mswsock.dll
0x00007ff8af850000 - 0x00007ff8af861000 	C:\Program Files\Java\jre-10.0.1\bin\nio.dll
0x00007ff8a8e90000 - 0x00007ff8a8eaa000 	C:\Users\Retizex\AppData\Roaming\JetBrains\IntelliJ IDEA 2018.1.1\bin\breakgen64.dll
0x00007ff886be0000 - 0x00007ff886d7b000 	C:\Program Files\Java\jre-10.0.1\bin\awt.dll
0x00007ff8c75b0000 - 0x00007ff8c7675000 	C:\WINDOWS\System32\OLEAUT32.dll
0x00007ff8c2af0000 - 0x00007ff8c30a8000 	C:\WINDOWS\SYSTEM32\d2d1.dll
0x00007ff8c6630000 - 0x00007ff8c67fe000 	C:\WINDOWS\System32\CRYPT32.dll
0x00007ff8c6140000 - 0x00007ff8c6152000 	C:\WINDOWS\System32\MSASN1.dll
0x00007ff8c36c0000 - 0x00007ff8c3748000 	C:\WINDOWS\SYSTEM32\apphelp.dll
0x00007ff8c39f0000 - 0x00007ff8c3a1a000 	C:\WINDOWS\system32\DWMAPI.DLL
0x00007ff8c3920000 - 0x00007ff8c39b5000 	C:\WINDOWS\system32\uxtheme.dll
0x00007ff8a2ff0000 - 0x00007ff8a310e000 	C:\WINDOWS\system32\opengl32.dll
0x00007ff8a4320000 - 0x00007ff8a434c000 	C:\WINDOWS\SYSTEM32\GLU32.dll
0x00007ff8c8f10000 - 0x00007ff8c9077000 	C:\WINDOWS\System32\MSCTF.dll
0x00007ff8a5cf0000 - 0x00007ff8a5d99000 	C:\Program Files\Common Files\microsoft shared\ink\tiptsf.dll
0x00007ff8c7780000 - 0x00007ff8c78c9000 	C:\WINDOWS\System32\ole32.dll
0x0000000180000000 - 0x0000000180025000 	C:\Windows\System32\rxtxSerial.dll

dbghelp: loaded successfully - version: 4.0.5 - missing functions: none
symbol engine: initialized successfully - sym options: 0x614 - pdb path: .;C:\Program Files\Java\jre-10.0.1\bin;C:\WINDOWS\SYSTEM32;C:\WINDOWS\WinSxS\amd64_microsoft.windows.common-controls_6595b64144ccf1df_6.0.16299.371_none_15c7d1789365a290;C:\Program Files\Java\jre-10.0.1\bin\server;C:\Users\Retizex\AppData\Roaming\JetBrains\IntelliJ IDEA 2018.1.1\bin;C:\Program Files\Common Files\microsoft shared\ink

VM Arguments:
jvm_args: -javaagent:C:\Users\Retizex\AppData\Roaming\JetBrains\IntelliJ IDEA 2018.1.1\lib\idea_rt.jar=62604:C:\Users\Retizex\AppData\Roaming\JetBrains\IntelliJ IDEA 2018.1.1\bin -Dfile.encoding=UTF-8 
java_command: Terminal
java_class_path (initial): C:\Users\Retizex\Documents\GitHub\nustarselectrica\Radio\out\production\Radio;C:\Users\Retizex\.ivy2\cache\org.scala-lang\scala-library\jars\scala-library-2.12.4.jar;C:\Users\Retizex\.ivy2\cache\org.scala-lang\scala-reflect\jars\scala-reflect-2.12.4.jar;C:\Users\Retizex\.ivy2\cache\org.scala-lang\scala-library\srcs\scala-library-2.12.4-sources.jar;C:\Users\Retizex\.ivy2\cache\org.scala-lang\scala-reflect\srcs\scala-reflect-2.12.4-sources.jar;C:\Users\Retizex\Documents\GitHub\nustarselectrica\Radio\libs\android-sdk-5.1.1.jar;C:\Users\Retizex\Documents\GitHub\nustarselectrica\Radio\libs\android-sdk-addon-3.jar;C:\Users\Retizex\Documents\GitHub\nustarselectrica\Radio\libs\rxtx-2.2.jar;C:\Users\Retizex\Documents\GitHub\nustarselectrica\Radio\libs\xbee-java-library-1.2.1.jar;C:\Users\Retizex\Documents\GitHub\nustarselectrica\Radio\libs\slf4j-api-1.7.12.jar;C:\Users\Retizex\Documents\GitHub\nustarselectrica\Radio\libs\slf4j-nop-1.7.12.jar
Launcher Type: SUN_STANDARD

Logging:
Log output configuration:
#0: stdout all=warning uptime,level,tags
#1: stderr all=off uptime,level,tags

Environment Variables:
PATH=C:\WINDOWS;C:\WINDOWS;C:\WINDOWS;C:\Program Files (x86)\Common Files\Oracle\Java\javapath;C:\ProgramData\Oracle\Java\javapath;C:\WINDOWS\system32;C:\WINDOWS;C:\WINDOWS\System32\Wbem;C:\WINDOWS\System32\WindowsPowerShell\v1.0\;C:\Program Files\Intel\WiFi\bin\;C:\Program Files\Common Files\Intel\WirelessCommon\;C:\Program Files\PuTTY\;C:\Program Files (x86)\Skype\Phone\;C:\Program Files\MATLAB\R2017b\bin;C:\Android;C:\Windows\System32;C:\Program Files\MiKTeX 2.9\miktex\bin\x64\;C:\Users\Retizex\AppData\Local\Programs\Python\Python36\Scripts\;C:\Users\Retizex\AppData\Local\Programs\Python\Python36\;C:\Program Files\Intel\WiFi\bin\;C:\Program Files\Common Files\Intel\WirelessCommon\;C:\Users\Retizex\AppData\Local\Microsoft\WindowsApps;C:\Users\Retizex\AppData\Local\GitHubDesktop\bin;
USERNAME=Retizex
OS=Windows_NT
PROCESSOR_IDENTIFIER=Intel64 Family 6 Model 142 Stepping 9, GenuineIntel



---------------  S Y S T E M  ---------------

OS: Windows 10 , 64 bit Build 16299 (10.0.16299.15)

CPU:total 4 (initial active 4) (2 cores per cpu, 2 threads per core) family 6 model 142 stepping 9, cmov, cx8, fxsr, mmx, sse, sse2, sse3, ssse3, sse4.1, sse4.2, popcnt, avx, avx2, aes, clmul, erms, 3dnowpref, lzcnt, ht, tsc, tscinvbit, bmi1, bmi2, adx, fma

Memory: 4k page, physical 8239884k(2158980k free), swap 13128400k(1393860k free)

vm_info: Java HotSpot(TM) 64-Bit Server VM (10.0.1+10) for windows-amd64 JRE (10.0.1+10), built on Mar 27 2018 02:27:48 by "mach5one" with MS VC++ 12.0 (VS2013)

END.
