#
# A fatal error has been detected by the Java Runtime Environment:
#
#  EXCEPTION_ACCESS_VIOLATION (0xc0000005) at pc=0x0000000180005156, pid=5908, tid=14636
#
# JRE version: Java(TM) SE Runtime Environment (10.0.1+10) (build 10.0.1+10)
# Java VM: Java HotSpot(TM) 64-Bit Server VM (10.0.1+10, mixed mode, tiered, compressed oops, g1 gc, windows-amd64)
# Problematic frame:
# C  [rxtxSerial.dll+0x5156]
#
# No core dump will be written. Minidumps are not enabled by default on client versions of Windows
#
# If you would like to submit a bug report, please visit:
#   http://bugreport.java.com/bugreport/crash.jsp
# The crash happened outside the Java Virtual Machine in native code.
# See problematic frame for where to report the bug.
#

---------------  S U M M A R Y ------------

Command Line: -javaagent:C:\Users\Retizex\AppData\Roaming\JetBrains\IntelliJ IDEA 2018.1.1\lib\idea_rt.jar=62625:C:\Users\Retizex\AppData\Roaming\JetBrains\IntelliJ IDEA 2018.1.1\bin -Dfile.encoding=UTF-8 Terminal

Host: Intel(R) Core(TM) i7-7500U CPU @ 2.70GHz, 4 cores, 7G,  Windows 10 , 64 bit Build 16299 (10.0.16299.15)
Time: Tue May 08 17:53:16 2018 Central Daylight Time elapsed time: 1 seconds (0d 0h 0m 1s)

---------------  T H R E A D  ---------------

Current thread (0x00000209980c0800):  JavaThread "Thread-1" [_thread_in_native, id=14636, stack(0x0000009588b00000,0x0000009588c00000)]

Stack: [0x0000009588b00000,0x0000009588c00000],  sp=0x0000009588bff1e0,  free space=1020k
Native frames: (J=compiled Java code, j=interpreted, Vv=VM code, C=native code)
C  [rxtxSerial.dll+0x5156]

Java frames: (J=compiled Java code, j=interpreted, Vv=VM code)
j  gnu.io.RXTXPort.readByte()I+0
j  gnu.io.RXTXPort$SerialInputStream.read()I+81
j  com.digi.xbee.api.connection.DataReader.run()V+148
v  ~StubRoutines::call_stub

siginfo: EXCEPTION_ACCESS_VIOLATION (0xc0000005), reading address 0xffffffff88afefa8


Register to memory mapping:

RIP=0x0000000180005156 rxtxSerial.dll
RAX=0x0000000088afefa0 is an unallocated location in the heap
RBX=0x0000000000000001 is an unknown value
RCX=0x000000018001d4d5 rxtxSerial.dll
RDX=0xfffffffffffff665 is an unknown value
RSP=0x0000009588bff1e0 is pointing into the stack for thread: 0x00000209980c0800
RBP=0x00000209980c0a70 is an unknown value
RSI=0x0000000000000000 is an unknown value
RDI=0x0000000000000000 is an unknown value
R8 =0x0000000000000002 is an unknown value
R9 =0xfffffffffffff63c is an unknown value
R10=0x000000000000001a is an unknown value
R11=0x8101010101010100 is an unknown value
R12=0xffffffff88afefa0 is an unknown value
R13=0x0000020998c2fe48 is pointing into metadata
R14=0x0000009588bff338 is pointing into the stack for thread: 0x00000209980c0800
R15=0x000000000000000a is an unknown value


Registers:
RAX=0x0000000088afefa0, RBX=0x0000000000000001, RCX=0x000000018001d4d5, RDX=0xfffffffffffff665
RSP=0x0000009588bff1e0, RBP=0x00000209980c0a70, RSI=0x0000000000000000, RDI=0x0000000000000000
R8 =0x0000000000000002, R9 =0xfffffffffffff63c, R10=0x000000000000001a, R11=0x8101010101010100
R12=0xffffffff88afefa0, R13=0x0000020998c2fe48, R14=0x0000009588bff338, R15=0x000000000000000a
RIP=0x0000000180005156, EFLAGS=0x0000000000010202

Top of Stack: (sp=0x0000009588bff1e0)
0x0000009588bff1e0:   0000009588bff338 00000209980c0a70
0x0000009588bff1f0:   0000000000000000 0000000000000000
0x0000009588bff200:   0000000097d0c180 0000020900000001
0x0000009588bff210:   0000020998c2fe50 0000020997d0c180
0x0000009588bff220:   0000009588bff708 00000000666f4553
0x0000009588bff230:   00000209980c0800 00000000665048b7
0x0000009588bff240:   00000209980c0800 00000209980c0800
0x0000009588bff250:   0000e604edfbf413 00000209980c0800
0x0000009588bff260:   00000209980c0800 0000009588bff338
0x0000009588bff270:   0000020998c2fe48 0000000000000000
0x0000009588bff280:   000002098000a103 0000000000017f90
0x0000009588bff290:   0000009588bff318 000002098000f317
0x0000009588bff2a0:   0000020998c2fe50 0000009588bff318
0x0000009588bff2b0:   0000020998c2fe50 0000000000000000
0x0000009588bff2c0:   000002098000a103 000002098000efb6
0x0000009588bff2d0:   0000009588bff2d0 0000020998c2fe48 

Instructions: (pc=0x0000000180005156)
0x0000000180005136:   8d 05 d4 79 01 00 48 8b d3 48 8b cd 44 8b f8 89
0x0000000180005146:   7c 24 24 8b f7 e8 c0 e6 ff ff 8d 5f 01 4c 63 e0
0x0000000180005156:   45 8b 74 24 08 41 89 7c 24 08 45 85 ff 78 0b ff
0x0000000180005166:   15 95 1e 01 00 89 44 24 24 90 8b ce ff c6 83 f9 



---------------  P R O C E S S  ---------------

Threads class SMR info:
_java_thread_list=0x0000020997d152a0, length=17, elements={
0x00000209f7f60800, 0x00000209956a6000, 0x00000209956ae800, 0x00000209956be800,
0x00000209956c4800, 0x00000209956c6800, 0x00000209956c9800, 0x0000020996008800,
0x00000209956ea000, 0x00000209963dd000, 0x00000209962b3000, 0x00000209962d9000,
0x0000020996552000, 0x0000020996555000, 0x0000020996558800, 0x00000209968b4800,
0x00000209980c0800
}

Java Threads: ( => current thread )
  0x00000209f7f60800 JavaThread "main" [_thread_in_native, id=6916, stack(0x0000009586d00000,0x0000009586e00000)]
  0x00000209956a6000 JavaThread "Reference Handler" daemon [_thread_blocked, id=9992, stack(0x0000009587a00000,0x0000009587b00000)]
  0x00000209956ae800 JavaThread "Finalizer" daemon [_thread_blocked, id=2552, stack(0x0000009587b00000,0x0000009587c00000)]
  0x00000209956be800 JavaThread "Signal Dispatcher" daemon [_thread_blocked, id=6380, stack(0x0000009587d00000,0x0000009587e00000)]
  0x00000209956c4800 JavaThread "Attach Listener" daemon [_thread_blocked, id=6732, stack(0x0000009587e00000,0x0000009587f00000)]
  0x00000209956c6800 JavaThread "C2 CompilerThread0" daemon [_thread_blocked, id=14652, stack(0x0000009587f00000,0x0000009588000000)]
  0x00000209956c9800 JavaThread "C2 CompilerThread1" daemon [_thread_blocked, id=12260, stack(0x0000009588000000,0x0000009588100000)]
  0x0000020996008800 JavaThread "C1 CompilerThread2" daemon [_thread_blocked, id=12608, stack(0x0000009588100000,0x0000009588200000)]
  0x00000209956ea000 JavaThread "Sweeper thread" daemon [_thread_blocked, id=15244, stack(0x0000009588200000,0x0000009588300000)]
  0x00000209963dd000 JavaThread "Common-Cleaner" daemon [_thread_blocked, id=15836, stack(0x0000009588300000,0x0000009588400000)]
  0x00000209962b3000 JavaThread "Monitor Ctrl-Break" daemon [_thread_in_native, id=9800, stack(0x0000009588400000,0x0000009588500000)]
  0x00000209962d9000 JavaThread "Service Thread" daemon [_thread_blocked, id=6124, stack(0x0000009588500000,0x0000009588600000)]
  0x0000020996552000 JavaThread "Java2D Disposer" daemon [_thread_blocked, id=13752, stack(0x0000009588700000,0x0000009588800000)]
  0x0000020996555000 JavaThread "AWT-Shutdown" [_thread_blocked, id=9464, stack(0x0000009588800000,0x0000009588900000)]
  0x0000020996558800 JavaThread "AWT-Windows" daemon [_thread_in_native, id=2136, stack(0x0000009588900000,0x0000009588a00000)]
  0x00000209968b4800 JavaThread "Thread-0" [_thread_blocked, id=16040, stack(0x0000009588a00000,0x0000009588b00000)]
=>0x00000209980c0800 JavaThread "Thread-1" [_thread_in_native, id=14636, stack(0x0000009588b00000,0x0000009588c00000)]

Other Threads:
  0x00000209956a2800 VMThread "VM Thread" [stack: 0x0000009587900000,0x0000009587a00000] [id=5952]
  0x000002099637d000 WatcherThread [stack: 0x0000009588600000,0x0000009588700000] [id=14608]
  0x00000209f7f78800 GCTaskThread "GC Thread#0" [stack: 0x0000009586e00000,0x0000009586f00000] [id=15704]
  0x00000209f7f7b000 GCTaskThread "GC Thread#1" [stack: 0x0000009586f00000,0x0000009587000000] [id=9096]
  0x00000209f7f7d800 GCTaskThread "GC Thread#2" [stack: 0x0000009587000000,0x0000009587100000] [id=13172]
  0x00000209f7f7e800 GCTaskThread "GC Thread#3" [stack: 0x0000009587100000,0x0000009587200000] [id=13212]
  0x00000209f7fea800 ConcurrentGCThread "G1 Main Marker" [stack: 0x0000009587200000,0x0000009587300000] [id=14928]
  0x00000209f7fee000 ConcurrentGCThread "G1 Conc#0" [stack: 0x0000009587300000,0x0000009587400000] [id=12252]
  0x0000020995521800 ConcurrentGCThread "G1 Refine#0" [stack: 0x0000009587400000,0x0000009587500000] [id=2896]
  0x0000020995522800 ConcurrentGCThread "G1 Refine#1" [stack: 0x0000009587500000,0x0000009587600000] [id=1136]
  0x0000020995523800 ConcurrentGCThread "G1 Refine#2" [stack: 0x0000009587600000,0x0000009587700000] [id=7552]
  0x0000020995527000 ConcurrentGCThread "G1 Refine#3" [stack: 0x0000009587700000,0x0000009587800000] [id=14024]
  0x0000020995528000 ConcurrentGCThread "G1 Young RemSet Sampling" [stack: 0x0000009587800000,0x0000009587900000] [id=3776]

Threads with active compile tasks:

VM state:not at safepoint (normal execution)

VM Mutex/Monitor currently owned by a thread: None

Heap address: 0x0000000082400000, size: 2012 MB, Compressed Oops mode: 32-bit
Narrow klass base: 0x0000000000000000, Narrow klass shift: 3
Compressed class space size: 1073741824 Address: 0x0000000100000000

Heap:
 garbage-first heap   total 129024K, used 12406K [0x0000000082400000, 0x0000000100000000)
  region size 1024K, 11 young (11264K), 2 survivors (2048K)
 Metaspace       used 14608K, capacity 14916K, committed 15232K, reserved 1062912K
  class space    used 1734K, capacity 1908K, committed 1920K, reserved 1048576K
Heap Regions: E=young(eden), S=young(survivor), O=old, HS=humongous(starts), HC=humongous(continues), CS=collection set, F=free, A=archive, TS=gc time stamp, AC=allocation context, TAMS=top-at-mark-start (previous, next)
|   0|0x0000000082400000, 0x0000000082500000, 0x0000000082500000|100%|HS|  |TS  0|AC  0|TAMS 0x0000000082400000, 0x0000000082400000|
|   1|0x0000000082500000, 0x0000000082600000, 0x0000000082600000|100%| O|  |TS  1|AC  0|TAMS 0x0000000082500000, 0x0000000082500000|
|   2|0x0000000082600000, 0x000000008261da00, 0x0000000082700000| 11%| O|  |TS  1|AC  0|TAMS 0x0000000082600000, 0x0000000082600000|
|   3|0x0000000082700000, 0x0000000082700000, 0x0000000082800000|  0%| F|  |TS  0|AC  0|TAMS 0x0000000082700000, 0x0000000082700000|
|   4|0x0000000082800000, 0x0000000082800000, 0x0000000082900000|  0%| F|  |TS  0|AC  0|TAMS 0x0000000082800000, 0x0000000082800000|
|   5|0x0000000082900000, 0x0000000082900000, 0x0000000082a00000|  0%| F|  |TS  0|AC  0|TAMS 0x0000000082900000, 0x0000000082900000|
|   6|0x0000000082a00000, 0x0000000082a00000, 0x0000000082b00000|  0%| F|  |TS  0|AC  0|TAMS 0x0000000082a00000, 0x0000000082a00000|
|   7|0x0000000082b00000, 0x0000000082b00000, 0x0000000082c00000|  0%| F|  |TS  0|AC  0|TAMS 0x0000000082b00000, 0x0000000082b00000|
|   8|0x0000000082c00000, 0x0000000082c00000, 0x0000000082d00000|  0%| F|  |TS  0|AC  0|TAMS 0x0000000082c00000, 0x0000000082c00000|
|   9|0x0000000082d00000, 0x0000000082d00000, 0x0000000082e00000|  0%| F|  |TS  0|AC  0|TAMS 0x0000000082d00000, 0x0000000082d00000|
|  10|0x0000000082e00000, 0x0000000082e00000, 0x0000000082f00000|  0%| F|  |TS  0|AC  0|TAMS 0x0000000082e00000, 0x0000000082e00000|
|  11|0x0000000082f00000, 0x0000000082f00000, 0x0000000083000000|  0%| F|  |TS  0|AC  0|TAMS 0x0000000082f00000, 0x0000000082f00000|
|  12|0x0000000083000000, 0x0000000083000000, 0x0000000083100000|  0%| F|  |TS  0|AC  0|TAMS 0x0000000083000000, 0x0000000083000000|
|  13|0x0000000083100000, 0x0000000083100000, 0x0000000083200000|  0%| F|  |TS  0|AC  0|TAMS 0x0000000083100000, 0x0000000083100000|
|  14|0x0000000083200000, 0x0000000083200000, 0x0000000083300000|  0%| F|  |TS  0|AC  0|TAMS 0x0000000083200000, 0x0000000083200000|
|  15|0x0000000083300000, 0x0000000083300000, 0x0000000083400000|  0%| F|  |TS  0|AC  0|TAMS 0x0000000083300000, 0x0000000083300000|
|  16|0x0000000083400000, 0x0000000083400000, 0x0000000083500000|  0%| F|  |TS  0|AC  0|TAMS 0x0000000083400000, 0x0000000083400000|
|  17|0x0000000083500000, 0x0000000083500000, 0x0000000083600000|  0%| F|  |TS  0|AC  0|TAMS 0x0000000083500000, 0x0000000083500000|
|  18|0x0000000083600000, 0x0000000083600000, 0x0000000083700000|  0%| F|  |TS  0|AC  0|TAMS 0x0000000083600000, 0x0000000083600000|
|  19|0x0000000083700000, 0x0000000083700000, 0x0000000083800000|  0%| F|  |TS  0|AC  0|TAMS 0x0000000083700000, 0x0000000083700000|
|  20|0x0000000083800000, 0x0000000083800000, 0x0000000083900000|  0%| F|  |TS  0|AC  0|TAMS 0x0000000083800000, 0x0000000083800000|
|  21|0x0000000083900000, 0x0000000083900000, 0x0000000083a00000|  0%| F|  |TS  0|AC  0|TAMS 0x0000000083900000, 0x0000000083900000|
|  22|0x0000000083a00000, 0x0000000083a00000, 0x0000000083b00000|  0%| F|  |TS  0|AC  0|TAMS 0x0000000083a00000, 0x0000000083a00000|
|  23|0x0000000083b00000, 0x0000000083b00000, 0x0000000083c00000|  0%| F|  |TS  0|AC  0|TAMS 0x0000000083b00000, 0x0000000083b00000|
|  24|0x0000000083c00000, 0x0000000083c00000, 0x0000000083d00000|  0%| F|  |TS  0|AC  0|TAMS 0x0000000083c00000, 0x0000000083c00000|
|  25|0x0000000083d00000, 0x0000000083d00000, 0x0000000083e00000|  0%| F|  |TS  0|AC  0|TAMS 0x0000000083d00000, 0x0000000083d00000|
|  26|0x0000000083e00000, 0x0000000083e00000, 0x0000000083f00000|  0%| F|  |TS  0|AC  0|TAMS 0x0000000083e00000, 0x0000000083e00000|
|  27|0x0000000083f00000, 0x0000000083f00000, 0x0000000084000000|  0%| F|  |TS  0|AC  0|TAMS 0x0000000083f00000, 0x0000000083f00000|
|  28|0x0000000084000000, 0x0000000084000000, 0x0000000084100000|  0%| F|  |TS  0|AC  0|TAMS 0x0000000084000000, 0x0000000084000000|
|  29|0x0000000084100000, 0x0000000084100000, 0x0000000084200000|  0%| F|  |TS  0|AC  0|TAMS 0x0000000084100000, 0x0000000084100000|
|  30|0x0000000084200000, 0x0000000084200000, 0x0000000084300000|  0%| F|  |TS  0|AC  0|TAMS 0x0000000084200000, 0x0000000084200000|
|  31|0x0000000084300000, 0x0000000084300000, 0x0000000084400000|  0%| F|  |TS  0|AC  0|TAMS 0x0000000084300000, 0x0000000084300000|
|  32|0x0000000084400000, 0x0000000084400000, 0x0000000084500000|  0%| F|  |TS  0|AC  0|TAMS 0x0000000084400000, 0x0000000084400000|
|  33|0x0000000084500000, 0x0000000084500000, 0x0000000084600000|  0%| F|  |TS  0|AC  0|TAMS 0x0000000084500000, 0x0000000084500000|
|  34|0x0000000084600000, 0x0000000084600000, 0x0000000084700000|  0%| F|  |TS  0|AC  0|TAMS 0x0000000084600000, 0x0000000084600000|
|  35|0x0000000084700000, 0x0000000084700000, 0x0000000084800000|  0%| F|  |TS  0|AC  0|TAMS 0x0000000084700000, 0x0000000084700000|
|  36|0x0000000084800000, 0x0000000084800000, 0x0000000084900000|  0%| F|  |TS  0|AC  0|TAMS 0x0000000084800000, 0x0000000084800000|
|  37|0x0000000084900000, 0x0000000084900000, 0x0000000084a00000|  0%| F|  |TS  0|AC  0|TAMS 0x0000000084900000, 0x0000000084900000|
|  38|0x0000000084a00000, 0x0000000084a00000, 0x0000000084b00000|  0%| F|  |TS  0|AC  0|TAMS 0x0000000084a00000, 0x0000000084a00000|
|  39|0x0000000084b00000, 0x0000000084b00000, 0x0000000084c00000|  0%| F|  |TS  0|AC  0|TAMS 0x0000000084b00000, 0x0000000084b00000|
|  40|0x0000000084c00000, 0x0000000084c00000, 0x0000000084d00000|  0%| F|  |TS  0|AC  0|TAMS 0x0000000084c00000, 0x0000000084c00000|
|  41|0x0000000084d00000, 0x0000000084d00000, 0x0000000084e00000|  0%| F|  |TS  0|AC  0|TAMS 0x0000000084d00000, 0x0000000084d00000|
|  42|0x0000000084e00000, 0x0000000084e00000, 0x0000000084f00000|  0%| F|  |TS  0|AC  0|TAMS 0x0000000084e00000, 0x0000000084e00000|
|  43|0x0000000084f00000, 0x0000000084f00000, 0x0000000085000000|  0%| F|  |TS  0|AC  0|TAMS 0x0000000084f00000, 0x0000000084f00000|
|  44|0x0000000085000000, 0x0000000085000000, 0x0000000085100000|  0%| F|  |TS  0|AC  0|TAMS 0x0000000085000000, 0x0000000085000000|
|  45|0x0000000085100000, 0x0000000085100000, 0x0000000085200000|  0%| F|  |TS  0|AC  0|TAMS 0x0000000085100000, 0x0000000085100000|
|  46|0x0000000085200000, 0x0000000085200000, 0x0000000085300000|  0%| F|  |TS  0|AC  0|TAMS 0x0000000085200000, 0x0000000085200000|
|  47|0x0000000085300000, 0x0000000085300000, 0x0000000085400000|  0%| F|  |TS  0|AC  0|TAMS 0x0000000085300000, 0x0000000085300000|
|  48|0x0000000085400000, 0x0000000085400000, 0x0000000085500000|  0%| F|  |TS  0|AC  0|TAMS 0x0000000085400000, 0x0000000085400000|
|  49|0x0000000085500000, 0x0000000085500000, 0x0000000085600000|  0%| F|  |TS  0|AC  0|TAMS 0x0000000085500000, 0x0000000085500000|
|  50|0x0000000085600000, 0x0000000085600000, 0x0000000085700000|  0%| F|  |TS  0|AC  0|TAMS 0x0000000085600000, 0x0000000085600000|
|  51|0x0000000085700000, 0x0000000085700000, 0x0000000085800000|  0%| F|  |TS  0|AC  0|TAMS 0x0000000085700000, 0x0000000085700000|
|  52|0x0000000085800000, 0x0000000085800000, 0x0000000085900000|  0%| F|  |TS  0|AC  0|TAMS 0x0000000085800000, 0x0000000085800000|
|  53|0x0000000085900000, 0x0000000085900000, 0x0000000085a00000|  0%| F|  |TS  0|AC  0|TAMS 0x0000000085900000, 0x0000000085900000|
|  54|0x0000000085a00000, 0x0000000085a00000, 0x0000000085b00000|  0%| F|  |TS  0|AC  0|TAMS 0x0000000085a00000, 0x0000000085a00000|
|  55|0x0000000085b00000, 0x0000000085b00000, 0x0000000085c00000|  0%| F|  |TS  0|AC  0|TAMS 0x0000000085b00000, 0x0000000085b00000|
|  56|0x0000000085c00000, 0x0000000085c00000, 0x0000000085d00000|  0%| F|  |TS  0|AC  0|TAMS 0x0000000085c00000, 0x0000000085c00000|
|  57|0x0000000085d00000, 0x0000000085d00000, 0x0000000085e00000|  0%| F|  |TS  0|AC  0|TAMS 0x0000000085d00000, 0x0000000085d00000|
|  58|0x0000000085e00000, 0x0000000085e00000, 0x0000000085f00000|  0%| F|  |TS  0|AC  0|TAMS 0x0000000085e00000, 0x0000000085e00000|
|  59|0x0000000085f00000, 0x0000000085f00000, 0x0000000086000000|  0%| F|  |TS  0|AC  0|TAMS 0x0000000085f00000, 0x0000000085f00000|
|  60|0x0000000086000000, 0x0000000086000000, 0x0000000086100000|  0%| F|  |TS  0|AC  0|TAMS 0x0000000086000000, 0x0000000086000000|
|  61|0x0000000086100000, 0x0000000086100000, 0x0000000086200000|  0%| F|  |TS  0|AC  0|TAMS 0x0000000086100000, 0x0000000086100000|
|  62|0x0000000086200000, 0x0000000086200000, 0x0000000086300000|  0%| F|  |TS  0|AC  0|TAMS 0x0000000086200000, 0x0000000086200000|
|  63|0x0000000086300000, 0x0000000086300000, 0x0000000086400000|  0%| F|  |TS  0|AC  0|TAMS 0x0000000086300000, 0x0000000086300000|
|  64|0x0000000086400000, 0x0000000086400000, 0x0000000086500000|  0%| F|  |TS  0|AC  0|TAMS 0x0000000086400000, 0x0000000086400000|
|  65|0x0000000086500000, 0x0000000086500000, 0x0000000086600000|  0%| F|  |TS  0|AC  0|TAMS 0x0000000086500000, 0x0000000086500000|
|  66|0x0000000086600000, 0x0000000086600000, 0x0000000086700000|  0%| F|  |TS  0|AC  0|TAMS 0x0000000086600000, 0x0000000086600000|
|  67|0x0000000086700000, 0x0000000086700000, 0x0000000086800000|  0%| F|  |TS  0|AC  0|TAMS 0x0000000086700000, 0x0000000086700000|
|  68|0x0000000086800000, 0x0000000086800000, 0x0000000086900000|  0%| F|  |TS  0|AC  0|TAMS 0x0000000086800000, 0x0000000086800000|
|  69|0x0000000086900000, 0x0000000086900000, 0x0000000086a00000|  0%| F|  |TS  0|AC  0|TAMS 0x0000000086900000, 0x0000000086900000|
|  70|0x0000000086a00000, 0x0000000086a00000, 0x0000000086b00000|  0%| F|  |TS  0|AC  0|TAMS 0x0000000086a00000, 0x0000000086a00000|
|  71|0x0000000086b00000, 0x0000000086b00000, 0x0000000086c00000|  0%| F|  |TS  0|AC  0|TAMS 0x0000000086b00000, 0x0000000086b00000|
|  72|0x0000000086c00000, 0x0000000086c00000, 0x0000000086d00000|  0%| F|  |TS  0|AC  0|TAMS 0x0000000086c00000, 0x0000000086c00000|
|  73|0x0000000086d00000, 0x0000000086d00000, 0x0000000086e00000|  0%| F|  |TS  0|AC  0|TAMS 0x0000000086d00000, 0x0000000086d00000|
|  74|0x0000000086e00000, 0x0000000086e00000, 0x0000000086f00000|  0%| F|  |TS  0|AC  0|TAMS 0x0000000086e00000, 0x0000000086e00000|
|  75|0x0000000086f00000, 0x0000000086f00000, 0x0000000087000000|  0%| F|  |TS  0|AC  0|TAMS 0x0000000086f00000, 0x0000000086f00000|
|  76|0x0000000087000000, 0x0000000087000000, 0x0000000087100000|  0%| F|  |TS  0|AC  0|TAMS 0x0000000087000000, 0x0000000087000000|
|  77|0x0000000087100000, 0x0000000087100000, 0x0000000087200000|  0%| F|  |TS  0|AC  0|TAMS 0x0000000087100000, 0x0000000087100000|
|  78|0x0000000087200000, 0x0000000087200000, 0x0000000087300000|  0%| F|  |TS  0|AC  0|TAMS 0x0000000087200000, 0x0000000087200000|
|  79|0x0000000087300000, 0x0000000087300000, 0x0000000087400000|  0%| F|  |TS  0|AC  0|TAMS 0x0000000087300000, 0x0000000087300000|
|  80|0x0000000087400000, 0x0000000087400000, 0x0000000087500000|  0%| F|  |TS  0|AC  0|TAMS 0x0000000087400000, 0x0000000087400000|
|  81|0x0000000087500000, 0x0000000087500000, 0x0000000087600000|  0%| F|  |TS  0|AC  0|TAMS 0x0000000087500000, 0x0000000087500000|
|  82|0x0000000087600000, 0x0000000087600000, 0x0000000087700000|  0%| F|  |TS  0|AC  0|TAMS 0x0000000087600000, 0x0000000087600000|
|  83|0x0000000087700000, 0x0000000087700000, 0x0000000087800000|  0%| F|  |TS  0|AC  0|TAMS 0x0000000087700000, 0x0000000087700000|
|  84|0x0000000087800000, 0x0000000087800000, 0x0000000087900000|  0%| F|  |TS  0|AC  0|TAMS 0x0000000087800000, 0x0000000087800000|
|  85|0x0000000087900000, 0x0000000087900000, 0x0000000087a00000|  0%| F|  |TS  0|AC  0|TAMS 0x0000000087900000, 0x0000000087900000|
|  86|0x0000000087a00000, 0x0000000087a00000, 0x0000000087b00000|  0%| F|  |TS  0|AC  0|TAMS 0x0000000087a00000, 0x0000000087a00000|
|  87|0x0000000087b00000, 0x0000000087b00000, 0x0000000087c00000|  0%| F|  |TS  0|AC  0|TAMS 0x0000000087b00000, 0x0000000087b00000|
|  88|0x0000000087c00000, 0x0000000087c00000, 0x0000000087d00000|  0%| F|  |TS  0|AC  0|TAMS 0x0000000087c00000, 0x0000000087c00000|
|  89|0x0000000087d00000, 0x0000000087d00000, 0x0000000087e00000|  0%| F|  |TS  0|AC  0|TAMS 0x0000000087d00000, 0x0000000087d00000|
|  90|0x0000000087e00000, 0x0000000087e00000, 0x0000000087f00000|  0%| F|  |TS  0|AC  0|TAMS 0x0000000087e00000, 0x0000000087e00000|
|  91|0x0000000087f00000, 0x0000000087f00000, 0x0000000088000000|  0%| F|  |TS  0|AC  0|TAMS 0x0000000087f00000, 0x0000000087f00000|
|  92|0x0000000088000000, 0x0000000088000000, 0x0000000088100000|  0%| F|  |TS  0|AC  0|TAMS 0x0000000088000000, 0x0000000088000000|
|  93|0x0000000088100000, 0x0000000088100000, 0x0000000088200000|  0%| F|  |TS  0|AC  0|TAMS 0x0000000088100000, 0x0000000088100000|
|  94|0x0000000088200000, 0x0000000088200000, 0x0000000088300000|  0%| F|  |TS  0|AC  0|TAMS 0x0000000088200000, 0x0000000088200000|
|  95|0x0000000088300000, 0x0000000088300000, 0x0000000088400000|  0%| F|  |TS  0|AC  0|TAMS 0x0000000088300000, 0x0000000088300000|
|  96|0x0000000088400000, 0x0000000088400000, 0x0000000088500000|  0%| F|  |TS  0|AC  0|TAMS 0x0000000088400000, 0x0000000088400000|
|  97|0x0000000088500000, 0x0000000088500000, 0x0000000088600000|  0%| F|  |TS  0|AC  0|TAMS 0x0000000088500000, 0x0000000088500000|
|  98|0x0000000088600000, 0x0000000088600000, 0x0000000088700000|  0%| F|  |TS  0|AC  0|TAMS 0x0000000088600000, 0x0000000088600000|
|  99|0x0000000088700000, 0x0000000088700000, 0x0000000088800000|  0%| F|  |TS  0|AC  0|TAMS 0x0000000088700000, 0x0000000088700000|
| 100|0x0000000088800000, 0x0000000088800000, 0x0000000088900000|  0%| F|  |TS  0|AC  0|TAMS 0x0000000088800000, 0x0000000088800000|
| 101|0x0000000088900000, 0x0000000088900000, 0x0000000088a00000|  0%| F|  |TS  0|AC  0|TAMS 0x0000000088900000, 0x0000000088900000|
| 102|0x0000000088a00000, 0x0000000088a00000, 0x0000000088b00000|  0%| F|  |TS  0|AC  0|TAMS 0x0000000088a00000, 0x0000000088a00000|
| 103|0x0000000088b00000, 0x0000000088b00000, 0x0000000088c00000|  0%| F|  |TS  0|AC  0|TAMS 0x0000000088b00000, 0x0000000088b00000|
| 104|0x0000000088c00000, 0x0000000088c00000, 0x0000000088d00000|  0%| F|  |TS  0|AC  0|TAMS 0x0000000088c00000, 0x0000000088c00000|
| 105|0x0000000088d00000, 0x0000000088d00000, 0x0000000088e00000|  0%| F|  |TS  0|AC  0|TAMS 0x0000000088d00000, 0x0000000088d00000|
| 106|0x0000000088e00000, 0x0000000088e00000, 0x0000000088f00000|  0%| F|  |TS  0|AC  0|TAMS 0x0000000088e00000, 0x0000000088e00000|
| 107|0x0000000088f00000, 0x0000000088f00000, 0x0000000089000000|  0%| F|  |TS  0|AC  0|TAMS 0x0000000088f00000, 0x0000000088f00000|
| 108|0x0000000089000000, 0x0000000089000000, 0x0000000089100000|  0%| F|  |TS  0|AC  0|TAMS 0x0000000089000000, 0x0000000089000000|
| 109|0x0000000089100000, 0x0000000089100000, 0x0000000089200000|  0%| F|  |TS  0|AC  0|TAMS 0x0000000089100000, 0x0000000089100000|
| 110|0x0000000089200000, 0x0000000089300000, 0x0000000089300000|100%| S|CS|TS  1|AC  0|TAMS 0x0000000089200000, 0x0000000089200000|
| 111|0x0000000089300000, 0x0000000089400000, 0x0000000089400000|100%| S|CS|TS  1|AC  0|TAMS 0x0000000089300000, 0x0000000089300000|
| 112|0x0000000089400000, 0x0000000089400000, 0x0000000089500000|  0%| F|  |TS  1|AC  0|TAMS 0x0000000089400000, 0x0000000089400000|
| 113|0x0000000089500000, 0x0000000089500000, 0x0000000089600000|  0%| F|  |TS  1|AC  0|TAMS 0x0000000089500000, 0x0000000089500000|
| 114|0x0000000089600000, 0x0000000089600000, 0x0000000089700000|  0%| F|  |TS  1|AC  0|TAMS 0x0000000089600000, 0x0000000089600000|
| 115|0x0000000089700000, 0x0000000089700000, 0x0000000089800000|  0%| F|  |TS  1|AC  0|TAMS 0x0000000089700000, 0x0000000089700000|
| 116|0x0000000089800000, 0x0000000089800000, 0x0000000089900000|  0%| F|  |TS  1|AC  0|TAMS 0x0000000089800000, 0x0000000089800000|
| 117|0x0000000089900000, 0x000000008997d1c0, 0x0000000089a00000| 48%| E|  |TS  1|AC  0|TAMS 0x0000000089900000, 0x0000000089900000|
| 118|0x0000000089a00000, 0x0000000089b00000, 0x0000000089b00000|100%| E|CS|TS  1|AC  0|TAMS 0x0000000089a00000, 0x0000000089a00000|
| 119|0x0000000089b00000, 0x0000000089c00000, 0x0000000089c00000|100%| E|CS|TS  1|AC  0|TAMS 0x0000000089b00000, 0x0000000089b00000|
| 120|0x0000000089c00000, 0x0000000089d00000, 0x0000000089d00000|100%| E|CS|TS  1|AC  0|TAMS 0x0000000089c00000, 0x0000000089c00000|
| 121|0x0000000089d00000, 0x0000000089e00000, 0x0000000089e00000|100%| E|CS|TS  1|AC  0|TAMS 0x0000000089d00000, 0x0000000089d00000|
| 122|0x0000000089e00000, 0x0000000089f00000, 0x0000000089f00000|100%| E|CS|TS  1|AC  0|TAMS 0x0000000089e00000, 0x0000000089e00000|
| 123|0x0000000089f00000, 0x000000008a000000, 0x000000008a000000|100%| E|CS|TS  1|AC  0|TAMS 0x0000000089f00000, 0x0000000089f00000|
| 124|0x000000008a000000, 0x000000008a100000, 0x000000008a100000|100%| E|CS|TS  1|AC  0|TAMS 0x000000008a000000, 0x000000008a000000|
| 125|0x000000008a100000, 0x000000008a200000, 0x000000008a200000|100%| E|CS|TS  1|AC  0|TAMS 0x000000008a100000, 0x000000008a100000|

Card table byte_map: [0x00000209ffb00000,0x00000209ffef0000] byte_map_base: 0x00000209ff6ee000

Marking Bits (Prev, Next): (CMBitMap*) 0x00000209f7fe9b10, (CMBitMap*) 0x00000209f7fe9b48
 Prev Bits: [0x000002098f3f0000, 0x0000020991360000)
 Next Bits: [0x0000020991360000, 0x00000209932d0000)

Polling page: 0x00000209f3c90000

CodeHeap 'non-profiled nmethods': size=120064Kb used=397Kb max_used=397Kb free=119666Kb
 bounds [0x0000020987ac0000, 0x0000020987d30000, 0x000002098f000000]
CodeHeap 'profiled nmethods': size=120000Kb used=1837Kb max_used=1837Kb free=118162Kb
 bounds [0x0000020980590000, 0x0000020980800000, 0x0000020987ac0000]
CodeHeap 'non-nmethods': size=5696Kb used=1133Kb max_used=1153Kb free=4562Kb
 bounds [0x0000020980000000, 0x0000020980270000, 0x0000020980590000]
 total_blobs=1738 nmethods=1040 adapters=375
 compilation: enabled

Compilation events (10 events):
Event: 1.210 Thread 0x0000020996008800 1025  s    3       java.util.Vector::addElement (24 bytes)
Event: 1.210 Thread 0x00000209956c9800 nmethod 1009 0x0000020987b21090 code [0x0000020987b21240, 0x0000020987b21658]
Event: 1.210 Thread 0x0000020996008800 nmethod 1025 0x000002098074fd90 code [0x000002098074ffa0, 0x0000020980750720]
Event: 1.210 Thread 0x0000020996008800 1026       3       java.net.URL::toString (5 bytes)
Event: 1.211 Thread 0x0000020996008800 nmethod 1026 0x0000020980750990 code [0x0000020980750b60, 0x0000020980750df0]
Event: 1.211 Thread 0x0000020996008800 1027       3       java.net.URL::toExternalForm (9 bytes)
Event: 1.211 Thread 0x0000020996008800 nmethod 1027 0x0000020980750f10 code [0x00000209807510c0, 0x00000209807512f0]
Event: 1.211 Thread 0x0000020996008800 1028       3       java.net.URLStreamHandler::toExternalForm (156 bytes)
Event: 1.213 Thread 0x0000020996008800 nmethod 1028 0x0000020980751390 code [0x0000020980751840, 0x00000209807538a0]
Event: 1.213 Thread 0x00000209956c6800 nmethod 1004 0x0000020987b21890 code [0x0000020987b21a60, 0x0000020987b22578]

GC Heap History (2 events):
Event: 0.741 GC heap before
{Heap before GC invocations=0 (full 0):
 garbage-first heap   total 129024K, used 15360K [0x0000000082400000, 0x0000000100000000)
  region size 1024K, 14 young (14336K), 0 survivors (0K)
 Metaspace       used 11671K, capacity 11929K, committed 12032K, reserved 1060864K
  class space    used 1367K, capacity 1526K, committed 1536K, reserved 1048576K
}
Event: 0.745 GC heap after
{Heap after GC invocations=1 (full 0):
 garbage-first heap   total 129024K, used 4214K [0x0000000082400000, 0x0000000100000000)
  region size 1024K, 2 young (2048K), 2 survivors (2048K)
 Metaspace       used 11671K, capacity 11929K, committed 12032K, reserved 1060864K
  class space    used 1367K, capacity 1526K, committed 1536K, reserved 1048576K
}

Deoptimization events (10 events):
Event: 0.577 Thread 0x00000209f7f60800 Uncommon trap: reason=unstable_fused_if action=reinterpret pc=0x0000020987acd8f4 method=java.util.HashMap.resize()[Ljava/util/HashMap$Node; @ 31 c2
Event: 0.585 Thread 0x00000209f7f60800 Uncommon trap: reason=unstable_if action=reinterpret pc=0x0000020987ae5d98 method=java.lang.StringLatin1.replace([BCC)Ljava/lang/String; @ 19 c2
Event: 0.755 Thread 0x00000209f7f60800 Uncommon trap: reason=unstable_if action=reinterpret pc=0x0000020987b09b04 method=jdk.internal.org.objectweb.asm.Frame.execute(IILjdk/internal/org/objectweb/asm/ClassWriter;Ljdk/internal/org/objectweb/asm/Item;)V @ 2220 c2
Event: 0.761 Thread 0x00000209f7f60800 Uncommon trap: reason=class_check action=maybe_recompile pc=0x0000020987aee3a0 method=java.lang.invoke.LambdaForm$Name.replaceNames([Ljava/lang/invoke/LambdaForm$Name;[Ljava/lang/invoke/LambdaForm$Name;II)Ljava/lang/invoke/LambdaForm$Name; @ 33 c2
Event: 0.761 Thread 0x00000209f7f60800 Uncommon trap: reason=class_check action=maybe_recompile pc=0x0000020987aee3a0 method=java.lang.invoke.LambdaForm$Name.replaceNames([Ljava/lang/invoke/LambdaForm$Name;[Ljava/lang/invoke/LambdaForm$Name;II)Ljava/lang/invoke/LambdaForm$Name; @ 33 c2
Event: 0.761 Thread 0x00000209f7f60800 Uncommon trap: reason=class_check action=maybe_recompile pc=0x0000020987aee3a0 method=java.lang.invoke.LambdaForm$Name.replaceNames([Ljava/lang/invoke/LambdaForm$Name;[Ljava/lang/invoke/LambdaForm$Name;II)Ljava/lang/invoke/LambdaForm$Name; @ 33 c2
Event: 0.761 Thread 0x00000209f7f60800 Uncommon trap: reason=class_check action=maybe_recompile pc=0x0000020987aee3a0 method=java.lang.invoke.LambdaForm$Name.replaceNames([Ljava/lang/invoke/LambdaForm$Name;[Ljava/lang/invoke/LambdaForm$Name;II)Ljava/lang/invoke/LambdaForm$Name; @ 33 c2
Event: 0.762 Thread 0x00000209f7f60800 Uncommon trap: reason=unstable_if action=reinterpret pc=0x0000020987af5380 method=jdk.internal.org.objectweb.asm.Type.getArgumentsAndReturnSizes(Ljava/lang/String;)I @ 88 c2
Event: 0.991 Thread 0x00000209f7f60800 Uncommon trap: reason=unstable_if action=reinterpret pc=0x0000020987b17e7c method=java.lang.StringLatin1.indexOf([BI[BII)I @ 80 c2
Event: 1.009 Thread 0x00000209f7f60800 Uncommon trap: reason=unstable_if action=reinterpret pc=0x0000020987b0ee9c method=java.lang.AbstractStringBuilder.append(Ljava/lang/String;)Ljava/lang/AbstractStringBuilder; @ 1 c2

Classes redefined (0 events):
No events

Internal exceptions (10 events):
Event: 0.760 Thread 0x00000209f7f60800 Exception <a 'java/lang/NoSuchMethodError'{0x000000008a151708}: java.lang.invoke.DirectMethodHandle$Holder.invokeStatic(Ljava/lang/Object;Ljava/lang/Object;)I> (0x000000008a151708) thrown at [t:/workspace/open/src/hotspot/share/interpreter/linkResolver.cp
Event: 0.760 Thread 0x00000209f7f60800 Exception <a 'java/lang/NoSuchMethodError'{0x000000008a154db0}: method resolution failed> (0x000000008a154db0) thrown at [t:/workspace/open/src/hotspot/share/prims/methodHandles.cpp, line 1226]
Event: 0.761 Thread 0x00000209f7f60800 Exception <a 'java/lang/NoSuchMethodError'{0x000000008a15d520}: java.lang.invoke.Invokers$Holder.invokeExact_MT(Ljava/lang/Object;Ljava/lang/Object;Ljava/lang/Object;Ljava/lang/Object;Ljava/lang/Object;Ljava/lang/Object;Ljava/lang/Object;)Ljava/lang/Objec
Event: 0.812 Thread 0x00000209f7f60800 Exception <a 'java/lang/NoSuchMethodError'{0x000000008a05fc60}: java.lang.invoke.DirectMethodHandle$Holder.invokeStatic(Ljava/lang/Object;Ljava/lang/Object;Ljava/lang/Object;)I> (0x000000008a05fc60) thrown at [t:/workspace/open/src/hotspot/share/interpret
Event: 0.813 Thread 0x00000209f7f60800 Exception <a 'java/lang/NoSuchMethodError'{0x000000008a065550}: java.lang.invoke.DirectMethodHandle$Holder.invokeSpecial(Ljava/lang/Object;Ljava/lang/Object;Ljava/lang/Object;Ljava/lang/Object;Ljava/lang/Object;Ljava/lang/Object;Ljava/lang/Object;Ljava/la
Event: 0.813 Thread 0x00000209f7f60800 Exception <a 'java/lang/NoSuchMethodError'{0x000000008a069910}: java.lang.invoke.Invokers$Holder.invoke_MT(Ljava/lang/Object;Ljava/lang/Object;Ljava/lang/Object;Ljava/lang/Object;Ljava/lang/Object;Ljava/lang/Object;Ljava/lang/Object;Ljava/lang/Object;Ljav
Event: 0.998 Thread 0x00000209f7f60800 Exception <a 'java/lang/NoSuchMethodError'{0x0000000089cb91d8}: java.lang.Object.lambda$union$2(Ljava/util/regex/Pattern$CharPredicate;I)Z> (0x0000000089cb91d8) thrown at [t:/workspace/open/src/hotspot/share/interpreter/linkResolver.cpp, line 741]
Event: 1.009 Thread 0x00000209f7f60800 Implicit null exception at 0x0000020987b0e974 to 0x0000020987b0ee82
Event: 1.009 Thread 0x00000209f7f60800 Exception <a 'java/io/FileNotFoundException'{0x0000000089cfa240}> (0x0000000089cfa240) thrown at [t:/workspace/open/src/hotspot/share/prims/jni.cpp, line 611]
Event: 1.148 Thread 0x00000209f7f60800 Exception <a 'java/io/FileNotFoundException'{0x0000000089b0c270}> (0x0000000089b0c270) thrown at [t:/workspace/open/src/hotspot/share/prims/jni.cpp, line 611]

Events (10 events):
Event: 1.225 loading class com/digi/xbee/api/connection/DataReader$8
Event: 1.225 loading class com/digi/xbee/api/connection/DataReader$8 done
Event: 1.226 Executing VM operation: RevokeBias
Event: 1.226 Executing VM operation: RevokeBias done
Event: 1.226 Executing VM operation: RevokeBias
Event: 1.227 Executing VM operation: RevokeBias done
Event: 1.227 Executing VM operation: RevokeBias
Event: 1.227 Executing VM operation: RevokeBias done
Event: 1.227 loading class com/digi/xbee/api/packet/XBeeChecksum
Event: 1.227 loading class com/digi/xbee/api/packet/XBeeChecksum done


Dynamic libraries:
0x00007ff661b90000 - 0x00007ff661bce000 	C:\Program Files\Java\jre-10.0.1\bin\java.exe
0x00007ff8c9d60000 - 0x00007ff8c9f40000 	C:\WINDOWS\SYSTEM32\ntdll.dll
0x00007ff8c9080000 - 0x00007ff8c912e000 	C:\WINDOWS\System32\KERNEL32.DLL
0x00007ff8c62c0000 - 0x00007ff8c6526000 	C:\WINDOWS\System32\KERNELBASE.dll
0x00007ff8c91a0000 - 0x00007ff8c9241000 	C:\WINDOWS\System32\ADVAPI32.dll
0x00007ff8c7680000 - 0x00007ff8c771d000 	C:\WINDOWS\System32\msvcrt.dll
0x00007ff8c7230000 - 0x00007ff8c728b000 	C:\WINDOWS\System32\sechost.dll
0x00007ff8c7430000 - 0x00007ff8c754f000 	C:\WINDOWS\System32\RPCRT4.dll
0x00007ff8c9260000 - 0x00007ff8c93ef000 	C:\WINDOWS\System32\USER32.dll
0x00007ff8c7210000 - 0x00007ff8c7230000 	C:\WINDOWS\System32\win32u.dll
0x00007ff8c78f0000 - 0x00007ff8c7918000 	C:\WINDOWS\System32\GDI32.dll
0x00007ff8c6800000 - 0x00007ff8c6993000 	C:\WINDOWS\System32\gdi32full.dll
0x00007ff8c6a20000 - 0x00007ff8c6abb000 	C:\WINDOWS\System32\msvcp_win.dll
0x00007ff8c6530000 - 0x00007ff8c6626000 	C:\WINDOWS\System32\ucrtbase.dll
0x00007ff8b1a10000 - 0x00007ff8b1c79000 	C:\WINDOWS\WinSxS\amd64_microsoft.windows.common-controls_6595b64144ccf1df_6.0.16299.371_none_15c7d1789365a290\COMCTL32.dll
0x00007ff8c9a20000 - 0x00007ff8c9d28000 	C:\WINDOWS\System32\combase.dll
0x00007ff8c69a0000 - 0x00007ff8c6a12000 	C:\WINDOWS\System32\bcryptPrimitives.dll
0x00007ff8b9640000 - 0x00007ff8b964a000 	C:\WINDOWS\SYSTEM32\VERSION.dll
0x00007ff8c7a90000 - 0x00007ff8c7abd000 	C:\WINDOWS\System32\IMM32.DLL
0x00007ff887450000 - 0x00007ff88753f000 	C:\Program Files\Java\jre-10.0.1\bin\msvcr120.dll
0x00007ff886fe0000 - 0x00007ff887086000 	C:\Program Files\Java\jre-10.0.1\bin\msvcp120.dll
0x0000000066390000 - 0x0000000066e00000 	C:\Program Files\Java\jre-10.0.1\bin\server\jvm.dll
0x00007ff8c9250000 - 0x00007ff8c9258000 	C:\WINDOWS\System32\PSAPI.DLL
0x00007ff8b0700000 - 0x00007ff8b0709000 	C:\WINDOWS\SYSTEM32\WSOCK32.dll
0x00007ff8c9130000 - 0x00007ff8c919c000 	C:\WINDOWS\System32\WS2_32.dll
0x00007ff8c1e10000 - 0x00007ff8c1e33000 	C:\WINDOWS\SYSTEM32\WINMM.dll
0x00007ff8c1dc0000 - 0x00007ff8c1dea000 	C:\WINDOWS\SYSTEM32\WINMMBASE.dll
0x00007ff8c6160000 - 0x00007ff8c61aa000 	C:\WINDOWS\System32\cfgmgr32.dll
0x00007ff8c0920000 - 0x00007ff8c092f000 	C:\Program Files\Java\jre-10.0.1\bin\verify.dll
0x00007ff8c5bb0000 - 0x00007ff8c5d78000 	C:\WINDOWS\SYSTEM32\DBGHELP.DLL
0x00007ff8afe40000 - 0x00007ff8afe69000 	C:\WINDOWS\SYSTEM32\dbgcore.DLL
0x00007ff8ab3e0000 - 0x00007ff8ab407000 	C:\Program Files\Java\jre-10.0.1\bin\java.dll
0x00007ff8aa9c0000 - 0x00007ff8aa9ea000 	C:\Program Files\Java\jre-10.0.1\bin\instrument.dll
0x00007ff8bfca0000 - 0x00007ff8bfcb6000 	C:\Program Files\Java\jre-10.0.1\bin\zip.dll
0x00007ff8bfa00000 - 0x00007ff8bfa0a000 	C:\Program Files\Java\jre-10.0.1\bin\jimage.dll
0x00007ff8c7ac0000 - 0x00007ff8c8ef6000 	C:\WINDOWS\System32\SHELL32.dll
0x00007ff8c93f0000 - 0x00007ff8c9496000 	C:\WINDOWS\System32\shcore.dll
0x00007ff8c6ac0000 - 0x00007ff8c7207000 	C:\WINDOWS\System32\windows.storage.dll
0x00007ff8c7920000 - 0x00007ff8c7971000 	C:\WINDOWS\System32\shlwapi.dll
0x00007ff8c60d0000 - 0x00007ff8c60e1000 	C:\WINDOWS\System32\kernel.appcore.dll
0x00007ff8c60f0000 - 0x00007ff8c613c000 	C:\WINDOWS\System32\powrprof.dll
0x00007ff8c60b0000 - 0x00007ff8c60cb000 	C:\WINDOWS\System32\profapi.dll
0x00007ff8b01d0000 - 0x00007ff8b01ea000 	C:\Program Files\Java\jre-10.0.1\bin\net.dll
0x00007ff8c3de0000 - 0x00007ff8c3ebe000 	C:\WINDOWS\SYSTEM32\WINHTTP.dll
0x00007ff8c5590000 - 0x00007ff8c55f6000 	C:\WINDOWS\system32\mswsock.dll
0x00007ff8afe90000 - 0x00007ff8afea1000 	C:\Program Files\Java\jre-10.0.1\bin\nio.dll
0x00007ff8ab3c0000 - 0x00007ff8ab3da000 	C:\Users\Retizex\AppData\Roaming\JetBrains\IntelliJ IDEA 2018.1.1\bin\breakgen64.dll
0x00007ff87dc20000 - 0x00007ff87ddbb000 	C:\Program Files\Java\jre-10.0.1\bin\awt.dll
0x00007ff8c75b0000 - 0x00007ff8c7675000 	C:\WINDOWS\System32\OLEAUT32.dll
0x00007ff8c2af0000 - 0x00007ff8c30a8000 	C:\WINDOWS\SYSTEM32\d2d1.dll
0x00007ff8c6630000 - 0x00007ff8c67fe000 	C:\WINDOWS\System32\CRYPT32.dll
0x00007ff8c6140000 - 0x00007ff8c6152000 	C:\WINDOWS\System32\MSASN1.dll
0x00007ff8c36c0000 - 0x00007ff8c3748000 	C:\WINDOWS\SYSTEM32\apphelp.dll
0x00007ff8c39f0000 - 0x00007ff8c3a1a000 	C:\WINDOWS\system32\DWMAPI.DLL
0x00007ff8c3920000 - 0x00007ff8c39b5000 	C:\WINDOWS\system32\uxtheme.dll
0x00007ff8a2ff0000 - 0x00007ff8a310e000 	C:\WINDOWS\system32\opengl32.dll
0x00007ff8a4320000 - 0x00007ff8a434c000 	C:\WINDOWS\SYSTEM32\GLU32.dll
0x00007ff8c8f10000 - 0x00007ff8c9077000 	C:\WINDOWS\System32\MSCTF.dll
0x00007ff8a5cf0000 - 0x00007ff8a5d99000 	C:\Program Files\Common Files\microsoft shared\ink\tiptsf.dll
0x00007ff8c7780000 - 0x00007ff8c78c9000 	C:\WINDOWS\System32\ole32.dll
0x0000000180000000 - 0x0000000180025000 	C:\Windows\System32\rxtxSerial.dll

dbghelp: loaded successfully - version: 4.0.5 - missing functions: none
symbol engine: initialized successfully - sym options: 0x614 - pdb path: .;C:\Program Files\Java\jre-10.0.1\bin;C:\WINDOWS\SYSTEM32;C:\WINDOWS\WinSxS\amd64_microsoft.windows.common-controls_6595b64144ccf1df_6.0.16299.371_none_15c7d1789365a290;C:\Program Files\Java\jre-10.0.1\bin\server;C:\Users\Retizex\AppData\Roaming\JetBrains\IntelliJ IDEA 2018.1.1\bin;C:\Program Files\Common Files\microsoft shared\ink

VM Arguments:
jvm_args: -javaagent:C:\Users\Retizex\AppData\Roaming\JetBrains\IntelliJ IDEA 2018.1.1\lib\idea_rt.jar=62625:C:\Users\Retizex\AppData\Roaming\JetBrains\IntelliJ IDEA 2018.1.1\bin -Dfile.encoding=UTF-8 
java_command: Terminal
java_class_path (initial): C:\Users\Retizex\Documents\GitHub\nustarselectrica\Radio\out\production\Radio;C:\Users\Retizex\.ivy2\cache\org.scala-lang\scala-library\jars\scala-library-2.12.4.jar;C:\Users\Retizex\.ivy2\cache\org.scala-lang\scala-reflect\jars\scala-reflect-2.12.4.jar;C:\Users\Retizex\.ivy2\cache\org.scala-lang\scala-library\srcs\scala-library-2.12.4-sources.jar;C:\Users\Retizex\.ivy2\cache\org.scala-lang\scala-reflect\srcs\scala-reflect-2.12.4-sources.jar;C:\Users\Retizex\Documents\GitHub\nustarselectrica\Radio\libs\android-sdk-5.1.1.jar;C:\Users\Retizex\Documents\GitHub\nustarselectrica\Radio\libs\android-sdk-addon-3.jar;C:\Users\Retizex\Documents\GitHub\nustarselectrica\Radio\libs\rxtx-2.2.jar;C:\Users\Retizex\Documents\GitHub\nustarselectrica\Radio\libs\xbee-java-library-1.2.1.jar;C:\Users\Retizex\Documents\GitHub\nustarselectrica\Radio\libs\slf4j-api-1.7.12.jar;C:\Users\Retizex\Documents\GitHub\nustarselectrica\Radio\libs\slf4j-nop-1.7.12.jar
Launcher Type: SUN_STANDARD

Logging:
Log output configuration:
#0: stdout all=warning uptime,level,tags
#1: stderr all=off uptime,level,tags

Environment Variables:
PATH=C:\WINDOWS;C:\WINDOWS;C:\WINDOWS;C:\Program Files (x86)\Common Files\Oracle\Java\javapath;C:\ProgramData\Oracle\Java\javapath;C:\WINDOWS\system32;C:\WINDOWS;C:\WINDOWS\System32\Wbem;C:\WINDOWS\System32\WindowsPowerShell\v1.0\;C:\Program Files\Intel\WiFi\bin\;C:\Program Files\Common Files\Intel\WirelessCommon\;C:\Program Files\PuTTY\;C:\Program Files (x86)\Skype\Phone\;C:\Program Files\MATLAB\R2017b\bin;C:\Android;C:\Windows\System32;C:\Program Files\MiKTeX 2.9\miktex\bin\x64\;C:\Users\Retizex\AppData\Local\Programs\Python\Python36\Scripts\;C:\Users\Retizex\AppData\Local\Programs\Python\Python36\;C:\Program Files\Intel\WiFi\bin\;C:\Program Files\Common Files\Intel\WirelessCommon\;C:\Users\Retizex\AppData\Local\Microsoft\WindowsApps;C:\Users\Retizex\AppData\Local\GitHubDesktop\bin;
USERNAME=Retizex
OS=Windows_NT
PROCESSOR_IDENTIFIER=Intel64 Family 6 Model 142 Stepping 9, GenuineIntel



---------------  S Y S T E M  ---------------

OS: Windows 10 , 64 bit Build 16299 (10.0.16299.15)

CPU:total 4 (initial active 4) (2 cores per cpu, 2 threads per core) family 6 model 142 stepping 9, cmov, cx8, fxsr, mmx, sse, sse2, sse3, ssse3, sse4.1, sse4.2, popcnt, avx, avx2, aes, clmul, erms, 3dnowpref, lzcnt, ht, tsc, tscinvbit, bmi1, bmi2, adx, fma

Memory: 4k page, physical 8239884k(2128116k free), swap 13128400k(1398836k free)

vm_info: Java HotSpot(TM) 64-Bit Server VM (10.0.1+10) for windows-amd64 JRE (10.0.1+10), built on Mar 27 2018 02:27:48 by "mach5one" with MS VC++ 12.0 (VS2013)

END.
