#
# A fatal error has been detected by the Java Runtime Environment:
#
#  EXCEPTION_ACCESS_VIOLATION (0xc0000005) at pc=0x00000001800044cb, pid=2056, tid=7512
#
# JRE version: Java(TM) SE Runtime Environment (10.0.1+10) (build 10.0.1+10)
# Java VM: Java HotSpot(TM) 64-Bit Server VM (10.0.1+10, mixed mode, tiered, compressed oops, g1 gc, windows-amd64)
# Problematic frame:
# C  [rxtxSerial.dll+0x44cb]
#
# No core dump will be written. Minidumps are not enabled by default on client versions of Windows
#
# If you would like to submit a bug report, please visit:
#   http://bugreport.java.com/bugreport/crash.jsp
# The crash happened outside the Java Virtual Machine in native code.
# See problematic frame for where to report the bug.
#

---------------  S U M M A R Y ------------

Command Line: -javaagent:C:\Users\Retizex\AppData\Roaming\JetBrains\IntelliJ IDEA 2018.1.1\lib\idea_rt.jar=61015:C:\Users\Retizex\AppData\Roaming\JetBrains\IntelliJ IDEA 2018.1.1\bin -Dfile.encoding=UTF-8 Controller

Host: Intel(R) Core(TM) i7-7500U CPU @ 2.70GHz, 4 cores, 7G,  Windows 10 , 64 bit Build 16299 (10.0.16299.431)
Time: Sun May 13 17:12:12 2018 Central Daylight Time elapsed time: 1 seconds (0d 0h 0m 1s)

---------------  T H R E A D  ---------------

Current thread (0x00000206c6580800):  JavaThread "main" [_thread_in_native, id=7512, stack(0x000000a3fcc00000,0x000000a3fcd00000)]

Stack: [0x000000a3fcc00000,0x000000a3fcd00000],  sp=0x000000a3fccfebf0,  free space=1018k
Native frames: (J=compiled Java code, j=interpreted, Vv=VM code, C=native code)
C  [rxtxSerial.dll+0x44cb]

Java frames: (J=compiled Java code, j=interpreted, Vv=VM code)
j  gnu.io.RXTXPort.nativeDrain(Z)Z+0
j  gnu.io.RXTXPort$SerialOutputStream.flush()V+92
j  com.digi.xbee.api.connection.serial.AbstractSerialPort.writeData([B)V+95
j  com.digi.xbee.api.AbstractXBeeDevice.writePacket(Lcom/digi/xbee/api/packet/XBeePacket;)V+80
j  com.digi.xbee.api.AbstractXBeeDevice.sendXBeePacket(Lcom/digi/xbee/api/packet/XBeePacket;)Lcom/digi/xbee/api/packet/XBeePacket;+145
j  com.digi.xbee.api.AbstractXBeeDevice.sendATCommand(Lcom/digi/xbee/api/models/ATCommand;)Lcom/digi/xbee/api/models/ATCommandResponse;+363
j  com.digi.xbee.api.XBeeDevice.determineOperatingMode()Lcom/digi/xbee/api/models/OperatingMode;+28
j  com.digi.xbee.api.XBeeDevice.open()V+140
j  Controller$.main([Ljava/lang/String;)V+46
j  Controller.main([Ljava/lang/String;)V+4
v  ~StubRoutines::call_stub

siginfo: EXCEPTION_ACCESS_VIOLATION (0xc0000005), reading address 0xffffffffff0fef2c


Register to memory mapping:

RIP=0x00000001800044cb rxtxSerial.dll
RAX=0x000000000000001c is an unknown value
RBX=0x0000000000000001 is an unknown value
RCX=0x000000a3fccfefcc is pointing into the stack for thread: 0x00000206c6580800
RDX=0x0000000000000000 is an unknown value
RSP=0x000000a3fccfebf0 is pointing into the stack for thread: 0x00000206c6580800
RBP=0x0000000000000001 is an unknown value
RSI=0x0000000000000000 is an unknown value
RDI=0x00000206c6580a70 is an unknown value
R8 =0x000000a3fccfe8b0 is pointing into the stack for thread: 0x00000206c6580800
R9 =0x0000000180000000 rxtxSerial.dll
R10=0x0000000000000000 is an unknown value
R11=0x0000000000000200 is an unknown value
R12=0xffffffffff0fef20 is an unknown value
R13=0x0000000000000000 is an unknown value
R14=0x000000a3fccff0e8 is pointing into the stack for thread: 0x00000206c6580800
R15=0x00000206c6580800 is a thread


Registers:
RAX=0x000000000000001c, RBX=0x0000000000000001, RCX=0x000000a3fccfefcc, RDX=0x0000000000000000
RSP=0x000000a3fccfebf0, RBP=0x0000000000000001, RSI=0x0000000000000000, RDI=0x00000206c6580a70
R8 =0x000000a3fccfe8b0, R9 =0x0000000180000000, R10=0x0000000000000000, R11=0x0000000000000200
R12=0xffffffffff0fef20, R13=0x0000000000000000, R14=0x000000a3fccff0e8, R15=0x00000206c6580800
RIP=0x00000001800044cb, EFLAGS=0x0000000000010282

Top of Stack: (sp=0x000000a3fccfebf0)
0x000000a3fccfebf0:   00000206ec334028 000000018001c4c0
0x000000a3fccfec00:   0000000000000000 0000000000000001
0x000000a3fccfec10:   000000006ec6be50 000000a3fccfee00
0x000000a3fccfec20:   000000a3fccff0e8 00000206d191de00
0x000000a3fccfec30:   00000206c6580800 000000006ef1dd26
0x000000a3fccfec40:   00000206c65814f0 000000a3fccfee30
0x000000a3fccfec50:   00000206c65814f0 000000a3fccfee30
0x000000a3fccfec60:   00000206c657e090 000000006ef1d9ac
0x000000a3fccfec70:   000000a3fccfecc0 00000206c6580800
0x000000a3fccfec80:   00000206e775a568 00000206e775cb08
0x000000a3fccfec90:   000000a3fccfed70 000000006ef1dd26
0x000000a3fccfeca0:   00000206ec334028 00000206c657e090
0x000000a3fccfecb0:   00000206ec330000 000000006e9c736d
0x000000a3fccfecc0:   0000000000000000 000000006ef1d5c8
0x000000a3fccfecd0:   000000a3fccfed70 0000020600000004
0x000000a3fccfece0:   00000000e7900000 00000206c6580800 

Instructions: (pc=0x00000001800044cb)
0x00000001800044ab:   1f 48 8b d3 48 8b cf 41 ff 93 b8 00 00 00 45 84
0x00000001800044bb:   ed 0f 85 b7 00 00 00 4d 85 e4 0f 84 ae 00 00 00
0x00000001800044cb:   41 83 7c 24 0c 00 0f 84 a2 00 00 00 48 8d 4c 24
0x00000001800044db:   38 49 8b d4 41 b8 40 03 00 00 e8 06 64 00 00 4c 



---------------  P R O C E S S  ---------------

Threads class SMR info:
_java_thread_list=0x00000206eb4fc3a0, length=19, elements={
0x00000206c6580800, 0x00000206e78b5800, 0x00000206e78b7000, 0x00000206e8222800,
0x00000206e8223800, 0x00000206e78cc800, 0x00000206e78d2000, 0x00000206e78d2800,
0x00000206e78d3800, 0x00000206e8554000, 0x00000206e85de000, 0x00000206e85aa800,
0x00000206e8dde800, 0x00000206e8e35800, 0x00000206e8ed2000, 0x00000206e8fd5800,
0x00000206eb201000, 0x00000206eb0ff000, 0x00000206eb103800
}

Java Threads: ( => current thread )
=>0x00000206c6580800 JavaThread "main" [_thread_in_native, id=7512, stack(0x000000a3fcc00000,0x000000a3fcd00000)]
  0x00000206e78b5800 JavaThread "Reference Handler" daemon [_thread_blocked, id=12080, stack(0x000000a3fd900000,0x000000a3fda00000)]
  0x00000206e78b7000 JavaThread "Finalizer" daemon [_thread_blocked, id=7088, stack(0x000000a3fda00000,0x000000a3fdb00000)]
  0x00000206e8222800 JavaThread "Signal Dispatcher" daemon [_thread_blocked, id=4780, stack(0x000000a3fdc00000,0x000000a3fdd00000)]
  0x00000206e8223800 JavaThread "Attach Listener" daemon [_thread_blocked, id=1248, stack(0x000000a3fdd00000,0x000000a3fde00000)]
  0x00000206e78cc800 JavaThread "C2 CompilerThread0" daemon [_thread_blocked, id=572, stack(0x000000a3fde00000,0x000000a3fdf00000)]
  0x00000206e78d2000 JavaThread "C2 CompilerThread1" daemon [_thread_blocked, id=4388, stack(0x000000a3fdf00000,0x000000a3fe000000)]
  0x00000206e78d2800 JavaThread "C1 CompilerThread2" daemon [_thread_blocked, id=10292, stack(0x000000a3fe000000,0x000000a3fe100000)]
  0x00000206e78d3800 JavaThread "Sweeper thread" daemon [_thread_blocked, id=1776, stack(0x000000a3fe100000,0x000000a3fe200000)]
  0x00000206e8554000 JavaThread "Common-Cleaner" daemon [_thread_blocked, id=4848, stack(0x000000a3fe200000,0x000000a3fe300000)]
  0x00000206e85de000 JavaThread "Monitor Ctrl-Break" daemon [_thread_in_native, id=6736, stack(0x000000a3fe300000,0x000000a3fe400000)]
  0x00000206e85aa800 JavaThread "Service Thread" daemon [_thread_blocked, id=1572, stack(0x000000a3fe400000,0x000000a3fe500000)]
  0x00000206e8dde800 JavaThread "Java2D Disposer" daemon [_thread_blocked, id=6680, stack(0x000000a3fe700000,0x000000a3fe800000)]
  0x00000206e8e35800 JavaThread "AWT-Shutdown" [_thread_blocked, id=13648, stack(0x000000a3fe800000,0x000000a3fe900000)]
  0x00000206e8ed2000 JavaThread "AWT-Windows" daemon [_thread_in_native, id=13560, stack(0x000000a3fe900000,0x000000a3fea00000)]
  0x00000206e8fd5800 JavaThread "AWT-EventQueue-0" [_thread_blocked, id=5312, stack(0x000000a3fea00000,0x000000a3feb00000)]
  0x00000206eb201000 JavaThread "TimerQueue" daemon [_thread_blocked, id=12688, stack(0x000000a3fef00000,0x000000a3ff000000)]
  0x00000206eb0ff000 JavaThread "Thread-0" [_thread_blocked, id=9476, stack(0x000000a3ff000000,0x000000a3ff100000)]
  0x00000206eb103800 JavaThread "Thread-1" [_thread_in_native, id=3260, stack(0x000000a3ff100000,0x000000a3ff200000)]

Other Threads:
  0x00000206e789f000 VMThread "VM Thread" [stack: 0x000000a3fd800000,0x000000a3fd900000] [id=13656]
  0x00000206e8561800 WatcherThread [stack: 0x000000a3fe500000,0x000000a3fe600000] [id=5892]
  0x00000206c6599800 GCTaskThread "GC Thread#0" [stack: 0x000000a3fcd00000,0x000000a3fce00000] [id=9840]
  0x00000206c659b000 GCTaskThread "GC Thread#1" [stack: 0x000000a3fce00000,0x000000a3fcf00000] [id=14112]
  0x00000206c659d800 GCTaskThread "GC Thread#2" [stack: 0x000000a3fcf00000,0x000000a3fd000000] [id=12948]
  0x00000206c659e800 GCTaskThread "GC Thread#3" [stack: 0x000000a3fd000000,0x000000a3fd100000] [id=11772]
  0x00000206c660a800 ConcurrentGCThread "G1 Main Marker" [stack: 0x000000a3fd100000,0x000000a3fd200000] [id=9304]
  0x00000206c660d000 ConcurrentGCThread "G1 Conc#0" [stack: 0x000000a3fd200000,0x000000a3fd300000] [id=2072]
  0x00000206e7721800 ConcurrentGCThread "G1 Refine#0" [stack: 0x000000a3fd300000,0x000000a3fd400000] [id=13352]
  0x00000206e7723800 ConcurrentGCThread "G1 Refine#1" [stack: 0x000000a3fd400000,0x000000a3fd500000] [id=13132]
  0x00000206e7724800 ConcurrentGCThread "G1 Refine#2" [stack: 0x000000a3fd500000,0x000000a3fd600000] [id=8320]
  0x00000206e7727800 ConcurrentGCThread "G1 Refine#3" [stack: 0x000000a3fd600000,0x000000a3fd700000] [id=7284]
  0x00000206e7729000 ConcurrentGCThread "G1 Young RemSet Sampling" [stack: 0x000000a3fd700000,0x000000a3fd800000] [id=12524]

Threads with active compile tasks:

VM state:not at safepoint (normal execution)

VM Mutex/Monitor currently owned by a thread: None

Heap address: 0x0000000082400000, size: 2012 MB, Compressed Oops mode: 32-bit
Narrow klass base: 0x0000000000000000, Narrow klass shift: 3
Compressed class space size: 1073741824 Address: 0x0000000100000000

Heap:
 garbage-first heap   total 129024K, used 8986K [0x0000000082400000, 0x0000000100000000)
  region size 1024K, 7 young (7168K), 4 survivors (4096K)
 Metaspace       used 21110K, capacity 21563K, committed 21884K, reserved 1069056K
  class space    used 2418K, capacity 2630K, committed 2684K, reserved 1048576K
Heap Regions: E=young(eden), S=young(survivor), O=old, HS=humongous(starts), HC=humongous(continues), CS=collection set, F=free, A=archive, TS=gc time stamp, AC=allocation context, TAMS=top-at-mark-start (previous, next)
|   0|0x0000000082400000, 0x0000000082500000, 0x0000000082500000|100%|HS|  |TS  0|AC  0|TAMS 0x0000000082500000, 0x0000000082500000|
|   1|0x0000000082500000, 0x0000000082600000, 0x0000000082600000|100%| O|  |TS  0|AC  0|TAMS 0x0000000082600000, 0x0000000082600000|
|   2|0x0000000082600000, 0x000000008262c400, 0x0000000082700000| 17%| O|  |TS  0|AC  0|TAMS 0x000000008262c400, 0x000000008262c400|
|   3|0x0000000082700000, 0x0000000082800000, 0x0000000082800000|100%|HS|  |TS  0|AC  0|TAMS 0x0000000082800000, 0x0000000082800000|
|   4|0x0000000082800000, 0x0000000082800000, 0x0000000082900000|  0%| F|  |TS  0|AC  0|TAMS 0x0000000082800000, 0x0000000082800000|
|   5|0x0000000082900000, 0x0000000082900000, 0x0000000082a00000|  0%| F|  |TS  0|AC  0|TAMS 0x0000000082900000, 0x0000000082900000|
|   6|0x0000000082a00000, 0x0000000082a00000, 0x0000000082b00000|  0%| F|  |TS  0|AC  0|TAMS 0x0000000082a00000, 0x0000000082a00000|
|   7|0x0000000082b00000, 0x0000000082b00000, 0x0000000082c00000|  0%| F|  |TS  0|AC  0|TAMS 0x0000000082b00000, 0x0000000082b00000|
|   8|0x0000000082c00000, 0x0000000082c00000, 0x0000000082d00000|  0%| F|  |TS  0|AC  0|TAMS 0x0000000082c00000, 0x0000000082c00000|
|   9|0x0000000082d00000, 0x0000000082d00000, 0x0000000082e00000|  0%| F|  |TS  0|AC  0|TAMS 0x0000000082d00000, 0x0000000082d00000|
|  10|0x0000000082e00000, 0x0000000082e00000, 0x0000000082f00000|  0%| F|  |TS  0|AC  0|TAMS 0x0000000082e00000, 0x0000000082e00000|
|  11|0x0000000082f00000, 0x0000000082f00000, 0x0000000083000000|  0%| F|  |TS  0|AC  0|TAMS 0x0000000082f00000, 0x0000000082f00000|
|  12|0x0000000083000000, 0x0000000083000000, 0x0000000083100000|  0%| F|  |TS  0|AC  0|TAMS 0x0000000083000000, 0x0000000083000000|
|  13|0x0000000083100000, 0x0000000083100000, 0x0000000083200000|  0%| F|  |TS  0|AC  0|TAMS 0x0000000083100000, 0x0000000083100000|
|  14|0x0000000083200000, 0x0000000083200000, 0x0000000083300000|  0%| F|  |TS  0|AC  0|TAMS 0x0000000083200000, 0x0000000083200000|
|  15|0x0000000083300000, 0x0000000083300000, 0x0000000083400000|  0%| F|  |TS  0|AC  0|TAMS 0x0000000083300000, 0x0000000083300000|
|  16|0x0000000083400000, 0x0000000083400000, 0x0000000083500000|  0%| F|  |TS  0|AC  0|TAMS 0x0000000083400000, 0x0000000083400000|
|  17|0x0000000083500000, 0x0000000083500000, 0x0000000083600000|  0%| F|  |TS  0|AC  0|TAMS 0x0000000083500000, 0x0000000083500000|
|  18|0x0000000083600000, 0x0000000083600000, 0x0000000083700000|  0%| F|  |TS  0|AC  0|TAMS 0x0000000083600000, 0x0000000083600000|
|  19|0x0000000083700000, 0x0000000083700000, 0x0000000083800000|  0%| F|  |TS  0|AC  0|TAMS 0x0000000083700000, 0x0000000083700000|
|  20|0x0000000083800000, 0x0000000083800000, 0x0000000083900000|  0%| F|  |TS  0|AC  0|TAMS 0x0000000083800000, 0x0000000083800000|
|  21|0x0000000083900000, 0x0000000083900000, 0x0000000083a00000|  0%| F|  |TS  0|AC  0|TAMS 0x0000000083900000, 0x0000000083900000|
|  22|0x0000000083a00000, 0x0000000083a00000, 0x0000000083b00000|  0%| F|  |TS  0|AC  0|TAMS 0x0000000083a00000, 0x0000000083a00000|
|  23|0x0000000083b00000, 0x0000000083b00000, 0x0000000083c00000|  0%| F|  |TS  0|AC  0|TAMS 0x0000000083b00000, 0x0000000083b00000|
|  24|0x0000000083c00000, 0x0000000083c00000, 0x0000000083d00000|  0%| F|  |TS  0|AC  0|TAMS 0x0000000083c00000, 0x0000000083c00000|
|  25|0x0000000083d00000, 0x0000000083d00000, 0x0000000083e00000|  0%| F|  |TS  0|AC  0|TAMS 0x0000000083d00000, 0x0000000083d00000|
|  26|0x0000000083e00000, 0x0000000083e00000, 0x0000000083f00000|  0%| F|  |TS  0|AC  0|TAMS 0x0000000083e00000, 0x0000000083e00000|
|  27|0x0000000083f00000, 0x0000000083f00000, 0x0000000084000000|  0%| F|  |TS  0|AC  0|TAMS 0x0000000083f00000, 0x0000000083f00000|
|  28|0x0000000084000000, 0x0000000084000000, 0x0000000084100000|  0%| F|  |TS  0|AC  0|TAMS 0x0000000084000000, 0x0000000084000000|
|  29|0x0000000084100000, 0x0000000084100000, 0x0000000084200000|  0%| F|  |TS  0|AC  0|TAMS 0x0000000084100000, 0x0000000084100000|
|  30|0x0000000084200000, 0x0000000084200000, 0x0000000084300000|  0%| F|  |TS  0|AC  0|TAMS 0x0000000084200000, 0x0000000084200000|
|  31|0x0000000084300000, 0x0000000084300000, 0x0000000084400000|  0%| F|  |TS  0|AC  0|TAMS 0x0000000084300000, 0x0000000084300000|
|  32|0x0000000084400000, 0x0000000084400000, 0x0000000084500000|  0%| F|  |TS  0|AC  0|TAMS 0x0000000084400000, 0x0000000084400000|
|  33|0x0000000084500000, 0x0000000084500000, 0x0000000084600000|  0%| F|  |TS  0|AC  0|TAMS 0x0000000084500000, 0x0000000084500000|
|  34|0x0000000084600000, 0x0000000084600000, 0x0000000084700000|  0%| F|  |TS  0|AC  0|TAMS 0x0000000084600000, 0x0000000084600000|
|  35|0x0000000084700000, 0x0000000084700000, 0x0000000084800000|  0%| F|  |TS  0|AC  0|TAMS 0x0000000084700000, 0x0000000084700000|
|  36|0x0000000084800000, 0x0000000084800000, 0x0000000084900000|  0%| F|  |TS  0|AC  0|TAMS 0x0000000084800000, 0x0000000084800000|
|  37|0x0000000084900000, 0x0000000084900000, 0x0000000084a00000|  0%| F|  |TS  0|AC  0|TAMS 0x0000000084900000, 0x0000000084900000|
|  38|0x0000000084a00000, 0x0000000084a00000, 0x0000000084b00000|  0%| F|  |TS  0|AC  0|TAMS 0x0000000084a00000, 0x0000000084a00000|
|  39|0x0000000084b00000, 0x0000000084b00000, 0x0000000084c00000|  0%| F|  |TS  0|AC  0|TAMS 0x0000000084b00000, 0x0000000084b00000|
|  40|0x0000000084c00000, 0x0000000084c00000, 0x0000000084d00000|  0%| F|  |TS  0|AC  0|TAMS 0x0000000084c00000, 0x0000000084c00000|
|  41|0x0000000084d00000, 0x0000000084d00000, 0x0000000084e00000|  0%| F|  |TS  0|AC  0|TAMS 0x0000000084d00000, 0x0000000084d00000|
|  42|0x0000000084e00000, 0x0000000084e00000, 0x0000000084f00000|  0%| F|  |TS  0|AC  0|TAMS 0x0000000084e00000, 0x0000000084e00000|
|  43|0x0000000084f00000, 0x0000000084f00000, 0x0000000085000000|  0%| F|  |TS  0|AC  0|TAMS 0x0000000084f00000, 0x0000000084f00000|
|  44|0x0000000085000000, 0x0000000085000000, 0x0000000085100000|  0%| F|  |TS  0|AC  0|TAMS 0x0000000085000000, 0x0000000085000000|
|  45|0x0000000085100000, 0x0000000085100000, 0x0000000085200000|  0%| F|  |TS  0|AC  0|TAMS 0x0000000085100000, 0x0000000085100000|
|  46|0x0000000085200000, 0x0000000085200000, 0x0000000085300000|  0%| F|  |TS  0|AC  0|TAMS 0x0000000085200000, 0x0000000085200000|
|  47|0x0000000085300000, 0x0000000085300000, 0x0000000085400000|  0%| F|  |TS  0|AC  0|TAMS 0x0000000085300000, 0x0000000085300000|
|  48|0x0000000085400000, 0x0000000085400000, 0x0000000085500000|  0%| F|  |TS  0|AC  0|TAMS 0x0000000085400000, 0x0000000085400000|
|  49|0x0000000085500000, 0x0000000085500000, 0x0000000085600000|  0%| F|  |TS  0|AC  0|TAMS 0x0000000085500000, 0x0000000085500000|
|  50|0x0000000085600000, 0x0000000085600000, 0x0000000085700000|  0%| F|  |TS  0|AC  0|TAMS 0x0000000085600000, 0x0000000085600000|
|  51|0x0000000085700000, 0x0000000085700000, 0x0000000085800000|  0%| F|  |TS  0|AC  0|TAMS 0x0000000085700000, 0x0000000085700000|
|  52|0x0000000085800000, 0x0000000085800000, 0x0000000085900000|  0%| F|  |TS  0|AC  0|TAMS 0x0000000085800000, 0x0000000085800000|
|  53|0x0000000085900000, 0x0000000085900000, 0x0000000085a00000|  0%| F|  |TS  0|AC  0|TAMS 0x0000000085900000, 0x0000000085900000|
|  54|0x0000000085a00000, 0x0000000085a00000, 0x0000000085b00000|  0%| F|  |TS  0|AC  0|TAMS 0x0000000085a00000, 0x0000000085a00000|
|  55|0x0000000085b00000, 0x0000000085b00000, 0x0000000085c00000|  0%| F|  |TS  0|AC  0|TAMS 0x0000000085b00000, 0x0000000085b00000|
|  56|0x0000000085c00000, 0x0000000085c00000, 0x0000000085d00000|  0%| F|  |TS  0|AC  0|TAMS 0x0000000085c00000, 0x0000000085c00000|
|  57|0x0000000085d00000, 0x0000000085d00000, 0x0000000085e00000|  0%| F|  |TS  0|AC  0|TAMS 0x0000000085d00000, 0x0000000085d00000|
|  58|0x0000000085e00000, 0x0000000085e00000, 0x0000000085f00000|  0%| F|  |TS  0|AC  0|TAMS 0x0000000085e00000, 0x0000000085e00000|
|  59|0x0000000085f00000, 0x0000000085f00000, 0x0000000086000000|  0%| F|  |TS  0|AC  0|TAMS 0x0000000085f00000, 0x0000000085f00000|
|  60|0x0000000086000000, 0x0000000086000000, 0x0000000086100000|  0%| F|  |TS  0|AC  0|TAMS 0x0000000086000000, 0x0000000086000000|
|  61|0x0000000086100000, 0x0000000086100000, 0x0000000086200000|  0%| F|  |TS  0|AC  0|TAMS 0x0000000086100000, 0x0000000086100000|
|  62|0x0000000086200000, 0x0000000086200000, 0x0000000086300000|  0%| F|  |TS  0|AC  0|TAMS 0x0000000086200000, 0x0000000086200000|
|  63|0x0000000086300000, 0x0000000086300000, 0x0000000086400000|  0%| F|  |TS  0|AC  0|TAMS 0x0000000086300000, 0x0000000086300000|
|  64|0x0000000086400000, 0x0000000086400000, 0x0000000086500000|  0%| F|  |TS  0|AC  0|TAMS 0x0000000086400000, 0x0000000086400000|
|  65|0x0000000086500000, 0x0000000086500000, 0x0000000086600000|  0%| F|  |TS  0|AC  0|TAMS 0x0000000086500000, 0x0000000086500000|
|  66|0x0000000086600000, 0x0000000086600000, 0x0000000086700000|  0%| F|  |TS  0|AC  0|TAMS 0x0000000086600000, 0x0000000086600000|
|  67|0x0000000086700000, 0x0000000086700000, 0x0000000086800000|  0%| F|  |TS  0|AC  0|TAMS 0x0000000086700000, 0x0000000086700000|
|  68|0x0000000086800000, 0x0000000086800000, 0x0000000086900000|  0%| F|  |TS  0|AC  0|TAMS 0x0000000086800000, 0x0000000086800000|
|  69|0x0000000086900000, 0x0000000086900000, 0x0000000086a00000|  0%| F|  |TS  0|AC  0|TAMS 0x0000000086900000, 0x0000000086900000|
|  70|0x0000000086a00000, 0x0000000086a00000, 0x0000000086b00000|  0%| F|  |TS  0|AC  0|TAMS 0x0000000086a00000, 0x0000000086a00000|
|  71|0x0000000086b00000, 0x0000000086b00000, 0x0000000086c00000|  0%| F|  |TS  0|AC  0|TAMS 0x0000000086b00000, 0x0000000086b00000|
|  72|0x0000000086c00000, 0x0000000086c00000, 0x0000000086d00000|  0%| F|  |TS  0|AC  0|TAMS 0x0000000086c00000, 0x0000000086c00000|
|  73|0x0000000086d00000, 0x0000000086d00000, 0x0000000086e00000|  0%| F|  |TS  0|AC  0|TAMS 0x0000000086d00000, 0x0000000086d00000|
|  74|0x0000000086e00000, 0x0000000086e00000, 0x0000000086f00000|  0%| F|  |TS  0|AC  0|TAMS 0x0000000086e00000, 0x0000000086e00000|
|  75|0x0000000086f00000, 0x0000000086f00000, 0x0000000087000000|  0%| F|  |TS  0|AC  0|TAMS 0x0000000086f00000, 0x0000000086f00000|
|  76|0x0000000087000000, 0x0000000087000000, 0x0000000087100000|  0%| F|  |TS  0|AC  0|TAMS 0x0000000087000000, 0x0000000087000000|
|  77|0x0000000087100000, 0x0000000087100000, 0x0000000087200000|  0%| F|  |TS  0|AC  0|TAMS 0x0000000087100000, 0x0000000087100000|
|  78|0x0000000087200000, 0x0000000087200000, 0x0000000087300000|  0%| F|  |TS  0|AC  0|TAMS 0x0000000087200000, 0x0000000087200000|
|  79|0x0000000087300000, 0x0000000087300000, 0x0000000087400000|  0%| F|  |TS  0|AC  0|TAMS 0x0000000087300000, 0x0000000087300000|
|  80|0x0000000087400000, 0x0000000087400000, 0x0000000087500000|  0%| F|  |TS  0|AC  0|TAMS 0x0000000087400000, 0x0000000087400000|
|  81|0x0000000087500000, 0x0000000087500000, 0x0000000087600000|  0%| F|  |TS  0|AC  0|TAMS 0x0000000087500000, 0x0000000087500000|
|  82|0x0000000087600000, 0x0000000087600000, 0x0000000087700000|  0%| F|  |TS  0|AC  0|TAMS 0x0000000087600000, 0x0000000087600000|
|  83|0x0000000087700000, 0x0000000087700000, 0x0000000087800000|  0%| F|  |TS  0|AC  0|TAMS 0x0000000087700000, 0x0000000087700000|
|  84|0x0000000087800000, 0x0000000087800000, 0x0000000087900000|  0%| F|  |TS  0|AC  0|TAMS 0x0000000087800000, 0x0000000087800000|
|  85|0x0000000087900000, 0x0000000087900000, 0x0000000087a00000|  0%| F|  |TS  0|AC  0|TAMS 0x0000000087900000, 0x0000000087900000|
|  86|0x0000000087a00000, 0x0000000087a00000, 0x0000000087b00000|  0%| F|  |TS  0|AC  0|TAMS 0x0000000087a00000, 0x0000000087a00000|
|  87|0x0000000087b00000, 0x0000000087b00000, 0x0000000087c00000|  0%| F|  |TS  0|AC  0|TAMS 0x0000000087b00000, 0x0000000087b00000|
|  88|0x0000000087c00000, 0x0000000087c00000, 0x0000000087d00000|  0%| F|  |TS  0|AC  0|TAMS 0x0000000087c00000, 0x0000000087c00000|
|  89|0x0000000087d00000, 0x0000000087d00000, 0x0000000087e00000|  0%| F|  |TS  0|AC  0|TAMS 0x0000000087d00000, 0x0000000087d00000|
|  90|0x0000000087e00000, 0x0000000087e00000, 0x0000000087f00000|  0%| F|  |TS  0|AC  0|TAMS 0x0000000087e00000, 0x0000000087e00000|
|  91|0x0000000087f00000, 0x0000000087f00000, 0x0000000088000000|  0%| F|  |TS  0|AC  0|TAMS 0x0000000087f00000, 0x0000000087f00000|
|  92|0x0000000088000000, 0x0000000088000000, 0x0000000088100000|  0%| F|  |TS  0|AC  0|TAMS 0x0000000088000000, 0x0000000088000000|
|  93|0x0000000088100000, 0x0000000088100000, 0x0000000088200000|  0%| F|  |TS  0|AC  0|TAMS 0x0000000088100000, 0x0000000088100000|
|  94|0x0000000088200000, 0x0000000088200000, 0x0000000088300000|  0%| F|  |TS  0|AC  0|TAMS 0x0000000088200000, 0x0000000088200000|
|  95|0x0000000088300000, 0x0000000088300000, 0x0000000088400000|  0%| F|  |TS  0|AC  0|TAMS 0x0000000088300000, 0x0000000088300000|
|  96|0x0000000088400000, 0x0000000088400000, 0x0000000088500000|  0%| F|  |TS  0|AC  0|TAMS 0x0000000088400000, 0x0000000088400000|
|  97|0x0000000088500000, 0x0000000088500000, 0x0000000088600000|  0%| F|  |TS  0|AC  0|TAMS 0x0000000088500000, 0x0000000088500000|
|  98|0x0000000088600000, 0x0000000088600000, 0x0000000088700000|  0%| F|  |TS  0|AC  0|TAMS 0x0000000088600000, 0x0000000088600000|
|  99|0x0000000088700000, 0x0000000088700000, 0x0000000088800000|  0%| F|  |TS  0|AC  0|TAMS 0x0000000088700000, 0x0000000088700000|
| 100|0x0000000088800000, 0x0000000088800000, 0x0000000088900000|  0%| F|  |TS  0|AC  0|TAMS 0x0000000088800000, 0x0000000088800000|
| 101|0x0000000088900000, 0x0000000088900000, 0x0000000088a00000|  0%| F|  |TS  0|AC  0|TAMS 0x0000000088900000, 0x0000000088900000|
| 102|0x0000000088a00000, 0x0000000088a00000, 0x0000000088b00000|  0%| F|  |TS  0|AC  0|TAMS 0x0000000088a00000, 0x0000000088a00000|
| 103|0x0000000088b00000, 0x0000000088b00000, 0x0000000088c00000|  0%| F|  |TS  0|AC  0|TAMS 0x0000000088b00000, 0x0000000088b00000|
| 104|0x0000000088c00000, 0x0000000088c00000, 0x0000000088d00000|  0%| F|  |TS  0|AC  0|TAMS 0x0000000088c00000, 0x0000000088c00000|
| 105|0x0000000088d00000, 0x0000000088d00000, 0x0000000088e00000|  0%| F|  |TS  0|AC  0|TAMS 0x0000000088d00000, 0x0000000088d00000|
| 106|0x0000000088e00000, 0x0000000088e00000, 0x0000000088f00000|  0%| F|  |TS  0|AC  0|TAMS 0x0000000088e00000, 0x0000000088e00000|
| 107|0x0000000088f00000, 0x0000000088f9a618, 0x0000000089000000| 60%| S|CS|TS  0|AC  0|TAMS 0x0000000088f00000, 0x0000000088f00000|
| 108|0x0000000089000000, 0x0000000089100000, 0x0000000089100000|100%| S|CS|TS  0|AC  0|TAMS 0x0000000089000000, 0x0000000089000000|
| 109|0x0000000089100000, 0x0000000089200000, 0x0000000089200000|100%| S|CS|TS  0|AC  0|TAMS 0x0000000089100000, 0x0000000089100000|
| 110|0x0000000089200000, 0x0000000089200000, 0x0000000089300000|  0%| F|  |TS  0|AC  0|TAMS 0x0000000089200000, 0x0000000089200000|
| 111|0x0000000089300000, 0x0000000089300000, 0x0000000089400000|  0%| F|  |TS  0|AC  0|TAMS 0x0000000089300000, 0x0000000089300000|
| 112|0x0000000089400000, 0x0000000089500000, 0x0000000089500000|100%| S|CS|TS  0|AC  0|TAMS 0x0000000089400000, 0x0000000089400000|
| 113|0x0000000089500000, 0x0000000089500000, 0x0000000089600000|  0%| F|  |TS  0|AC  0|TAMS 0x0000000089500000, 0x0000000089500000|
| 114|0x0000000089600000, 0x0000000089600000, 0x0000000089700000|  0%| F|  |TS  0|AC  0|TAMS 0x0000000089600000, 0x0000000089600000|
| 115|0x0000000089700000, 0x0000000089700000, 0x0000000089800000|  0%| F|  |TS  0|AC  0|TAMS 0x0000000089700000, 0x0000000089700000|
| 116|0x0000000089800000, 0x0000000089800000, 0x0000000089900000|  0%| F|  |TS  0|AC  0|TAMS 0x0000000089800000, 0x0000000089800000|
| 117|0x0000000089900000, 0x0000000089900000, 0x0000000089a00000|  0%| F|  |TS  0|AC  0|TAMS 0x0000000089900000, 0x0000000089900000|
| 118|0x0000000089a00000, 0x0000000089a00000, 0x0000000089b00000|  0%| F|  |TS  0|AC  0|TAMS 0x0000000089a00000, 0x0000000089a00000|
| 119|0x0000000089b00000, 0x0000000089b00000, 0x0000000089c00000|  0%| F|  |TS  0|AC  0|TAMS 0x0000000089b00000, 0x0000000089b00000|
| 120|0x0000000089c00000, 0x0000000089c00000, 0x0000000089d00000|  0%| F|  |TS  0|AC  0|TAMS 0x0000000089c00000, 0x0000000089c00000|
| 121|0x0000000089d00000, 0x0000000089d00000, 0x0000000089e00000|  0%| F|  |TS  0|AC  0|TAMS 0x0000000089d00000, 0x0000000089d00000|
| 122|0x0000000089e00000, 0x0000000089e00000, 0x0000000089f00000|  0%| F|  |TS  0|AC  0|TAMS 0x0000000089e00000, 0x0000000089e00000|
| 123|0x0000000089f00000, 0x000000008a000000, 0x000000008a000000|100%| E|  |TS  0|AC  0|TAMS 0x0000000089f00000, 0x0000000089f00000|
| 124|0x000000008a000000, 0x000000008a100000, 0x000000008a100000|100%| E|CS|TS  0|AC  0|TAMS 0x000000008a000000, 0x000000008a000000|
| 125|0x000000008a100000, 0x000000008a200000, 0x000000008a200000|100%| E|CS|TS  0|AC  0|TAMS 0x000000008a100000, 0x000000008a100000|

Card table byte_map: [0x00000206e0d00000,0x00000206e10f0000] byte_map_base: 0x00000206e08ee000

Marking Bits (Prev, Next): (CMBitMap*) 0x00000206c6609b58, (CMBitMap*) 0x00000206c6609b20
 Prev Bits: [0x00000206e3450000, 0x00000206e53c0000)
 Next Bits: [0x00000206e14e0000, 0x00000206e3450000)

Polling page: 0x00000206c2200000

CodeHeap 'non-profiled nmethods': size=120064Kb used=670Kb max_used=670Kb free=119393Kb
 bounds [0x00000206d93d0000, 0x00000206d9640000, 0x00000206e0910000]
CodeHeap 'profiled nmethods': size=120000Kb used=2818Kb max_used=2818Kb free=117181Kb
 bounds [0x00000206d1ea0000, 0x00000206d2170000, 0x00000206d93d0000]
CodeHeap 'non-nmethods': size=5696Kb used=1221Kb max_used=1252Kb free=4474Kb
 bounds [0x00000206d1910000, 0x00000206d1b80000, 0x00000206d1ea0000]
 total_blobs=2477 nmethods=1585 adapters=502
 compilation: enabled

Compilation events (10 events):
Event: 1.919 Thread 0x00000206e78d2800 1576       3       sun.net.www.protocol.jar.Handler::indexOfBangSlash (52 bytes)
Event: 1.920 Thread 0x00000206e78d2800 nmethod 1576 0x00000206d2155390 code [0x00000206d2155620, 0x00000206d2156140]
Event: 1.920 Thread 0x00000206e78d2800 1577       3       java.net.URLStreamHandler::setURL (159 bytes)
Event: 1.921 Thread 0x00000206e78d2800 nmethod 1577 0x00000206d2156510 code [0x00000206d21568a0, 0x00000206d2157dd0]
Event: 1.933 Thread 0x00000206e78cc800 nmethod 1552 0x00000206d9476210 code [0x00000206d94763e0, 0x00000206d9476ef8]
Event: 1.938 Thread 0x00000206e78d2800 1578       3       java.lang.String::checkIndex (46 bytes)
Event: 1.939 Thread 0x00000206e78d2800 nmethod 1578 0x00000206d2158590 code [0x00000206d2158820, 0x00000206d2159200]
Event: 1.939 Thread 0x00000206e78d2800 1579       3       java.util.regex.Pattern::isSupplementary (20 bytes)
Event: 1.939 Thread 0x00000206e78d2800 nmethod 1579 0x00000206d2159590 code [0x00000206d2159760, 0x00000206d2159a38]
Event: 1.939 Thread 0x00000206e78d2800 1582       3       jdk.internal.org.objectweb.asm.ClassWriter::toByteArray (1423 bytes)

GC Heap History (4 events):
Event: 0.716 GC heap before
{Heap before GC invocations=0 (full 0):
 garbage-first heap   total 129024K, used 15360K [0x0000000082400000, 0x0000000100000000)
  region size 1024K, 14 young (14336K), 0 survivors (0K)
 Metaspace       used 12629K, capacity 12937K, committed 13184K, reserved 1060864K
  class space    used 1215K, capacity 1371K, committed 1408K, reserved 1048576K
}
Event: 0.722 GC heap after
{Heap after GC invocations=1 (full 0):
 garbage-first heap   total 129024K, used 4273K [0x0000000082400000, 0x0000000100000000)
  region size 1024K, 2 young (2048K), 2 survivors (2048K)
 Metaspace       used 12629K, capacity 12937K, committed 13184K, reserved 1060864K
  class space    used 1215K, capacity 1371K, committed 1408K, reserved 1048576K
}
Event: 1.719 GC heap before
{Heap before GC invocations=1 (full 0):
 garbage-first heap   total 129024K, used 17585K [0x0000000082400000, 0x0000000100000000)
  region size 1024K, 15 young (15360K), 2 survivors (2048K)
 Metaspace       used 20665K, capacity 21013K, committed 21248K, reserved 1069056K
  class space    used 2354K, capacity 2532K, committed 2560K, reserved 1048576K
}
Event: 1.728 GC heap after
{Heap after GC invocations=2 (full 0):
 garbage-first heap   total 129024K, used 6938K [0x0000000082400000, 0x0000000100000000)
  region size 1024K, 4 young (4096K), 4 survivors (4096K)
 Metaspace       used 20665K, capacity 21013K, committed 21248K, reserved 1069056K
  class space    used 2354K, capacity 2532K, committed 2560K, reserved 1048576K
}

Deoptimization events (10 events):
Event: 1.237 Thread 0x00000206c6580800 Uncommon trap: reason=unstable_if action=reinterpret pc=0x00000206d9409098 method=java.lang.AbstractStringBuilder.isLatin1()Z @ 10 c2
Event: 1.237 Thread 0x00000206c6580800 Uncommon trap: reason=unstable_if action=reinterpret pc=0x00000206d942c7e4 method=java.lang.AbstractStringBuilder.isLatin1()Z @ 10 c2
Event: 1.268 Thread 0x00000206c6580800 Uncommon trap: reason=unstable_if action=reinterpret pc=0x00000206d943c1c8 method=java.lang.StringUTF16.compress([CI[BII)I @ 20 c2
Event: 1.301 Thread 0x00000206c6580800 Uncommon trap: reason=unstable_if action=reinterpret pc=0x00000206d9438bdc method=java.lang.ref.SoftReference.get()Ljava/lang/Object; @ 6 c2
Event: 1.330 Thread 0x00000206c6580800 Uncommon trap: reason=intrinsic_or_type_checked_inlining action=make_not_entrant pc=0x00000206d9441c74 method=java.util.Arrays.copyOf([Ljava/lang/Object;ILjava/lang/Class;)[Ljava/lang/Object; @ 35 c2
Event: 1.365 Thread 0x00000206c6580800 Uncommon trap: reason=unstable_if action=reinterpret pc=0x00000206d9428734 method=java.lang.String.startsWith(Ljava/lang/String;I)Z @ 14 c2
Event: 1.510 Thread 0x00000206c6580800 Uncommon trap: reason=class_check action=maybe_recompile pc=0x00000206d93d9358 method=java.lang.String.equals(Ljava/lang/Object;)Z @ 8 c2
Event: 1.513 Thread 0x00000206c6580800 Uncommon trap: reason=class_check action=maybe_recompile pc=0x00000206d93d9358 method=java.lang.String.equals(Ljava/lang/Object;)Z @ 8 c2
Event: 1.542 Thread 0x00000206c6580800 Uncommon trap: reason=class_check action=maybe_recompile pc=0x00000206d93d9358 method=java.lang.String.equals(Ljava/lang/Object;)Z @ 8 c2
Event: 1.542 Thread 0x00000206c6580800 Uncommon trap: reason=class_check action=maybe_recompile pc=0x00000206d93d9358 method=java.lang.String.equals(Ljava/lang/Object;)Z @ 8 c2

Classes redefined (0 events):
No events

Internal exceptions (10 events):
Event: 0.907 Thread 0x00000206c6580800 Exception <a 'java/lang/NoSuchMethodError'{0x0000000089ff58d8}: java.lang.invoke.Invokers$Holder.invoke_MT(Ljava/lang/Object;Ljava/lang/Object;Ljava/lang/Object;Ljava/lang/Object;Ljava/lang/Object;Ljava/lang/Object;Ljava/lang/Object;Ljava/lang/Object;Ljav
Event: 1.071 Thread 0x00000206c6580800 Exception <a 'java/lang/NoSuchMethodError'{0x0000000089c77ef0}: java.lang.Object.$anonfun$$plus$plus$eq$1(Lscala/collection/generic/Growable;Ljava/lang/Object;)Lscala/collection/generic/Growable;> (0x0000000089c77ef0) thrown at [t:/workspace/open/src/hots
Event: 1.201 Thread 0x00000206c6580800 Exception <a 'java/lang/NoSuchMethodError'{0x0000000089a91760}: java.lang.Object.lambda$union$2(Ljava/util/regex/Pattern$CharPredicate;I)Z> (0x0000000089a91760) thrown at [t:/workspace/open/src/hotspot/share/interpreter/linkResolver.cpp, line 741]
Event: 1.278 Thread 0x00000206c6580800 Exception <a 'java/lang/NoSuchMethodError'{0x0000000089880158}: java.lang.invoke.DirectMethodHandle$Holder.invokeStatic(Ljava/lang/Object;Ljava/lang/Object;Ljava/lang/Object;Ljava/lang/Object;Ljava/lang/Object;Ljava/lang/Object;Ljava/lang/Object;Ljava/lan
Event: 1.282 Thread 0x00000206c6580800 Exception <a 'java/lang/NoSuchMethodError'{0x00000000898a0988}: java.lang.invoke.DirectMethodHandle$Holder.invokeStatic(Ljava/lang/Object;Ljava/lang/Object;Ljava/lang/Object;Ljava/lang/Object;Ljava/lang/Object;Ljava/lang/Object;Ljava/lang/Object;Ljava/lan
Event: 1.289 Thread 0x00000206c6580800 Exception <a 'java/lang/NoSuchMethodError'{0x00000000898c20b8}: java.lang.invoke.DirectMethodHandle$Holder.invokeStatic(Ljava/lang/Object;Ljava/lang/Object;Ljava/lang/Object;Ljava/lang/Object;Ljava/lang/Object;Ljava/lang/Object;Ljava/lang/Object;Ljava/lan
Event: 1.298 Thread 0x00000206c6580800 Exception <a 'java/lang/NoSuchMethodError'{0x00000000898e5220}: java.lang.invoke.DirectMethodHandle$Holder.invokeStatic(Ljava/lang/Object;Ljava/lang/Object;Ljava/lang/Object;Ljava/lang/Object;Ljava/lang/Object;Ljava/lang/Object;Ljava/lang/Object;Ljava/lan
Event: 1.355 Thread 0x00000206c6580800 Exception <a 'java/lang/NoSuchMethodError'{0x00000000897322d8}: java.lang.invoke.DirectMethodHandle$Holder.invokeStaticInit(Ljava/lang/Object;)V> (0x00000000897322d8) thrown at [t:/workspace/open/src/hotspot/share/interpreter/linkResolver.cpp, line 741]
Event: 1.704 Thread 0x00000206c6580800 Exception <a 'java/io/FileNotFoundException'{0x0000000089531290}> (0x0000000089531290) thrown at [t:/workspace/open/src/hotspot/share/prims/jni.cpp, line 611]
Event: 1.846 Thread 0x00000206c6580800 Exception <a 'java/io/FileNotFoundException'{0x000000008a1e9078}> (0x000000008a1e9078) thrown at [t:/workspace/open/src/hotspot/share/prims/jni.cpp, line 611]

Events (10 events):
Event: 1.940 loading class java/util/Formatter$Flags
Event: 1.940 loading class java/util/Formatter$Flags done
Event: 1.940 loading class java/util/Formatter$Conversion
Event: 1.940 loading class java/util/Formatter$Conversion done
Event: 1.940 loading class java/util/Formatter$FixedString
Event: 1.940 loading class java/util/Formatter$FixedString done
Event: 1.940 loading class java/util/LinkedHashMap$LinkedEntrySet
Event: 1.940 loading class java/util/LinkedHashMap$LinkedEntrySet done
Event: 1.940 loading class java/util/LinkedHashMap$LinkedEntryIterator
Event: 1.940 loading class java/util/LinkedHashMap$LinkedEntryIterator done


Dynamic libraries:
0x00007ff684620000 - 0x00007ff68465e000 	C:\Program Files\Java\jdk-10.0.1\bin\java.exe
0x00007ffb1f8d0000 - 0x00007ffb1fab0000 	C:\WINDOWS\SYSTEM32\ntdll.dll
0x00007ffb1d2c0000 - 0x00007ffb1d36e000 	C:\WINDOWS\System32\KERNEL32.DLL
0x00007ffb1bda0000 - 0x00007ffb1c006000 	C:\WINDOWS\System32\KERNELBASE.dll
0x00007ffb1d080000 - 0x00007ffb1d121000 	C:\WINDOWS\System32\ADVAPI32.dll
0x00007ffb1f290000 - 0x00007ffb1f32d000 	C:\WINDOWS\System32\msvcrt.dll
0x00007ffb1cda0000 - 0x00007ffb1cdfb000 	C:\WINDOWS\System32\sechost.dll
0x00007ffb1f470000 - 0x00007ffb1f58f000 	C:\WINDOWS\System32\RPCRT4.dll
0x00007ffb1ea30000 - 0x00007ffb1ebbf000 	C:\WINDOWS\System32\USER32.dll
0x00007ffb1c9b0000 - 0x00007ffb1c9d0000 	C:\WINDOWS\System32\win32u.dll
0x00007ffb1e9f0000 - 0x00007ffb1ea18000 	C:\WINDOWS\System32\GDI32.dll
0x00007ffb1c010000 - 0x00007ffb1c1a3000 	C:\WINDOWS\System32\gdi32full.dll
0x00007ffb1cb30000 - 0x00007ffb1cbcb000 	C:\WINDOWS\System32\msvcp_win.dll
0x00007ffb1c9d0000 - 0x00007ffb1cac6000 	C:\WINDOWS\System32\ucrtbase.dll
0x00007ffb0a740000 - 0x00007ffb0a9a9000 	C:\WINDOWS\WinSxS\amd64_microsoft.windows.common-controls_6595b64144ccf1df_6.0.16299.431_none_15c7d3ee93659e73\COMCTL32.dll
0x00007ffb1f590000 - 0x00007ffb1f898000 	C:\WINDOWS\System32\combase.dll
0x00007ffb1bcd0000 - 0x00007ffb1bd42000 	C:\WINDOWS\System32\bcryptPrimitives.dll
0x00007ffb0c7e0000 - 0x00007ffb0c7ea000 	C:\WINDOWS\SYSTEM32\VERSION.dll
0x00007ffb1d370000 - 0x00007ffb1d39d000 	C:\WINDOWS\System32\IMM32.DLL
0x00007ffad7930000 - 0x00007ffad7a1f000 	C:\Program Files\Java\jdk-10.0.1\bin\msvcr120.dll
0x00007ffad74f0000 - 0x00007ffad7596000 	C:\Program Files\Java\jdk-10.0.1\bin\msvcp120.dll
0x000000006e900000 - 0x000000006f370000 	C:\Program Files\Java\jdk-10.0.1\bin\server\jvm.dll
0x00007ffb1d2b0000 - 0x00007ffb1d2b8000 	C:\WINDOWS\System32\PSAPI.DLL
0x00007ffaffee0000 - 0x00007ffaffee9000 	C:\WINDOWS\SYSTEM32\WSOCK32.dll
0x00007ffb1f400000 - 0x00007ffb1f46c000 	C:\WINDOWS\System32\WS2_32.dll
0x00007ffb17bd0000 - 0x00007ffb17bf3000 	C:\WINDOWS\SYSTEM32\WINMM.dll
0x00007ffb178a0000 - 0x00007ffb178ca000 	C:\WINDOWS\SYSTEM32\WINMMBASE.dll
0x00007ffb1bd50000 - 0x00007ffb1bd9a000 	C:\WINDOWS\System32\cfgmgr32.dll
0x00007ffb06030000 - 0x00007ffb0603f000 	C:\Program Files\Java\jdk-10.0.1\bin\verify.dll
0x00007ffb18400000 - 0x00007ffb185c8000 	C:\WINDOWS\SYSTEM32\DBGHELP.DLL
0x00007ffaea2f0000 - 0x00007ffaea319000 	C:\WINDOWS\SYSTEM32\dbgcore.DLL
0x00007ffafbb70000 - 0x00007ffafbb97000 	C:\Program Files\Java\jdk-10.0.1\bin\java.dll
0x00007ffaef6f0000 - 0x00007ffaef71a000 	C:\Program Files\Java\jdk-10.0.1\bin\instrument.dll
0x00007ffaf5a90000 - 0x00007ffaf5aa6000 	C:\Program Files\Java\jdk-10.0.1\bin\zip.dll
0x00007ffb05900000 - 0x00007ffb0590a000 	C:\Program Files\Java\jdk-10.0.1\bin\jimage.dll
0x00007ffb1d5b0000 - 0x00007ffb1e9e8000 	C:\WINDOWS\System32\SHELL32.dll
0x00007ffb1ce60000 - 0x00007ffb1cf06000 	C:\WINDOWS\System32\shcore.dll
0x00007ffb1c260000 - 0x00007ffb1c9a7000 	C:\WINDOWS\System32\windows.storage.dll
0x00007ffb1d020000 - 0x00007ffb1d071000 	C:\WINDOWS\System32\shlwapi.dll
0x00007ffb1bc60000 - 0x00007ffb1bc71000 	C:\WINDOWS\System32\kernel.appcore.dll
0x00007ffb1bc80000 - 0x00007ffb1bccc000 	C:\WINDOWS\System32\powrprof.dll
0x00007ffb1bc20000 - 0x00007ffb1bc3b000 	C:\WINDOWS\System32\profapi.dll
0x00007ffaf16c0000 - 0x00007ffaf16da000 	C:\Program Files\Java\jdk-10.0.1\bin\net.dll
0x00007ffb1a1b0000 - 0x00007ffb1a28e000 	C:\WINDOWS\SYSTEM32\WINHTTP.dll
0x00007ffb1b450000 - 0x00007ffb1b4b6000 	C:\WINDOWS\system32\mswsock.dll
0x00007ffaef5b0000 - 0x00007ffaef5c1000 	C:\Program Files\Java\jdk-10.0.1\bin\nio.dll
0x00007ffaeebd0000 - 0x00007ffaeebea000 	C:\Users\Retizex\AppData\Roaming\JetBrains\IntelliJ IDEA 2018.1.1\bin\breakgen64.dll
0x00007ffad5060000 - 0x00007ffad51fb000 	C:\Program Files\Java\jdk-10.0.1\bin\awt.dll
0x00007ffb1f330000 - 0x00007ffb1f3f5000 	C:\WINDOWS\System32\OLEAUT32.dll
0x00007ffb18ef0000 - 0x00007ffb194a8000 	C:\WINDOWS\SYSTEM32\d2d1.dll
0x00007ffb1cbd0000 - 0x00007ffb1cd9e000 	C:\WINDOWS\System32\CRYPT32.dll
0x00007ffb1bc40000 - 0x00007ffb1bc52000 	C:\WINDOWS\System32\MSASN1.dll
0x00007ffb19ad0000 - 0x00007ffb19b58000 	C:\WINDOWS\SYSTEM32\apphelp.dll
0x00007ffb19eb0000 - 0x00007ffb19eda000 	C:\WINDOWS\system32\DWMAPI.DLL
0x00007ffb19de0000 - 0x00007ffb19e75000 	C:\WINDOWS\system32\uxtheme.dll
0x00007ffaf95e0000 - 0x00007ffaf96fe000 	C:\WINDOWS\system32\opengl32.dll
0x00007ffaf99e0000 - 0x00007ffaf9a0c000 	C:\WINDOWS\SYSTEM32\GLU32.dll
0x00007ffb1d3a0000 - 0x00007ffb1d507000 	C:\WINDOWS\System32\MSCTF.dll
0x00007ffafd3a0000 - 0x00007ffafd449000 	C:\Program Files\Common Files\microsoft shared\ink\tiptsf.dll
0x00007ffb1d140000 - 0x00007ffb1d289000 	C:\WINDOWS\System32\ole32.dll
0x00007ffaeb6c0000 - 0x00007ffaeb725000 	C:\Program Files\Java\jdk-10.0.1\bin\fontmanager.dll
0x00007ffad9a50000 - 0x00007ffad9a92000 	C:\Program Files\Java\jdk-10.0.1\bin\t2k.dll
0x00007ffb1d510000 - 0x00007ffb1d5ae000 	C:\WINDOWS\System32\clbcatq.dll
0x00007ffb16100000 - 0x00007ffb162ab000 	C:\WINDOWS\SYSTEM32\WindowsCodecs.dll
0x00007ffaf7ed0000 - 0x00007ffaf7f1f000 	C:\WINDOWS\system32\dataexchange.dll
0x00007ffb18c00000 - 0x00007ffb18ee2000 	C:\WINDOWS\system32\d3d11.dll
0x00007ffb19590000 - 0x00007ffb196d2000 	C:\WINDOWS\system32\dcomp.dll
0x00007ffb1aa80000 - 0x00007ffb1ab2f000 	C:\WINDOWS\system32\dxgi.dll
0x00007ffb19fa0000 - 0x00007ffb1a11b000 	C:\WINDOWS\system32\twinapi.appcore.dll
0x00007ffb1a120000 - 0x00007ffb1a140000 	C:\WINDOWS\system32\RMCLIENT.dll
0x00007ffb1b720000 - 0x00007ffb1b745000 	C:\WINDOWS\system32\bcrypt.dll
0x00007ffb0e450000 - 0x00007ffb0e4e8000 	C:\WINDOWS\System32\TextInputFramework.dll
0x00007ffb15cb0000 - 0x00007ffb15f9e000 	C:\WINDOWS\System32\CoreUIComponents.dll
0x00007ffb194b0000 - 0x00007ffb1958c000 	C:\WINDOWS\System32\CoreMessaging.dll
0x00007ffb1ad50000 - 0x00007ffb1ad81000 	C:\WINDOWS\SYSTEM32\ntmarta.dll
0x00007ffb176a0000 - 0x00007ffb177d6000 	C:\WINDOWS\SYSTEM32\wintypes.dll
0x00007ffb0c8f0000 - 0x00007ffb0caf6000 	C:\Windows\System32\uiautomationcore.dll
0x00007ffb1ba80000 - 0x00007ffb1bb1a000 	C:\WINDOWS\SYSTEM32\sxs.dll
0x00007ffb0a9b0000 - 0x00007ffb0aa1e000 	C:\Windows\System32\OLEACC.dll
0x00007ffafd6b0000 - 0x00007ffafd731000 	C:\WINDOWS\SYSTEM32\twinapi.dll
0x0000000180000000 - 0x0000000180025000 	C:\Windows\System32\rxtxSerial.dll

dbghelp: loaded successfully - version: 4.0.5 - missing functions: none
symbol engine: initialized successfully - sym options: 0x614 - pdb path: .;C:\Program Files\Java\jdk-10.0.1\bin;C:\WINDOWS\SYSTEM32;C:\WINDOWS\WinSxS\amd64_microsoft.windows.common-controls_6595b64144ccf1df_6.0.16299.431_none_15c7d3ee93659e73;C:\Program Files\Java\jdk-10.0.1\bin\server;C:\Users\Retizex\AppData\Roaming\JetBrains\IntelliJ IDEA 2018.1.1\bin;C:\Program Files\Common Files\microsoft shared\ink

VM Arguments:
jvm_args: -javaagent:C:\Users\Retizex\AppData\Roaming\JetBrains\IntelliJ IDEA 2018.1.1\lib\idea_rt.jar=61015:C:\Users\Retizex\AppData\Roaming\JetBrains\IntelliJ IDEA 2018.1.1\bin -Dfile.encoding=UTF-8 
java_command: Controller
java_class_path (initial): C:\Users\Retizex\Documents\GitHub\nustarselectrica\Radio\out\production\Radio;C:\Users\Retizex\.ivy2\cache\org.scala-lang\scala-library\jars\scala-library-2.12.4.jar;C:\Users\Retizex\.ivy2\cache\org.scala-lang\scala-reflect\jars\scala-reflect-2.12.4.jar;C:\Users\Retizex\.ivy2\cache\org.scala-lang\scala-library\srcs\scala-library-2.12.4-sources.jar;C:\Users\Retizex\.ivy2\cache\org.scala-lang\scala-reflect\srcs\scala-reflect-2.12.4-sources.jar;C:\Users\Retizex\Documents\GitHub\nustarselectrica\Radio\libs\android-sdk-5.1.1.jar;C:\Users\Retizex\Documents\GitHub\nustarselectrica\Radio\libs\android-sdk-addon-3.jar;C:\Users\Retizex\Documents\GitHub\nustarselectrica\Radio\libs\rxtx-2.2.jar;C:\Users\Retizex\Documents\GitHub\nustarselectrica\Radio\libs\xbee-java-library-1.2.1.jar;C:\Users\Retizex\Documents\GitHub\nustarselectrica\Radio\libs\slf4j-api-1.7.12.jar;C:\Users\Retizex\Documents\GitHub\nustarselectrica\Radio\libs\slf4j-nop-1.7.12.jar
Launcher Type: SUN_STANDARD

Logging:
Log output configuration:
#0: stdout all=warning uptime,level,tags
#1: stderr all=off uptime,level,tags

Environment Variables:
PATH=C:\WINDOWS;C:\WINDOWS;C:\Program Files (x86)\Common Files\Oracle\Java\javapath;C:\ProgramData\Oracle\Java\javapath;C:\WINDOWS\system32;C:\WINDOWS;C:\WINDOWS\System32\Wbem;C:\WINDOWS\System32\WindowsPowerShell\v1.0\;C:\Program Files\Intel\WiFi\bin\;C:\Program Files\Common Files\Intel\WirelessCommon\;C:\Program Files\PuTTY\;C:\Program Files (x86)\Skype\Phone\;C:\Program Files\MATLAB\R2017b\bin;C:\Android;C:\Windows\System32;C:\Program Files\MiKTeX 2.9\miktex\bin\x64\;C:\Users\Retizex\AppData\Local\Programs\Python\Python36\Scripts\;C:\Users\Retizex\AppData\Local\Programs\Python\Python36\;C:\Program Files\Intel\WiFi\bin\;C:\Program Files\Common Files\Intel\WirelessCommon\;C:\Users\Retizex\AppData\Local\Microsoft\WindowsApps;C:\Users\Retizex\AppData\Local\GitHubDesktop\bin;
USERNAME=Retizex
OS=Windows_NT
PROCESSOR_IDENTIFIER=Intel64 Family 6 Model 142 Stepping 9, GenuineIntel



---------------  S Y S T E M  ---------------

OS: Windows 10 , 64 bit Build 16299 (10.0.16299.431)

CPU:total 4 (initial active 4) (2 cores per cpu, 2 threads per core) family 6 model 142 stepping 9, cmov, cx8, fxsr, mmx, sse, sse2, sse3, ssse3, sse4.1, sse4.2, popcnt, avx, avx2, aes, clmul, erms, 3dnowpref, lzcnt, ht, tsc, tscinvbit, bmi1, bmi2, adx, fma

Memory: 4k page, physical 8239880k(1286604k free), swap 11516680k(1417728k free)

vm_info: Java HotSpot(TM) 64-Bit Server VM (10.0.1+10) for windows-amd64 JRE (10.0.1+10), built on Mar 27 2018 02:27:48 by "mach5one" with MS VC++ 12.0 (VS2013)

END.
