#
# A fatal error has been detected by the Java Runtime Environment:
#
#  EXCEPTION_ACCESS_VIOLATION (0xc0000005) at pc=0x00000001800051c0, pid=16052, tid=0x0000000000000a2c
#
# JRE version: Java(TM) SE Runtime Environment (8.0_151-b12) (build 1.8.0_151-b12)
# Java VM: Java HotSpot(TM) 64-Bit Server VM (25.151-b12 mixed mode windows-amd64 compressed oops)
# Problematic frame:
# C  [rxtxSerial.dll+0x51c0]
#
# Failed to write core dump. Minidumps are not enabled by default on client versions of Windows
#
# If you would like to submit a bug report, please visit:
#   http://bugreport.java.com/bugreport/crash.jsp
# The crash happened outside the Java Virtual Machine in native code.
# See problematic frame for where to report the bug.
#

---------------  T H R E A D  ---------------

Current thread (0x000000001cecd000):  JavaThread "Thread-3" [_thread_in_native, id=2604, stack(0x000000001f950000,0x000000001fa50000)]

siginfo: ExceptionCode=0xc0000005, writing address 0x000000001f74f248

Registers:
RAX=0x0000000000000010, RBX=0x0000000000000001, RCX=0x000000000255f87f, RDX=0x0000000000000000
RSP=0x000000001fa4f100, RBP=0x000000001cecd1f8, RSI=0x0000000000000007, RDI=0x0000000000000000
R8 =0x000000001fa4f058, R9 =0x000000001cecd1f8, R10=0x0000000000000000, R11=0x0000000000000246
R12=0x000000001f74f240, R13=0x0000000004c4af34, R14=0x0000000000000001, R15=0x000000000000000a
RIP=0x00000001800051c0, EFLAGS=0x0000000000010216

Top of Stack: (sp=0x000000001fa4f100)
0x000000001fa4f100:   000000001fa4f1e0 0000000000000000
0x000000001fa4f110:   0000000000000000 0000000000000000
0x000000001fa4f120:   247f4ab000000031 0000000000000001
0x000000001fa4f130:   000000001fa4f5e8 000000001fa4f538
0x000000001fa4f140:   0000e6a1089b6be7 000000001cecd1f8
0x000000001fa4f150:   000000001f74f240 0000000000000001
0x000000001fa4f160:   000000000000000a 0000000000000001
0x000000001fa4f170:   0000e6a1089b6aa7 0000000000000000
0x000000001fa4f180:   000000001cecd000 000000001fa4f220
0x000000001fa4f190:   0000000004c4af34 0000000000000000
0x000000001fa4f1a0:   00000001001d9780 00000000d8198200
0x000000001fa4f1b0:   000000001fa4f220 0000000004c4a439
0x000000001fa4f1c0:   000000001fa4f1c0 000000001df79eb8
0x000000001fa4f1d0:   000000001f7aa098 000000001df7a268
0x000000001fa4f1e0:   00000000d8198200 000000001df79f30
0x000000001fa4f1f0:   0000000000000000 000000001fa4f230 

Instructions: (pc=0x00000001800051c0)
0x00000001800051a0:   00 85 c0 0f 88 93 00 00 00 74 06 03 f8 2b d8 eb
0x00000001800051b0:   0a b9 e8 03 00 00 e8 55 0f 00 00 83 ff 01 7c b0
0x00000001800051c0:   45 89 74 24 08 85 ff 0f 89 cc 00 00 00 e8 aa 55
0x00000001800051d0:   00 00 8b 08 e8 bf 54 00 00 4c 8b 45 00 48 8d 15 


Register to memory mapping:

RAX=0x0000000000000010 is an unknown value
RBX=0x0000000000000001 is an unknown value
RCX=0x000000000255f87f is an unknown value
RDX=0x0000000000000000 is an unknown value
RSP=0x000000001fa4f100 is pointing into the stack for thread: 0x000000001cecd000
RBP=0x000000001cecd1f8 is an unknown value
RSI=0x0000000000000007 is an unknown value
RDI=0x0000000000000000 is an unknown value
R8 =0x000000001fa4f058 is pointing into the stack for thread: 0x000000001cecd000
R9 =0x000000001cecd1f8 is an unknown value
R10=0x0000000000000000 is an unknown value
R11=0x0000000000000246 is an unknown value
R12=0x000000001f74f240 is an unknown value
R13=0x0000000004c4af34 is at entry_point+596 in (nmethod*)0x0000000004c4aad0
R14=0x0000000000000001 is an unknown value
R15=0x000000000000000a is an unknown value


Stack: [0x000000001f950000,0x000000001fa50000],  sp=0x000000001fa4f100,  free space=1020k
Native frames: (J=compiled Java code, j=interpreted, Vv=VM code, C=native code)
C  [rxtxSerial.dll+0x51c0]
C  0x0000000004c4a439

Java frames: (J=compiled Java code, j=interpreted, Vv=VM code)
J 727  gnu.io.RXTXPort.readByte()I (0 bytes) @ 0x0000000004c4a3bb [0x0000000004c4a380+0x3b]
J 726 C1 gnu.io.RXTXPort$SerialInputStream.read()I (167 bytes) @ 0x0000000004c4b2ec [0x0000000004c4ace0+0x60c]
J 739 C1 com.digi.xbee.api.packet.XBeePacketParser.readByteFrom(Ljava/io/InputStream;I)I (64 bytes) @ 0x0000000004c52634 [0x0000000004c521e0+0x454]
J 738 C1 com.digi.xbee.api.packet.XBeePacketParser.readByte(Ljava/io/InputStream;Lcom/digi/xbee/api/models/OperatingMode;)I (138 bytes) @ 0x0000000004c5024c [0x0000000004c501a0+0xac]
j  com.digi.xbee.api.packet.XBeePacketParser.readBytes(Ljava/io/InputStream;Lcom/digi/xbee/api/models/OperatingMode;I)[B+21
j  com.digi.xbee.api.packet.XBeePacketParser.parsePacket(Ljava/io/InputStream;Lcom/digi/xbee/api/models/OperatingMode;)Lcom/digi/xbee/api/packet/XBeePacket;+81
j  com.digi.xbee.api.connection.DataReader.run()V+179
v  ~StubRoutines::call_stub

---------------  P R O C E S S  ---------------

Java Threads: ( => current thread )
=>0x000000001cecd000 JavaThread "Thread-3" [_thread_in_native, id=2604, stack(0x000000001f950000,0x000000001fa50000)]
  0x000000001cedb800 JavaThread "TimerQueue" daemon [_thread_blocked, id=3780, stack(0x000000001f450000,0x000000001f550000)]
  0x000000001cf6a800 JavaThread "AWT-EventQueue-0" [_thread_blocked, id=13328, stack(0x000000001dfc0000,0x000000001e0c0000)]
  0x000000001bcdb800 JavaThread "AWT-Windows" daemon [_thread_in_native, id=1500, stack(0x000000001c230000,0x000000001c330000)]
  0x000000001bbe2800 JavaThread "AWT-Shutdown" [_thread_blocked, id=12364, stack(0x000000001c130000,0x000000001c230000)]
  0x000000001bbf8800 JavaThread "Java2D Disposer" daemon [_thread_blocked, id=15552, stack(0x000000001c030000,0x000000001c130000)]
  0x000000001aca9800 JavaThread "Service Thread" daemon [_thread_blocked, id=9724, stack(0x000000001b380000,0x000000001b480000)]
  0x000000001ac44000 JavaThread "C1 CompilerThread2" daemon [_thread_blocked, id=4796, stack(0x000000001b280000,0x000000001b380000)]
  0x000000001ac3f800 JavaThread "C2 CompilerThread1" daemon [_thread_blocked, id=13300, stack(0x000000001b180000,0x000000001b280000)]
  0x000000001ac3c800 JavaThread "C2 CompilerThread0" daemon [_thread_blocked, id=6200, stack(0x000000001b080000,0x000000001b180000)]
  0x000000001ac31800 JavaThread "Monitor Ctrl-Break" daemon [_thread_in_native, id=6416, stack(0x000000001af80000,0x000000001b080000)]
  0x000000001943d800 JavaThread "Attach Listener" daemon [_thread_blocked, id=14672, stack(0x000000001aa80000,0x000000001ab80000)]
  0x000000001943c800 JavaThread "Signal Dispatcher" daemon [_thread_blocked, id=2088, stack(0x000000001a980000,0x000000001aa80000)]
  0x0000000004977800 JavaThread "Finalizer" daemon [_thread_blocked, id=5308, stack(0x000000001a690000,0x000000001a790000)]
  0x0000000004972000 JavaThread "Reference Handler" daemon [_thread_blocked, id=10752, stack(0x000000001a590000,0x000000001a690000)]
  0x0000000004883000 JavaThread "main" [_thread_blocked, id=15260, stack(0x0000000004670000,0x0000000004770000)]

Other Threads:
  0x0000000019407800 VMThread [stack: 0x000000001a490000,0x000000001a590000] [id=15132]
  0x000000001ad24800 WatcherThread [stack: 0x000000001b480000,0x000000001b580000] [id=3304]

VM state:not at safepoint (normal execution)

VM Mutex/Monitor currently owned by a thread: None

Heap:
 PSYoungGen      total 37888K, used 17521K [0x00000000d6180000, 0x00000000d8b80000, 0x0000000100000000)
  eden space 32768K, 37% used [0x00000000d6180000,0x00000000d6d9e450,0x00000000d8180000)
  from space 5120K, 99% used [0x00000000d8180000,0x00000000d867e1b0,0x00000000d8680000)
  to   space 5120K, 0% used [0x00000000d8680000,0x00000000d8680000,0x00000000d8b80000)
 ParOldGen       total 86016K, used 139K [0x0000000082400000, 0x0000000087800000, 0x00000000d6180000)
  object space 86016K, 0% used [0x0000000082400000,0x0000000082422ff0,0x0000000087800000)
 Metaspace       used 14663K, capacity 14886K, committed 15104K, reserved 1062912K
  class space    used 1928K, capacity 2017K, committed 2048K, reserved 1048576K

Card table byte_map: [0x0000000013d40000,0x0000000014130000] byte_map_base: 0x000000001392e000

Marking Bits: (ParMarkBitMap*) 0x00000000676fd850
 Begin Bits: [0x00000000147d0000, 0x0000000016740000)
 End Bits:   [0x0000000016740000, 0x00000000186b0000)

Polling page: 0x0000000002ab0000

CodeCache: size=245760Kb used=3164Kb max_used=3164Kb free=242595Kb
 bounds [0x0000000004980000, 0x0000000004ca0000, 0x0000000013980000]
 total_blobs=1352 nmethods=881 adapters=384
 compilation: enabled

Compilation events (10 events):
Event: 4.500 Thread 0x000000001ac44000  878       3       java.util.Formatter::<init> (18 bytes)
Event: 4.502 Thread 0x000000001ac44000 nmethod 878 0x0000000004c96f50 code [0x0000000004c97120, 0x0000000004c97858]
Event: 4.502 Thread 0x000000001ac44000  879       3       java.lang.StringBuilder::length (5 bytes)
Event: 4.502 Thread 0x000000001ac44000 nmethod 879 0x0000000004c97c10 code [0x0000000004c97d60, 0x0000000004c97ed0]
Event: 4.618 Thread 0x000000001ac44000  880       3       java.util.Formatter$FormatSpecifier::checkBadFlags (39 bytes)
Event: 4.619 Thread 0x000000001ac44000 nmethod 880 0x0000000004c97f50 code [0x0000000004c98100, 0x0000000004c98578]
Event: 4.619 Thread 0x000000001ac44000  881       3       java.util.concurrent.locks.AbstractQueuedSynchronizer::release (33 bytes)
Event: 4.619 Thread 0x000000001ac44000 nmethod 881 0x0000000004c98810 code [0x0000000004c98980, 0x0000000004c98c98]
Event: 4.619 Thread 0x000000001ac44000  882       3       java.lang.String::trim (77 bytes)
Event: 4.619 Thread 0x000000001ac44000 nmethod 882 0x0000000004c98d90 code [0x0000000004c98f20, 0x0000000004c993c8]

GC Heap History (2 events):
Event: 1.965 GC heap before
{Heap before GC invocations=1 (full 0):
 PSYoungGen      total 37888K, used 32768K [0x00000000d6180000, 0x00000000d8b80000, 0x0000000100000000)
  eden space 32768K, 100% used [0x00000000d6180000,0x00000000d8180000,0x00000000d8180000)
  from space 5120K, 0% used [0x00000000d8680000,0x00000000d8680000,0x00000000d8b80000)
  to   space 5120K, 0% used [0x00000000d8180000,0x00000000d8180000,0x00000000d8680000)
 ParOldGen       total 86016K, used 0K [0x0000000082400000, 0x0000000087800000, 0x00000000d6180000)
  object space 86016K, 0% used [0x0000000082400000,0x0000000082400000,0x0000000087800000)
 Metaspace       used 14559K, capacity 14758K, committed 14848K, reserved 1062912K
  class space    used 1926K, capacity 2017K, committed 2048K, reserved 1048576K
Event: 1.975 GC heap after
Heap after GC invocations=1 (full 0):
 PSYoungGen      total 37888K, used 5112K [0x00000000d6180000, 0x00000000d8b80000, 0x0000000100000000)
  eden space 32768K, 0% used [0x00000000d6180000,0x00000000d6180000,0x00000000d8180000)
  from space 5120K, 99% used [0x00000000d8180000,0x00000000d867e1b0,0x00000000d8680000)
  to   space 5120K, 0% used [0x00000000d8680000,0x00000000d8680000,0x00000000d8b80000)
 ParOldGen       total 86016K, used 139K [0x0000000082400000, 0x0000000087800000, 0x00000000d6180000)
  object space 86016K, 0% used [0x0000000082400000,0x0000000082422ff0,0x0000000087800000)
 Metaspace       used 14559K, capacity 14758K, committed 14848K, reserved 1062912K
  class space    used 1926K, capacity 2017K, committed 2048K, reserved 1048576K
}

Deoptimization events (3 events):
Event: 0.567 Thread 0x0000000004883000 Uncommon trap: reason=unstable_if action=reinterpret pc=0x0000000004b4652c method=java.lang.String.indexOf([CII[CIII)I @ 134
Event: 0.576 Thread 0x0000000004883000 Uncommon trap: reason=null_check action=make_not_entrant pc=0x0000000004b2d9dc method=java.lang.String.equals(Ljava/lang/Object;)Z @ 8
Event: 0.586 Thread 0x0000000004883000 Uncommon trap: reason=unstable_if action=reinterpret pc=0x0000000004ae1eb0 method=java.lang.String.startsWith(Ljava/lang/String;I)Z @ 25

Internal exceptions (10 events):
Event: 0.382 Thread 0x0000000004883000 Exception <a 'java/security/PrivilegedActionException'> (0x00000000d69f8a38) thrown at [C:\re\workspace\8-2-build-windows-amd64-cygwin\jdk8u151\9699\hotspot\src\share\vm\prims\jvm.cpp, line 1390]
Event: 0.387 Thread 0x0000000004883000 Exception <a 'java/security/PrivilegedActionException'> (0x00000000d69fc978) thrown at [C:\re\workspace\8-2-build-windows-amd64-cygwin\jdk8u151\9699\hotspot\src\share\vm\prims\jvm.cpp, line 1390]
Event: 0.387 Thread 0x0000000004883000 Exception <a 'java/security/PrivilegedActionException'> (0x00000000d69fcb88) thrown at [C:\re\workspace\8-2-build-windows-amd64-cygwin\jdk8u151\9699\hotspot\src\share\vm\prims\jvm.cpp, line 1390]
Event: 0.391 Thread 0x0000000004883000 Exception <a 'java/io/FileNotFoundException'> (0x00000000d6a051d0) thrown at [C:\re\workspace\8-2-build-windows-amd64-cygwin\jdk8u151\9699\hotspot\src\share\vm\prims\jni.cpp, line 709]
Event: 0.466 Thread 0x0000000004883000 Exception <a 'java/lang/NoSuchFieldError': method resolution failed> (0x00000000d6b31340) thrown at [C:\re\workspace\8-2-build-windows-amd64-cygwin\jdk8u151\9699\hotspot\src\share\vm\prims\methodHandles.cpp, line 1146]
Event: 0.469 Thread 0x0000000004883000 Exception <a 'java/lang/NoSuchFieldError': method resolution failed> (0x00000000d6b3f1b8) thrown at [C:\re\workspace\8-2-build-windows-amd64-cygwin\jdk8u151\9699\hotspot\src\share\vm\prims\methodHandles.cpp, line 1146]
Event: 0.544 Thread 0x0000000004883000 Exception <a 'java/io/FileNotFoundException'> (0x00000000d6d100d0) thrown at [C:\re\workspace\8-2-build-windows-amd64-cygwin\jdk8u151\9699\hotspot\src\share\vm\prims\jni.cpp, line 709]
Event: 0.576 Thread 0x0000000004883000 Implicit null exception at 0x0000000004b2d81a to 0x0000000004b2d9cd
Event: 1.114 Thread 0x0000000004883000 Exception <a 'java/io/FileNotFoundException'> (0x00000000d7b526f0) thrown at [C:\re\workspace\8-2-build-windows-amd64-cygwin\jdk8u151\9699\hotspot\src\share\vm\prims\jni.cpp, line 709]
Event: 1.254 Thread 0x0000000004883000 Exception <a 'java/io/FileNotFoundException'> (0x00000000d7b68e30) thrown at [C:\re\workspace\8-2-build-windows-amd64-cygwin\jdk8u151\9699\hotspot\src\share\vm\prims\jni.cpp, line 709]

Events (10 events):
Event: 4.619 Executing VM operation: RevokeBias
Event: 4.619 Executing VM operation: RevokeBias done
Event: 4.619 Thread 0x000000001cf40000 Thread exited: 0x000000001cf40000
Event: 4.619 Thread 0x000000001cf3e000 Thread added: 0x000000001cf3e000
Event: 4.619 Executing VM operation: RevokeBias
Event: 4.620 Executing VM operation: RevokeBias done
Event: 4.620 Thread 0x000000001cf3e000 Thread exited: 0x000000001cf3e000
Event: 4.620 loading class DataListener$
Event: 4.620 loading class DataListener$ done
Event: 4.627 Thread 0x000000001cf4b000 Thread exited: 0x000000001cf4b000


Dynamic libraries:
0x00007ff6bdb70000 - 0x00007ff6bdba7000 	C:\Program Files\Java\jdk1.8.0_151\bin\java.exe
0x00007ff8c9d60000 - 0x00007ff8c9f40000 	C:\WINDOWS\SYSTEM32\ntdll.dll
0x00007ff8c9080000 - 0x00007ff8c912e000 	C:\WINDOWS\System32\KERNEL32.DLL
0x00007ff8c62c0000 - 0x00007ff8c6526000 	C:\WINDOWS\System32\KERNELBASE.dll
0x00007ff8c91a0000 - 0x00007ff8c9241000 	C:\WINDOWS\System32\ADVAPI32.dll
0x00007ff8c7680000 - 0x00007ff8c771d000 	C:\WINDOWS\System32\msvcrt.dll
0x00007ff8c7230000 - 0x00007ff8c728b000 	C:\WINDOWS\System32\sechost.dll
0x00007ff8c7430000 - 0x00007ff8c754f000 	C:\WINDOWS\System32\RPCRT4.dll
0x00007ff8c9260000 - 0x00007ff8c93ef000 	C:\WINDOWS\System32\USER32.dll
0x00007ff8c7210000 - 0x00007ff8c7230000 	C:\WINDOWS\System32\win32u.dll
0x00007ff8c78f0000 - 0x00007ff8c7918000 	C:\WINDOWS\System32\GDI32.dll
0x00007ff8c6800000 - 0x00007ff8c6993000 	C:\WINDOWS\System32\gdi32full.dll
0x00007ff8c6a20000 - 0x00007ff8c6abb000 	C:\WINDOWS\System32\msvcp_win.dll
0x00007ff8c6530000 - 0x00007ff8c6626000 	C:\WINDOWS\System32\ucrtbase.dll
0x00007ff8b1a10000 - 0x00007ff8b1c79000 	C:\WINDOWS\WinSxS\amd64_microsoft.windows.common-controls_6595b64144ccf1df_6.0.16299.371_none_15c7d1789365a290\COMCTL32.dll
0x00007ff8c9a20000 - 0x00007ff8c9d28000 	C:\WINDOWS\System32\combase.dll
0x00007ff8c69a0000 - 0x00007ff8c6a12000 	C:\WINDOWS\System32\bcryptPrimitives.dll
0x00007ff8c7a90000 - 0x00007ff8c7abd000 	C:\WINDOWS\System32\IMM32.DLL
0x0000000067780000 - 0x0000000067852000 	C:\Program Files\Java\jdk1.8.0_151\jre\bin\msvcr100.dll
0x0000000066ee0000 - 0x000000006777d000 	C:\Program Files\Java\jdk1.8.0_151\jre\bin\server\jvm.dll
0x00007ff8c9250000 - 0x00007ff8c9258000 	C:\WINDOWS\System32\PSAPI.DLL
0x00007ff8b0700000 - 0x00007ff8b0709000 	C:\WINDOWS\SYSTEM32\WSOCK32.dll
0x00007ff8c9130000 - 0x00007ff8c919c000 	C:\WINDOWS\System32\WS2_32.dll
0x00007ff8c1e10000 - 0x00007ff8c1e33000 	C:\WINDOWS\SYSTEM32\WINMM.dll
0x00007ff8b9640000 - 0x00007ff8b964a000 	C:\WINDOWS\SYSTEM32\VERSION.dll
0x00007ff8c1dc0000 - 0x00007ff8c1dea000 	C:\WINDOWS\SYSTEM32\WINMMBASE.dll
0x00007ff8c6160000 - 0x00007ff8c61aa000 	C:\WINDOWS\System32\cfgmgr32.dll
0x00000000681f0000 - 0x00000000681ff000 	C:\Program Files\Java\jdk1.8.0_151\jre\bin\verify.dll
0x00000000681c0000 - 0x00000000681e9000 	C:\Program Files\Java\jdk1.8.0_151\jre\bin\java.dll
0x0000000068130000 - 0x0000000068153000 	C:\Program Files\Java\jdk1.8.0_151\jre\bin\instrument.dll
0x00000000681a0000 - 0x00000000681b6000 	C:\Program Files\Java\jdk1.8.0_151\jre\bin\zip.dll
0x00007ff8c7ac0000 - 0x00007ff8c8ef6000 	C:\WINDOWS\System32\SHELL32.dll
0x00007ff8c93f0000 - 0x00007ff8c9496000 	C:\WINDOWS\System32\shcore.dll
0x00007ff8c6ac0000 - 0x00007ff8c7207000 	C:\WINDOWS\System32\windows.storage.dll
0x00007ff8c7920000 - 0x00007ff8c7971000 	C:\WINDOWS\System32\shlwapi.dll
0x00007ff8c60d0000 - 0x00007ff8c60e1000 	C:\WINDOWS\System32\kernel.appcore.dll
0x00007ff8c60f0000 - 0x00007ff8c613c000 	C:\WINDOWS\System32\powrprof.dll
0x00007ff8c60b0000 - 0x00007ff8c60cb000 	C:\WINDOWS\System32\profapi.dll
0x00007ff8af850000 - 0x00007ff8af86a000 	C:\Users\Retizex\AppData\Roaming\JetBrains\IntelliJ IDEA 2018.1.1\bin\breakgen64.dll
0x0000000068180000 - 0x000000006819a000 	C:\Program Files\Java\jdk1.8.0_151\jre\bin\net.dll
0x00007ff8c5590000 - 0x00007ff8c55f6000 	C:\WINDOWS\system32\mswsock.dll
0x0000000066c60000 - 0x0000000066df8000 	C:\Program Files\Java\jdk1.8.0_151\jre\bin\awt.dll
0x00007ff8c75b0000 - 0x00007ff8c7675000 	C:\WINDOWS\System32\OLEAUT32.dll
0x00007ff8c36c0000 - 0x00007ff8c3748000 	C:\WINDOWS\SYSTEM32\apphelp.dll
0x00007ff8c39f0000 - 0x00007ff8c3a1a000 	C:\WINDOWS\system32\DWMAPI.DLL
0x00007ff8c3920000 - 0x00007ff8c39b5000 	C:\WINDOWS\system32\uxtheme.dll
0x00007ff8a2ff0000 - 0x00007ff8a310e000 	C:\WINDOWS\system32\opengl32.dll
0x00007ff8a4320000 - 0x00007ff8a434c000 	C:\WINDOWS\SYSTEM32\GLU32.dll
0x00007ff8c8f10000 - 0x00007ff8c9077000 	C:\WINDOWS\System32\MSCTF.dll
0x00007ff8a5cf0000 - 0x00007ff8a5d99000 	C:\Program Files\Common Files\microsoft shared\ink\tiptsf.dll
0x00007ff8c7780000 - 0x00007ff8c78c9000 	C:\WINDOWS\System32\ole32.dll
0x00000000680e0000 - 0x0000000068127000 	C:\Program Files\Java\jdk1.8.0_151\jre\bin\fontmanager.dll
0x00007ff8c94a0000 - 0x00007ff8c953e000 	C:\WINDOWS\System32\clbcatq.dll
0x00007ff8c06f0000 - 0x00007ff8c089b000 	C:\WINDOWS\SYSTEM32\WindowsCodecs.dll
0x00007ff8a22f0000 - 0x00007ff8a233f000 	C:\WINDOWS\system32\dataexchange.dll
0x00007ff8c2800000 - 0x00007ff8c2ae2000 	C:\WINDOWS\system32\d3d11.dll
0x00007ff8c3190000 - 0x00007ff8c32d2000 	C:\WINDOWS\system32\dcomp.dll
0x00007ff8c45c0000 - 0x00007ff8c466f000 	C:\WINDOWS\system32\dxgi.dll
0x00007ff8c3b30000 - 0x00007ff8c3cab000 	C:\WINDOWS\system32\twinapi.appcore.dll
0x00007ff8c3ae0000 - 0x00007ff8c3b00000 	C:\WINDOWS\system32\RMCLIENT.dll
0x00007ff8c5b10000 - 0x00007ff8c5b35000 	C:\WINDOWS\system32\bcrypt.dll
0x0000000068160000 - 0x0000000068171000 	C:\Program Files\Java\jdk1.8.0_151\jre\bin\nio.dll
0x0000000066c10000 - 0x0000000066c52000 	C:\Program Files\Java\jdk1.8.0_151\jre\bin\t2k.dll
0x00007ff8b8920000 - 0x00007ff8b89b8000 	C:\WINDOWS\System32\TextInputFramework.dll
0x00007ff8c30b0000 - 0x00007ff8c318c000 	C:\WINDOWS\System32\CoreMessaging.dll
0x00007ff8bff40000 - 0x00007ff8c022e000 	C:\WINDOWS\System32\CoreUIComponents.dll
0x00007ff8c1220000 - 0x00007ff8c1356000 	C:\WINDOWS\SYSTEM32\wintypes.dll
0x00007ff8c4e90000 - 0x00007ff8c4ec1000 	C:\WINDOWS\SYSTEM32\ntmarta.dll
0x00007ff8b7670000 - 0x00007ff8b7876000 	C:\Windows\System32\uiautomationcore.dll
0x0000000180000000 - 0x0000000180025000 	C:\Windows\System32\rxtxSerial.dll
0x00007ff8c5f10000 - 0x00007ff8c5faa000 	C:\WINDOWS\SYSTEM32\sxs.dll
0x00007ff8b5220000 - 0x00007ff8b528e000 	C:\Windows\System32\OLEACC.dll
0x00007ff8a5ff0000 - 0x00007ff8a6071000 	C:\WINDOWS\SYSTEM32\twinapi.dll
0x00007ff8c5bb0000 - 0x00007ff8c5d78000 	C:\WINDOWS\SYSTEM32\dbghelp.dll

VM Arguments:
jvm_args: -javaagent:C:\Users\Retizex\AppData\Roaming\JetBrains\IntelliJ IDEA 2018.1.1\lib\idea_rt.jar=64799:C:\Users\Retizex\AppData\Roaming\JetBrains\IntelliJ IDEA 2018.1.1\bin -Dfile.encoding=UTF-8 
java_command: Terminal
java_class_path (initial): C:\Program Files\Java\jdk1.8.0_151\jre\lib\charsets.jar;C:\Program Files\Java\jdk1.8.0_151\jre\lib\deploy.jar;C:\Program Files\Java\jdk1.8.0_151\jre\lib\ext\access-bridge-64.jar;C:\Program Files\Java\jdk1.8.0_151\jre\lib\ext\cldrdata.jar;C:\Program Files\Java\jdk1.8.0_151\jre\lib\ext\dnsns.jar;C:\Program Files\Java\jdk1.8.0_151\jre\lib\ext\jaccess.jar;C:\Program Files\Java\jdk1.8.0_151\jre\lib\ext\jfxrt.jar;C:\Program Files\Java\jdk1.8.0_151\jre\lib\ext\localedata.jar;C:\Program Files\Java\jdk1.8.0_151\jre\lib\ext\nashorn.jar;C:\Program Files\Java\jdk1.8.0_151\jre\lib\ext\sunec.jar;C:\Program Files\Java\jdk1.8.0_151\jre\lib\ext\sunjce_provider.jar;C:\Program Files\Java\jdk1.8.0_151\jre\lib\ext\sunmscapi.jar;C:\Program Files\Java\jdk1.8.0_151\jre\lib\ext\sunpkcs11.jar;C:\Program Files\Java\jdk1.8.0_151\jre\lib\ext\zipfs.jar;C:\Program Files\Java\jdk1.8.0_151\jre\lib\javaws.jar;C:\Program Files\Java\jdk1.8.0_151\jre\lib\jce.jar;C:\Program Files\Java\jdk1.8.0_151\jre\lib\jfr.jar;C:\Program Files\Java\jdk1.8.0_151\jre\lib\jfxswt.jar;C:\Program Files\Java\jdk1.8.0_151\jre\lib\jsse.jar;C:\Program Files\Java\jdk1.8.0_151\jre\lib\management-agent.jar;C:\Program Files\Java\jdk1.8.0_151\jre\lib\plugin.jar;C:\Program Files\Java\jdk1.8.0_151\jre\lib\resources.jar;C:\Program Files\Java\jdk1.8.0_151\jre\lib\rt.jar;C:\Users\Retizex\Documents\GitHub\nustarselectrica\Radio\out\production\Radio;C:\Users\Retizex\.ivy2\cache\org.scala-lang\scala-library\jars\scala-library-2.12.4.jar;C:\Users\Retizex\.ivy2\cache\org.scala-lang\scala-reflect\jars\scala-reflect-2.12.4.jar;C:\Users\Retizex\.ivy2\cache\org.scala-lang\scala-library\srcs\scala-library-2.12.4-sources.jar;C:\Users\Retizex\.ivy2\cache\org.scala-lang\scala-reflect\srcs\scala-reflect-2.12.4-sources.jar;C:\Users\Retizex\Documents\GitHub\nustarselectrica\Radio\libs\android-sdk-5.1.1.jar;C:\Users\Retizex\Documents\GitHub\nustarselectrica\Radio\libs\android-sdk-addon-3.jar;C:\Users\Retizex\Documents\GitHub
Launcher Type: SUN_STANDARD

Environment Variables:
PATH=C:\WINDOWS;C:\WINDOWS;C:\WINDOWS;C:\Program Files (x86)\Common Files\Oracle\Java\javapath;C:\ProgramData\Oracle\Java\javapath;C:\WINDOWS\system32;C:\WINDOWS;C:\WINDOWS\System32\Wbem;C:\WINDOWS\System32\WindowsPowerShell\v1.0\;C:\Program Files\Intel\WiFi\bin\;C:\Program Files\Common Files\Intel\WirelessCommon\;C:\Program Files\PuTTY\;C:\Program Files (x86)\Skype\Phone\;C:\Program Files\MATLAB\R2017b\bin;C:\Android;C:\Windows\System32;C:\Program Files\MiKTeX 2.9\miktex\bin\x64\;C:\Users\Retizex\AppData\Local\Programs\Python\Python36\Scripts\;C:\Users\Retizex\AppData\Local\Programs\Python\Python36\;C:\Program Files\Intel\WiFi\bin\;C:\Program Files\Common Files\Intel\WirelessCommon\;C:\Users\Retizex\AppData\Local\Microsoft\WindowsApps;C:\Users\Retizex\AppData\Local\GitHubDesktop\bin;
USERNAME=Retizex
OS=Windows_NT
PROCESSOR_IDENTIFIER=Intel64 Family 6 Model 142 Stepping 9, GenuineIntel



---------------  S Y S T E M  ---------------

OS: Windows 10.0 , 64 bit Build 16299 (10.0.16299.15)

CPU:total 4 (initial active 4) (2 cores per cpu, 2 threads per core) family 6 model 142 stepping 9, cmov, cx8, fxsr, mmx, sse, sse2, sse3, ssse3, sse4.1, sse4.2, popcnt, avx, avx2, aes, clmul, erms, 3dnowpref, lzcnt, ht, tsc, tscinvbit, bmi1, bmi2, adx

Memory: 4k page, physical 8239884k(1597432k free), swap 15174364k(2626208k free)

vm_info: Java HotSpot(TM) 64-Bit Server VM (25.151-b12) for windows-amd64 JRE (1.8.0_151-b12), built on Sep  5 2017 19:33:46 by "java_re" with MS VC++ 10.0 (VS2010)

time: Tue May 08 20:31:19 2018
elapsed time: 4 seconds (0d 0h 0m 4s)

